xxxxxxxxxxxxxxxxxxxxxxxxxxxxxxxxxxxxxxxxxxxxxxxxxxxxxxxxxxxxxxxxxxxxxxxxxxxxxxxxxx
matrixcalc_AMD64 @ LAPTOP-Q07I429L # of staircase based cells: 0
                                   # of staircase based faces: 0, 0, 0
                                   # of staircase based edges: 0, 0, 0
                                   fill limit changes: falsemeshfill changed: true
xxxxxxxxxxxxxxxxxxxxxxxxxxxxxxxxxxxxxxxxxxxxxxxxxxxxxxxxxxxxxxxxxxxxxxxxxxxxxxxxxx
xxxxxxxxxxxxxxxxxxxxxxxxxxxxxxxxxxxxxxxxxxxxxxxxxxxxxxxxxxxxxxxxxxxxxxxxxxxxxxxxxx
matrixcalc_AMD64 @ LAPTOP-Q07I429L # of staircase based cells: 0
                                   # of staircase based faces: 0, 0, 0
                                   # of staircase based edges: 0, 0, 0
                                   fill limit changes: falsemeshfill changed: true
xxxxxxxxxxxxxxxxxxxxxxxxxxxxxxxxxxxxxxxxxxxxxxxxxxxxxxxxxxxxxxxxxxxxxxxxxxxxxxxxxx
xxxxxxxxxxxxxxxxxxxxxxxxxxxxxxxxxxxxxxxxxxxxxxxxxxxxxxxxxxxxxxxxxxxxxxxxxxxxxxxxxx
matrixcalc_AMD64 @ LAPTOP-Q07I429L # of staircase based cells: 0
                                   # of staircase based faces: 0, 0, 0
                                   # of staircase based edges: 0, 0, 0
                                   fill limit changes: falsemeshfill changed: true
xxxxxxxxxxxxxxxxxxxxxxxxxxxxxxxxxxxxxxxxxxxxxxxxxxxxxxxxxxxxxxxxxxxxxxxxxxxxxxxxxx
xxxxxxxxxxxxxxxxxxxxxxxxxxxxxxxxxxxxxxxxxxxxxxxxxxxxxxxxxxxxxxxxxxxxxxxxxxxxxxxxxx
matrixcalc_AMD64 @ LAPTOP-Q07I429L # of staircase based cells: 0
                                   # of staircase based faces: 0, 0, 0
                                   # of staircase based edges: 0, 0, 0
                                   fill limit changes: falsemeshfill changed: true
xxxxxxxxxxxxxxxxxxxxxxxxxxxxxxxxxxxxxxxxxxxxxxxxxxxxxxxxxxxxxxxxxxxxxxxxxxxxxxxxxx
xxxxxxxxxxxxxxxxxxxxxxxxxxxxxxxxxxxxxxxxxxxxxxxxxxxxxxxxxxxxxxxxxxxxxxxxxxxxxxxxxxxxxxxxxxx
matrixcalc_AMD64 @ LAPTOP-Q07I429L (1xN000) # of staircase based cells: 0
                                            # of staircase based faces: 0, 0, 0
                                            # of staircase based edges: 0, 0, 0
                                            fill limit changes: falsemeshfill changed: true
xxxxxxxxxxxxxxxxxxxxxxxxxxxxxxxxxxxxxxxxxxxxxxxxxxxxxxxxxxxxxxxxxxxxxxxxxxxxxxxxxxxxxxxxxxx


xxxxxxxxxxxxxxxxxxxxxxxxxxxxxxxxxxxxxxxxxxxxxxxxxxxxxxxxxxxxxxxxxxxxxxxxxxxxxxxxxxxxxxxxxxx
matrixcalc_AMD64 @ LAPTOP-Q07I429L (1xN001) # of staircase based cells: 0
                                            # of staircase based faces: 0, 0, 0
                                            # of staircase based edges: 0, 0, 0
                                            fill limit changes: falsemeshfill changed: true
xxxxxxxxxxxxxxxxxxxxxxxxxxxxxxxxxxxxxxxxxxxxxxxxxxxxxxxxxxxxxxxxxxxxxxxxxxxxxxxxxxxxxxxxxxx


xxxxxxxxxxxxxxxxxxxxxxxxxxxxxxxxxxxxxxxxxxxxxxxxxxxxxxxxxxxxxxxxxxxxxxxxxxxxxxxxxxxxxxxxxxx
matrixcalc_AMD64 @ LAPTOP-Q07I429L (1xN002) # of staircase based cells: 0
                                            # of staircase based faces: 0, 0, 0
                                            # of staircase based edges: 0, 0, 0
                                            fill limit changes: falsemeshfill changed: true
xxxxxxxxxxxxxxxxxxxxxxxxxxxxxxxxxxxxxxxxxxxxxxxxxxxxxxxxxxxxxxxxxxxxxxxxxxxxxxxxxxxxxxxxxxx


xxxxxxxxxxxxxxxxxxxxxxxxxxxxxxxxxxxxxxxxxxxxxxxxxxxxxxxxxxxxxxxxxxxxxxxxxxxxxxxxxxxxxxxxxxx
matrixcalc_AMD64 @ LAPTOP-Q07I429L (1xN003) # of staircase based cells: 0
                                            # of staircase based faces: 0, 0, 0
                                            # of staircase based edges: 0, 0, 0
                                            fill limit changes: falsemeshfill changed: true
xxxxxxxxxxxxxxxxxxxxxxxxxxxxxxxxxxxxxxxxxxxxxxxxxxxxxxxxxxxxxxxxxxxxxxxxxxxxxxxxxxxxxxxxxxx


