LAPTOP-Q07I429L: <<<<<<<<<<<<<<<<<<<<<<<<<<<
                 2021 Jun 03 (Thu): 11:47:56
                 <<<<<<<<<<<<<<<<<<<<<<<<<<<
                 
LAPTOP-Q07I429L: ===============================
                 Processing CAD model
                 Version 2014.0 (build 20140224)
                 2021 Jun 03 (Thu): 11:47:57
                 ===============================
                 
==================================================================================================
== CST Matrix Calculation Priority Log                                                          ==
==================================================================================================
 
Priorities are sorted in ascending order beginning with the lowest priority
 
Priority:   1, shape   4: component1:Sustrate, material: FR-4 (lossy)
Priority:   2, shape   1: component1:Ground 1, material: Copper (annealed)
Priority:   2, shape   2: component1:Ground 2, material: Copper (annealed)
Priority:   2, shape   3: component1:Patch, material: Copper (annealed)
 
==================================================================================================
 
LAPTOP-Q07I429L: =======================
                 Finished CAD processing
                 =======================
                 
LAPTOP-Q07I429L: >>>>>>>>>>>>>>>>>>>>>>>>>>>
                 2021 Jun 03 (Thu): 11:47:58
                 >>>>>>>>>>>>>>>>>>>>>>>>>>>
                 
LAPTOP-Q07I429L: <<<<<<<<<<<<<<<<<<<<<<<<<<<
                 2021 Jun 03 (Thu): 11:47:58
                 <<<<<<<<<<<<<<<<<<<<<<<<<<<
                 
LAPTOP-Q07I429L: ===============================
                 Port preparation
                 Version 2014.0 (build 20140224)
                 2021 Jun 03 (Thu): 11:47:59
                 ===============================
                 
LAPTOP-Q07I429L: ==========================
                 Finished port preparation.
                 ==========================
                 
LAPTOP-Q07I429L: >>>>>>>>>>>>>>>>>>>>>>>>>>>
                 2021 Jun 03 (Thu): 11:47:59
                 >>>>>>>>>>>>>>>>>>>>>>>>>>>
                 
LAPTOP-Q07I429L: <<<<<<<<<<<<<<<<<<<<<<<<<<<
                 2021 Jun 03 (Thu): 11:48:00
                 <<<<<<<<<<<<<<<<<<<<<<<<<<<
                 
LAPTOP-Q07I429L: ==============================
                 Mesher selection: manual: FPBA
                 ==============================
                 
LAPTOP-Q07I429L: =======================================
                 Matrix computation (FPBA)
                 	[FPBA accuracy enhancement is enabled]
                 Version 2014.0 (build 20140224)
                 2021 Jun 03 (Thu): 11:48:00
                 =======================================
                 
LAPTOP-Q07I429L: ==================================
                 Finished matrix computation (FPBA)
                 ==================================
                 
LAPTOP-Q07I429L: >>>>>>>>>>>>>>>>>>>>>>>>>>>
                 2021 Jun 03 (Thu): 11:48:01
                 >>>>>>>>>>>>>>>>>>>>>>>>>>>
                 
LAPTOP-Q07I429L: <<<<<<<<<<<<<<<<<<<<<<<<<<<
                 2021 Jun 03 (Thu): 11:48:04
                 <<<<<<<<<<<<<<<<<<<<<<<<<<<
                 
LAPTOP-Q07I429L: ==============================
                 Mesher selection: manual: FPBA
                 ==============================
                 
LAPTOP-Q07I429L: =======================================
                 Matrix computation (FPBA)
                 	[FPBA accuracy enhancement is enabled]
                 Version 2014.0 (build 20140224)
                 2021 Jun 03 (Thu): 11:48:04
                 =======================================
                 
LAPTOP-Q07I429L: ==================================
                 Finished matrix computation (FPBA)
                 ==================================
                 
LAPTOP-Q07I429L: >>>>>>>>>>>>>>>>>>>>>>>>>>>
                 2021 Jun 03 (Thu): 11:48:06
                 >>>>>>>>>>>>>>>>>>>>>>>>>>>
                 
LAPTOP-Q07I429L: <<<<<<<<<<<<<<<<<<<<<<<<<<<
                 2021 Jun 03 (Thu): 11:48:08
                 <<<<<<<<<<<<<<<<<<<<<<<<<<<
                 
LAPTOP-Q07I429L: ==============================
                 Mesher selection: manual: FPBA
                 ==============================
                 
LAPTOP-Q07I429L: =======================================
                 Matrix computation (FPBA)
                 	[FPBA accuracy enhancement is enabled]
                 Version 2014.0 (build 20140224)
                 2021 Jun 03 (Thu): 11:48:08
                 =======================================
                 
LAPTOP-Q07I429L: ==================================
                 Finished matrix computation (FPBA)
                 ==================================
                 
LAPTOP-Q07I429L: >>>>>>>>>>>>>>>>>>>>>>>>>>>
                 2021 Jun 03 (Thu): 11:48:12
                 >>>>>>>>>>>>>>>>>>>>>>>>>>>
                 
LAPTOP-Q07I429L: <<<<<<<<<<<<<<<<<<<<<<<<<<<
                 2021 Jun 03 (Thu): 11:48:14
                 <<<<<<<<<<<<<<<<<<<<<<<<<<<
                 
LAPTOP-Q07I429L: ==============================
                 Mesher selection: manual: FPBA
                 ==============================
                 
LAPTOP-Q07I429L: =======================================
                 Matrix computation (FPBA)
                 	[FPBA accuracy enhancement is enabled]
                 Version 2014.0 (build 20140224)
                 2021 Jun 03 (Thu): 11:48:14
                 =======================================
                 
LAPTOP-Q07I429L: ==================================
                 Finished matrix computation (FPBA)
                 ==================================
                 
LAPTOP-Q07I429L: >>>>>>>>>>>>>>>>>>>>>>>>>>>
                 2021 Jun 03 (Thu): 11:48:21
                 >>>>>>>>>>>>>>>>>>>>>>>>>>>
                 
LAPTOP-Q07I429L: <<<<<<<<<<<<<<<<<<<<<<<<<<<
                 2021 Jun 03 (Thu): 11:48:25
                 <<<<<<<<<<<<<<<<<<<<<<<<<<<
                 
LAPTOP-Q07I429L: ============================================================================
                 Mesher selection: automatic: FPBA [support advanced surface impedance setup]
                 ============================================================================
                 
LAPTOP-Q07I429L: ===============================
                 Processing CAD model
                 Version 2014.0 (build 20140224)
                 2021 Jun 03 (Thu): 11:48:26
                 ===============================
                 
LAPTOP-Q07I429L: =======================
                 Finished CAD processing
                 =======================
                 
LAPTOP-Q07I429L: 1xN000: <<<<<<<<<<<<<<<<<<<<<<<<<<<
                         2021 Jun 03 (Thu): 11:48:26
                         <<<<<<<<<<<<<<<<<<<<<<<<<<<

LAPTOP-Q07I429L: 1xN000: =======================================
                         Matrix computation (FPBA)
                         	[FPBA accuracy enhancement is enabled]
                         Version 2014.0 (build 20140224)
                         2021 Jun 03 (Thu): 11:48:26
                         =======================================

LAPTOP-Q07I429L: 1xN000: ==================================
                         Finished matrix computation (FPBA)
                         ==================================

LAPTOP-Q07I429L: 1xN000: >>>>>>>>>>>>>>>>>>>>>>>>>>>
                         2021 Jun 03 (Thu): 11:48:33
                         >>>>>>>>>>>>>>>>>>>>>>>>>>>



LAPTOP-Q07I429L: 1xN001: <<<<<<<<<<<<<<<<<<<<<<<<<<<
                         2021 Jun 03 (Thu): 11:48:26
                         <<<<<<<<<<<<<<<<<<<<<<<<<<<

LAPTOP-Q07I429L: 1xN001: =======================================
                         Matrix computation (FPBA)
                         	[FPBA accuracy enhancement is enabled]
                         Version 2014.0 (build 20140224)
                         2021 Jun 03 (Thu): 11:48:26
                         =======================================

LAPTOP-Q07I429L: 1xN001: ==================================
                         Finished matrix computation (FPBA)
                         ==================================

LAPTOP-Q07I429L: 1xN001: >>>>>>>>>>>>>>>>>>>>>>>>>>>
                         2021 Jun 03 (Thu): 11:48:33
                         >>>>>>>>>>>>>>>>>>>>>>>>>>>



LAPTOP-Q07I429L: 1xN002: <<<<<<<<<<<<<<<<<<<<<<<<<<<
                         2021 Jun 03 (Thu): 11:48:26
                         <<<<<<<<<<<<<<<<<<<<<<<<<<<

LAPTOP-Q07I429L: 1xN002: =======================================
                         Matrix computation (FPBA)
                         	[FPBA accuracy enhancement is enabled]
                         Version 2014.0 (build 20140224)
                         2021 Jun 03 (Thu): 11:48:26
                         =======================================

LAPTOP-Q07I429L: 1xN002: ==================================
                         Finished matrix computation (FPBA)
                         ==================================

LAPTOP-Q07I429L: 1xN002: >>>>>>>>>>>>>>>>>>>>>>>>>>>
                         2021 Jun 03 (Thu): 11:48:30
                         >>>>>>>>>>>>>>>>>>>>>>>>>>>



LAPTOP-Q07I429L: 1xN003: <<<<<<<<<<<<<<<<<<<<<<<<<<<
                         2021 Jun 03 (Thu): 11:48:26
                         <<<<<<<<<<<<<<<<<<<<<<<<<<<

LAPTOP-Q07I429L: 1xN003: =======================================
                         Matrix computation (FPBA)
                         	[FPBA accuracy enhancement is enabled]
                         Version 2014.0 (build 20140224)
                         2021 Jun 03 (Thu): 11:48:26
                         =======================================

LAPTOP-Q07I429L: 1xN003: ==================================
                         Finished matrix computation (FPBA)
                         ==================================

LAPTOP-Q07I429L: 1xN003: >>>>>>>>>>>>>>>>>>>>>>>>>>>
                         2021 Jun 03 (Thu): 11:48:35
                         >>>>>>>>>>>>>>>>>>>>>>>>>>>



LAPTOP-Q07I429L: >>>>>>>>>>>>>>>>>>>>>>>>>>>
                 2021 Jun 03 (Thu): 11:48:38
                 >>>>>>>>>>>>>>>>>>>>>>>>>>>
                 
