Defined reference frequency for open boundary condition (10.5 GHz) is larger
than the lowest relevant system frequency (monitor at 8.5 GHz).
Please check open boundary settings to ensure accurate monitor results for the
lowest frequency of interest.

--------------------------------------------------------------------------------
Build version: 2014.0 Release from 2014-02-24 (change 292355)

Starting adaptive port meshing.

--------------------------------------------------------------------------------
Mode calculation for port 2:

--------------------------------------------------------------------------------

--------------------------------------------------------------------------------

--------------------------------------------------------------------------------
  ------------------------------- F-Calc 10.5 --------------------------------
  Port   Mode   Type        Z-Wave        Z-Wave-Sigma  Z-Line        F-Cutoff
  2      1      QTEM        258           0.0149        77.7          ---
  ----------------------------------------------------------------------------

*** Warning ***

Some higher order propagating modes at port 2 are not considered in time domain
calculation. This possibly leads to an inaccurate energy balance. Consider to
increase the number of modes or decrease the upper frequency limit. More...

--------------------------------------------------------------------------------
Pass 1 successfully completed. 

--------------------------------------------------------------------------------

--------------------------------------------------------------------------------
  ------------------------------- F-Calc 10.5 --------------------------------
  Port   Mode   Type        Z-Wave        Z-Wave-Sigma  Z-Line        F-Cutoff
  2      1      QTEM        262           0.0254        79.8          ---
  ----------------------------------------------------------------------------

Pass 2 successfully completed. Delta (Line Imp.): 2.660981%

--------------------------------------------------------------------------------

--------------------------------------------------------------------------------
  ------------------------------- F-Calc 10.5 --------------------------------
  Port   Mode   Type        Z-Wave        Z-Wave-Sigma  Z-Line        F-Cutoff
  2      1      QTEM        265           0.0279        80.4          ---
  ----------------------------------------------------------------------------

Pass 3 successfully completed. Delta (Line Imp.): 0.724174%

--------------------------------------------------------------------------------

--------------------------------------------------------------------------------
  ------------------------------- F-Calc 10.5 --------------------------------
  Port   Mode   Type        Z-Wave        Z-Wave-Sigma  Z-Line        F-Cutoff
  2      1      QTEM        264           0.0236        80.6          ---
  ----------------------------------------------------------------------------

Pass 4 successfully completed. Delta (Line Imp.): 0.222520%
Adaptive port meshing finished. 

--------------------------------------------------------------------------------

Solver started at: 11:48 AM Thursday, 03. June 2021

  Module:  Time Domain: S-Parameter (Win 64)
  Version: 2014.0 Release from 2014-02-24 (change 292355)


--------------------------------------------------------------------------------

--------------------------------------------------------------------------------
======================================================================
 Solver cycle: 1
======================================================================

Stimulation at port 2 (mode 1) 


--------------------------------------------------------------------------------
Units settings: 

  Dimensions: mm
  Frequency:  GHz
  Time:       ns

--------------------------------------------------------------------------------
Mesh statistics:

   Hexahedral mesh type: FPBA [accuracy enhancement is enabled]

   Parallelization type: domain decomposition
      Number of parallel working threads: 4
      Number of calculation domains used: 4

   2021 Jun 03: 11:48:26: current system memory usage reached 70%
   2021 Jun 03: 11:48:27: current system memory usage reached 70%



--------------------------------------------------------------------------------
Boundary conditions: 

  YZsymmetry: none
  XZsymmetry: none
  XYsymmetry: none

  Xmin: expanded open, 4 Layer, depth 5.71033 mm
  Xmax: expanded open, 4 Layer, depth 5.71033 mm

  Ymin: expanded open, 4 Layer, depth 6.46042 mm
  Ymax: expanded open, 4 Layer, depth 5.71033 mm

  Zmin: expanded open, 4 Layer, depth 5.92222 mm
  Zmax: expanded open, 4 Layer, depth 5.71033 mm

  PML-Type: Convolution PML

--------------------------------------------------------------------------------
Frequency settings: 

  Fmin:    3
  Fmax:    18
  Nfsteps: 1001

--------------------------------------------------------------------------------
Waveguide boundaries:

Port: 2

  ------------------------------- F-Calc 10.5 --------------------------------
  Port   Mode   Type        Z-Wave        Z-Wave-Sigma  Z-Line        F-Cutoff
  2      1      QTEM        259           0.0207        80.6          ---
  ----------------------------------------------------------------------------

Field update statistics:

  Number of components in total: 	1300252
  Number of lossy metal components:	14603
  Number of disp. elements:		90889

Subcycling state:      Automatically deactivated

--------------------------------------------------------------------------------

--------------------------------------------------------------------------------
Broadband farfield monitor expansion origin: 
   x: 0
   y: 0
   z: 3

--------------------------------------------------------------------------------
Broadband farfield monitor: Using order 17. (323 farfield modes.)

--------------------------------------------------------------------------------

--------------------------------------------------------------------------------
Steady state energy criterion met, solver finished successfully.

--------------------------------------------------------------------------------
Frequency domain results normalized to default signal.

--------------------------------------------------------------------------------

  ----------------------------------------------------------------------------
                      Peak memory used (kB)         Free physical memory (kB) 
                                                    At begin     Minimum      
  ----------------------------------------------------------------------------
  Matrices calc.      244476                        2649680      2496304      
  Solver run total    1014888                       2753368      1800520      
  ----------------------------------------------------------------------------

--------------------------------------------------------------------------------
Solver Statistics:

  Hardware:
     Computer name:                 	LAPTOP-Q07I429L 

     Number of CPU threads:             4
     GPU info:                  	GPU computing not activated

  Number of mesh cells:             	209171
  Excitation duration:              	4.73939833e-001 ns 
  Calculation time for excitation:  	10     	s
  Number of calculated pulse widths:	6.33932 
  Steady state accuracy limit:      	-60	dB 
  Simulated number of time steps:   	7426   
  Maximum number of time steps:     	23428  
  Time step width:
     without subcycles:             	4.04585893e-004 ns
     used:                          	4.04585893e-004 ns

  Matrix calculation time:          	13     	s
  Solver setup time:                	5      	s
  Solver loop time:                 	62     	s
  Solver post processing time:      	1      	s
  Processing of broadband farfields:	74     	s
                                    	------------
  Total solver time:                	155    	s  ( = 0 h, 2 m, 35 s )

--------------------------------------------------------------------------------

  Adaptive port meshing time:       	28     	s
  Total solver time (all cycles):   	157    	s  ( = 0 h, 2 m, 37 s )
                                    	------------
  Total simulation time:            	185    	s  ( = 0 h, 3 m, 5 s )

--------------------------------------------------------------------------------
Solver finished at: 11:51 AM Thursday, 03. June 2021


--------------------------------------------------------------------------------
Creating parametric 1D results.

--------------------------------------------------------------------------------
