Port monitor named: Port2_e2.prt

nx        = 110
ny        = 102
nz        = 20

nu        = 10
nv        = 44
iu        = 6
iv        = 36

idir      = 1
dcut      = 1.500000e-002
icut      = 97
type      = 0
frequency = 1.050000e+010

fcutoff   = 0.000000e+000
alpha     = 0.000000e+000
beta      = 3.039151e+002
accuracy  = 1.859916e-013

type          = QTEM
wave imp.     = 2.786257e+002
wave imp.sig. = 8.694142e+000
line imp.     = 0.000000e+000

ref. port     = 0

-2.477581e+000  -6.627865e+000  -9.020322e+000  0.000000e+000  7.836977e+002  7.683169e+002  7.382666e+002  6.207989e+002  2.349163e+002  0.000000e+000  
-2.788072e+000  -7.458508e+000  -1.015086e+001  0.000000e+000  7.921542e+002  7.764142e+002  7.456889e+002  6.257512e+002  2.361497e+002  0.000000e+000  
-3.821421e+000  -1.022307e+001  -1.391362e+001  0.000000e+000  8.184847e+002  8.015983e+002  7.687231e+002  6.409357e+002  2.398810e+002  0.000000e+000  
-5.845344e+000  -1.563817e+001  -2.128455e+001  0.000000e+000  8.638919e+002  8.449293e+002  8.081737e+002  6.662897e+002  2.459384e+002  0.000000e+000  
-9.383766e+000  -2.510711e+001  -3.417581e+001  0.000000e+000  9.305475e+002  9.083059e+002  8.654609e+002  7.016355e+002  2.540148e+002  0.000000e+000  
-1.535093e+001  -4.108195e+001  -5.593341e+001  0.000000e+000  1.021865e+003  9.946739e+002  9.427336e+002  7.465556e+002  2.636394e+002  0.000000e+000  
-2.528205e+001  -6.769289e+001  -9.221138e+001  0.000000e+000  1.142966e+003  1.108356e+003  1.043024e+003  8.001837e+002  2.741394e+002  0.000000e+000  
-4.170783e+001  -1.117947e+002  -1.524623e+002  0.000000e+000  1.301483e+003  1.255544e+003  1.170403e+003  8.608744e+002  2.845967e+002  0.000000e+000  
-6.872507e+001  -1.846518e+002  -2.524799e+002  0.000000e+000  1.508980e+003  1.444987e+003  1.329983e+003  9.256974e+002  2.938062e+002  0.000000e+000  
-1.127513e+002  -3.045061e+002  -4.188381e+002  0.000000e+000  1.783752e+003  1.688818e+003  1.527284e+003  9.896908e+002  3.002532e+002  0.000000e+000  
-1.831052e+002  -4.999501e+002  -6.970767e+002  0.000000e+000  2.156888e+003  2.003037e+003  1.765575e+003  1.044829e+003  3.021345e+002  0.000000e+000  
-2.907257e+002  -8.120362e+002  -1.168423e+003  0.000000e+000  2.687123e+003  2.405254e+003  2.037517e+003  1.078784e+003  2.974696e+002  0.000000e+000  
-4.391135e+002  -1.283785e+003  -1.989653e+003  0.000000e+000  3.501194e+003  2.898937e+003  2.302573e+003  1.074004e+003  2.843616e+002  0.000000e+000  
-5.912821e+002  -1.884930e+003  -3.506563e+003  0.000000e+000  4.914659e+003  3.396002e+003  2.435595e+003  1.008805e+003  2.614770e+002  0.000000e+000  
-5.908766e+002  -2.139518e+003  -5.569294e+003  0.000000e+000  6.574457e+003  3.358405e+003  2.152883e+003  8.648196e+002  2.287557e+002  0.000000e+000  
-2.576143e+002  -8.074043e+002  -1.179754e+003  2.297688e+002  2.074217e+003  1.742011e+003  1.335014e+003  6.806084e+002  1.939505e+002  0.000000e+000  
1.152136e+002  3.948711e+002  6.497577e+002  4.520252e+002  -1.313420e+002  1.848034e+002  3.986584e+002  4.747150e+002  1.556819e+002  0.000000e+000  
3.222852e+002  1.139837e+003  2.213179e+003  4.552454e+002  -1.842531e+003  -7.321836e+002  -1.071877e+002  3.569025e+002  1.319164e+002  0.000000e+000  
4.737136e+002  1.809084e+003  5.249251e+003  0.000000e+000  -4.754582e+003  -1.515628e+003  -4.877177e+002  2.530960e+002  1.084628e+002  0.000000e+000  
4.495323e+002  1.520753e+003  3.101129e+003  0.000000e+000  -2.835942e+003  -1.416291e+003  -6.524719e+002  1.175142e+002  6.903656e+001  0.000000e+000  
2.472219e+002  7.739329e+002  1.319349e+003  0.000000e+000  -1.227234e+003  -7.627265e+002  -4.110278e+002  3.903397e+001  3.251960e+001  0.000000e+000  
1.801881e+000  5.080063e+000  7.405097e+000  0.000000e+000  -1.719342e+001  -1.525555e+001  -1.287989e+001  -7.032667e+000  -2.059829e+000  0.000000e+000  
-2.434395e+002  -7.629718e+002  -1.302549e+003  0.000000e+000  1.191150e+003  7.318010e+002  3.854164e+002  -5.290314e+001  -3.660353e+001  0.000000e+000  
-4.454575e+002  -1.507893e+003  -3.077328e+003  0.000000e+000  2.793675e+003  1.384733e+003  6.277702e+002  -1.307844e+002  -7.301649e+001  0.000000e+000  
-4.701488e+002  -1.796311e+003  -5.215448e+003  0.000000e+000  4.706132e+003  1.486630e+003  4.660995e+002  -2.653651e+002  -1.122807e+002  0.000000e+000  
-3.199237e+002  -1.131804e+003  -2.198611e+003  -4.586853e+002  1.813386e+003  7.092055e+002  8.879583e+001  -3.684709e+002  -1.356243e+002  0.000000e+000  
-1.143719e+002  -3.918441e+002  -6.446467e+002  -4.572966e+002  1.136554e+002  -2.013447e+002  -4.132691e+002  -4.855383e+002  -1.592712e+002  0.000000e+000  
2.556333e+002  8.023109e+002  1.177303e+003  -2.353689e+002  -2.082402e+003  -1.748548e+003  -1.343168e+003  -6.902525e+002  -1.973375e+002  0.000000e+000  
5.855292e+002  2.121961e+003  5.554637e+003  0.000000e+000  -6.570248e+003  -3.352550e+003  -2.155385e+003  -8.736176e+002  -2.319472e+002  0.000000e+000  
5.966551e+002  1.917853e+003  3.631190e+003  0.000000e+000  -5.040371e+003  -3.426862e+003  -2.440100e+003  -1.010042e+003  -2.625397e+002  0.000000e+000  
4.597824e+002  1.355233e+003  2.128924e+003  0.000000e+000  -3.645476e+003  -2.977217e+003  -2.341276e+003  -1.077612e+003  -2.846278e+002  0.000000e+000  
3.166726e+002  8.898329e+002  1.291277e+003  0.000000e+000  -2.829284e+003  -2.508245e+003  -2.104893e+003  -1.090197e+003  -2.981011e+002  0.000000e+000  
2.075664e+002  5.689252e+002  7.971304e+002  0.000000e+000  -2.294068e+003  -2.116210e+003  -1.849978e+003  -1.065521e+003  -3.038870e+002  0.000000e+000  
1.333389e+002  3.609357e+002  4.977943e+002  0.000000e+000  -1.916510e+003  -1.805191e+003  -1.620153e+003  -1.018678e+003  -3.034288e+002  0.000000e+000  
8.550449e+001  2.300885e+002  3.151468e+002  0.000000e+000  -1.638949e+003  -1.561867e+003  -1.426365e+003  -9.606951e+002  -2.983080e+002  0.000000e+000  
5.579386e+001  1.498958e+002  2.049803e+002  0.000000e+000  -1.431485e+003  -1.372546e+003  -1.267553e+003  -8.989468e+002  -2.900204e+002  0.000000e+000  
3.812281e+001  1.029128e+002  1.417466e+002  0.000000e+000  -1.278110e+003  -1.226187e+003  -1.138735e+003  -8.380150e+002  -2.798724e+002  0.000000e+000  
2.786439e+001  7.712289e+001  1.107884e+002  0.000000e+000  -1.167081e+003  -1.107109e+003  -1.026930e+003  -7.768036e+002  -2.681980e+002  0.000000e+000  
2.218475e+001  6.629187e+001  1.125849e+002  0.000000e+000  -1.117768e+003  -1.011055e+003  -9.301538e+002  -7.211277e+002  -2.567207e+002  0.000000e+000  
1.526153e+001  5.272988e+001  1.341805e+002  0.000000e+000  -9.871660e+002  -8.931690e+002  -8.327044e+002  -6.721118e+002  -2.463191e+002  0.000000e+000  
2.375963e+000  3.256700e+000  -1.903695e+001  -4.031296e+002  -7.237348e+002  -7.631905e+002  -7.471675e+002  -6.357446e+002  -2.385831e+002  0.000000e+000  
-7.566863e+000  -2.785550e+001  -6.818661e+001  -4.933743e+002  -6.201753e+002  -6.777129e+002  -6.827844e+002  -6.082691e+002  -2.327200e+002  0.000000e+000  
-1.301331e+001  -4.288808e+001  -8.582255e+001  -5.170679e+002  -5.860302e+002  -6.342107e+002  -6.451269e+002  -5.912012e+002  -2.290553e+002  0.000000e+000  
-1.470667e+001  -4.728182e+001  -9.026249e+001  -5.217118e+002  -5.772831e+002  -6.209005e+002  -6.327496e+002  -5.853329e+002  -2.277893e+002  0.000000e+000  

2.105118e+000  1.842070e+000  1.068719e+000  0.000000e+000  0.000000e+000  7.347343e+000  1.435494e+001  2.072603e+001  3.862067e+001  4.316615e+001  
7.034540e+000  6.152840e+000  3.569007e+000  0.000000e+000  0.000000e+000  2.290382e+001  4.472186e+001  6.450915e+001  1.192956e+002  1.329444e+002  
1.387889e+001  1.212993e+001  7.033678e+000  0.000000e+000  0.000000e+000  3.959320e+001  7.721365e+001  1.111577e+002  2.023420e+002  2.241412e+002  
2.448993e+001  2.138365e+001  1.239476e+001  0.000000e+000  0.000000e+000  5.833462e+001  1.135404e+002  1.629521e+002  2.893842e+002  3.176411e+002  
4.172182e+001  3.639521e+001  2.108938e+001  0.000000e+000  0.000000e+000  8.031657e+001  1.558854e+002  2.227560e+002  3.820731e+002  4.142116e+002  
7.018353e+001  6.117337e+001  3.544436e+001  0.000000e+000  0.000000e+000  1.071899e+002  2.072193e+002  2.943698e+002  4.820705e+002  5.144415e+002  
1.174411e+002  1.023125e+002  5.930758e+001  0.000000e+000  0.000000e+000  1.413962e+002  2.717882e+002  3.830171e+002  5.909983e+002  6.186638e+002  
1.959522e+002  1.707288e+002  9.912731e+001  0.000000e+000  0.000000e+000  1.867986e+002  3.559348e+002  4.960081e+002  7.103279e+002  7.268623e+002  
3.261190e+002  2.845217e+002  1.658969e+002  0.000000e+000  0.000000e+000  2.500447e+002  4.695955e+002  6.435888e+002  8.411732e+002  8.385630e+002  
5.408281e+002  4.736710e+002  2.789854e+002  0.000000e+000  0.000000e+000  3.438692e+002  6.292424e+002  8.398317e+002  9.839345e+002  9.527159e+002  
8.911544e+002  7.875606e+002  4.748136e+002  0.000000e+000  0.000000e+000  4.959236e+002  8.639311e+002  1.102932e+003  1.137724e+003  1.067586e+003  
1.449631e+003  1.305942e+003  8.302199e+002  0.000000e+000  0.000000e+000  7.745054e+002  1.227373e+003  1.452904e+003  1.299510e+003  1.180685e+003  
2.295967e+003  2.148494e+003  1.536409e+003  0.000000e+000  0.000000e+000  1.369744e+003  1.816773e+003  1.901372e+003  1.463021e+003  1.288804e+003  
3.438473e+003  3.441990e+003  3.162449e+003  0.000000e+000  0.000000e+000  2.870720e+003  2.765965e+003  2.422187e+003  1.617770e+003  1.388226e+003  
4.506233e+003  4.890190e+003  6.377779e+003  1.052978e+004  1.061776e+004  5.839533e+003  3.878750e+003  2.861308e+003  1.740789e+003  1.469474e+003  
4.937520e+003  5.366545e+003  6.700671e+003  8.698577e+003  8.796433e+003  6.124304e+003  4.227781e+003  3.068595e+003  1.828264e+003  1.533500e+003  
4.779340e+003  5.168794e+003  6.520370e+003  9.349001e+003  9.260259e+003  5.905308e+003  4.079689e+003  3.049092e+003  1.874515e+003  1.574955e+003  
4.445494e+003  4.731627e+003  5.946251e+003  1.126507e+004  1.065022e+004  5.321290e+003  3.750961e+003  2.958911e+003  1.899308e+003  1.601657e+003  
3.770602e+003  3.749119e+003  3.414254e+003  0.000000e+000  0.000000e+000  2.975629e+003  3.006493e+003  2.760710e+003  1.921267e+003  1.631902e+003  
2.955718e+003  2.745857e+003  1.932869e+003  0.000000e+000  0.000000e+000  1.665937e+003  2.301810e+003  2.498315e+003  1.930670e+003  1.656452e+003  
2.507909e+003  2.252845e+003  1.421785e+003  0.000000e+000  0.000000e+000  1.237412e+003  1.977353e+003  2.344963e+003  1.931977e+003  1.668058e+003  
2.504676e+003  2.249801e+003  1.419620e+003  0.000000e+000  0.000000e+000  1.235635e+003  1.975183e+003  2.343002e+003  1.931082e+003  1.667407e+003  
2.945691e+003  2.736138e+003  1.925256e+003  0.000000e+000  0.000000e+000  1.659425e+003  2.294781e+003  2.492417e+003  1.928015e+003  1.654513e+003  
3.753244e+003  3.731214e+003  3.396410e+003  0.000000e+000  0.000000e+000  2.959261e+003  2.993185e+003  2.750982e+003  1.916953e+003  1.628715e+003  
4.423096e+003  4.706979e+003  5.912949e+003  1.119715e+004  1.057868e+004  5.290858e+003  3.732347e+003  2.946737e+003  1.893823e+003  1.597540e+003  
4.754524e+003  5.141137e+003  6.483589e+003  9.295070e+003  9.204276e+003  5.871651e+003  4.058693e+003  3.035633e+003  1.868247e+003  1.570187e+003  
4.911585e+003  5.337374e+003  6.662440e+003  8.652246e+003  8.750348e+003  6.089881e+003  4.205490e+003  3.054224e+003  1.821059e+003  1.527912e+003  
4.483663e+003  4.863750e+003  6.337261e+003  1.048176e+004  1.057424e+004  5.803730e+003  3.857901e+003  2.847485e+003  1.732608e+003  1.462944e+003  
3.463397e+003  3.478293e+003  3.234069e+003  0.000000e+000  0.000000e+000  2.939438e+003  2.792330e+003  2.426191e+003  1.613100e+003  1.383697e+003  
2.387269e+003  2.245192e+003  1.630461e+003  0.000000e+000  0.000000e+000  1.451065e+003  1.882176e+003  1.939083e+003  1.468821e+003  1.290741e+003  
1.559916e+003  1.411284e+003  9.078026e+002  0.000000e+000  0.000000e+000  8.346649e+002  1.295640e+003  1.508668e+003  1.315770e+003  1.189969e+003  
9.918324e+002  8.790588e+002  5.339440e+002  0.000000e+000  0.000000e+000  5.385697e+002  9.236648e+002  1.163091e+003  1.162915e+003  1.084439e+003  
6.208842e+002  5.446866e+002  3.221900e+002  0.000000e+000  0.000000e+000  3.745615e+002  6.781920e+002  8.959769e+002  1.015972e+003  9.768811e+002  
3.836685e+002  3.349616e+002  1.957288e+002  0.000000e+000  0.000000e+000  2.719448e+002  5.076366e+002  6.912353e+002  8.780230e+002  8.695116e+002  
2.323670e+002  2.023798e+002  1.175078e+002  0.000000e+000  0.000000e+000  2.009265e+002  3.828066e+002  5.328027e+002  7.503248e+002  7.639869e+002  
1.342548e+002  1.165740e+002  6.712149e+001  0.000000e+000  0.000000e+000  1.466684e+002  2.861614e+002  4.074937e+002  6.329970e+002  6.614316e+002  
6.545706e+001  5.589265e+001  3.060146e+001  0.000000e+000  0.000000e+000  9.732785e+001  2.030766e+002  3.019825e+002  5.219443e+002  5.592091e+002  
1.391639e+001  8.521086e+000  -2.037964e+000  0.000000e+000  0.000000e+000  3.854611e+001  1.245719e+002  2.115647e+002  4.175739e+002  4.581411e+002  
-2.679338e+001  -3.375679e+001  -4.725765e+001  0.000000e+000  0.000000e+000  -6.608768e+001  4.551987e+001  1.362312e+002  3.223704e+002  3.614491e+002  
-5.257817e+001  -6.728029e+001  -1.229029e+002  -2.718429e+002  -5.576944e+002  -1.528666e+002  -9.948121e+000  8.183296e+001  2.399503e+002  2.737939e+002  
-5.451507e+001  -6.596696e+001  -1.010333e+002  -1.562928e+002  -2.328650e+002  -1.170814e+002  -2.295665e+001  4.666088e+001  1.675947e+002  1.938367e+002  
-3.915209e+001  -4.549212e+001  -6.248725e+001  -8.236385e+001  -1.026452e+002  -6.495147e+001  -1.719975e+001  2.358270e+001  9.923941e+001  1.158707e+002  
-1.428238e+001  -1.626882e+001  -2.124808e+001  -2.626362e+001  -3.028252e+001  -2.070743e+001  -6.132830e+000  7.270678e+000  3.336601e+001  3.914945e+001  
0.000000e+000  0.000000e+000  0.000000e+000  0.000000e+000  0.000000e+000  0.000000e+000  0.000000e+000  0.000000e+000  0.000000e+000  0.000000e+000  

0.000000e+000  0.000000e+000  0.000000e+000  0.000000e+000  0.000000e+000  0.000000e+000  0.000000e+000  0.000000e+000  0.000000e+000  0.000000e+000  
0.000000e+000  0.000000e+000  0.000000e+000  0.000000e+000  0.000000e+000  0.000000e+000  0.000000e+000  0.000000e+000  0.000000e+000  0.000000e+000  
0.000000e+000  0.000000e+000  0.000000e+000  0.000000e+000  0.000000e+000  0.000000e+000  0.000000e+000  0.000000e+000  0.000000e+000  0.000000e+000  
0.000000e+000  0.000000e+000  0.000000e+000  0.000000e+000  0.000000e+000  0.000000e+000  0.000000e+000  0.000000e+000  0.000000e+000  0.000000e+000  
0.000000e+000  0.000000e+000  0.000000e+000  0.000000e+000  0.000000e+000  0.000000e+000  0.000000e+000  0.000000e+000  0.000000e+000  0.000000e+000  
0.000000e+000  0.000000e+000  0.000000e+000  0.000000e+000  0.000000e+000  0.000000e+000  0.000000e+000  0.000000e+000  0.000000e+000  0.000000e+000  
0.000000e+000  0.000000e+000  0.000000e+000  0.000000e+000  0.000000e+000  0.000000e+000  0.000000e+000  0.000000e+000  0.000000e+000  0.000000e+000  
0.000000e+000  0.000000e+000  0.000000e+000  0.000000e+000  0.000000e+000  0.000000e+000  0.000000e+000  0.000000e+000  0.000000e+000  0.000000e+000  
0.000000e+000  0.000000e+000  0.000000e+000  0.000000e+000  0.000000e+000  0.000000e+000  0.000000e+000  0.000000e+000  0.000000e+000  0.000000e+000  
0.000000e+000  0.000000e+000  0.000000e+000  0.000000e+000  0.000000e+000  0.000000e+000  0.000000e+000  0.000000e+000  0.000000e+000  0.000000e+000  
0.000000e+000  0.000000e+000  0.000000e+000  0.000000e+000  0.000000e+000  0.000000e+000  0.000000e+000  0.000000e+000  0.000000e+000  0.000000e+000  
0.000000e+000  0.000000e+000  0.000000e+000  0.000000e+000  0.000000e+000  0.000000e+000  0.000000e+000  0.000000e+000  0.000000e+000  0.000000e+000  
0.000000e+000  0.000000e+000  0.000000e+000  0.000000e+000  0.000000e+000  0.000000e+000  0.000000e+000  0.000000e+000  0.000000e+000  0.000000e+000  
0.000000e+000  0.000000e+000  0.000000e+000  0.000000e+000  0.000000e+000  0.000000e+000  0.000000e+000  0.000000e+000  0.000000e+000  0.000000e+000  
0.000000e+000  0.000000e+000  0.000000e+000  0.000000e+000  0.000000e+000  0.000000e+000  0.000000e+000  0.000000e+000  0.000000e+000  0.000000e+000  
0.000000e+000  0.000000e+000  0.000000e+000  0.000000e+000  0.000000e+000  0.000000e+000  0.000000e+000  0.000000e+000  0.000000e+000  0.000000e+000  
0.000000e+000  0.000000e+000  0.000000e+000  0.000000e+000  0.000000e+000  0.000000e+000  0.000000e+000  0.000000e+000  0.000000e+000  0.000000e+000  
0.000000e+000  0.000000e+000  0.000000e+000  0.000000e+000  0.000000e+000  0.000000e+000  0.000000e+000  0.000000e+000  0.000000e+000  0.000000e+000  
0.000000e+000  0.000000e+000  0.000000e+000  0.000000e+000  0.000000e+000  0.000000e+000  0.000000e+000  0.000000e+000  0.000000e+000  0.000000e+000  
0.000000e+000  0.000000e+000  0.000000e+000  0.000000e+000  0.000000e+000  0.000000e+000  0.000000e+000  0.000000e+000  0.000000e+000  0.000000e+000  
0.000000e+000  0.000000e+000  0.000000e+000  0.000000e+000  0.000000e+000  0.000000e+000  0.000000e+000  0.000000e+000  0.000000e+000  0.000000e+000  
0.000000e+000  0.000000e+000  0.000000e+000  0.000000e+000  0.000000e+000  0.000000e+000  0.000000e+000  0.000000e+000  0.000000e+000  0.000000e+000  
0.000000e+000  0.000000e+000  0.000000e+000  0.000000e+000  0.000000e+000  0.000000e+000  0.000000e+000  0.000000e+000  0.000000e+000  0.000000e+000  
0.000000e+000  0.000000e+000  0.000000e+000  0.000000e+000  0.000000e+000  0.000000e+000  0.000000e+000  0.000000e+000  0.000000e+000  0.000000e+000  
0.000000e+000  0.000000e+000  0.000000e+000  0.000000e+000  0.000000e+000  0.000000e+000  0.000000e+000  0.000000e+000  0.000000e+000  0.000000e+000  
0.000000e+000  0.000000e+000  0.000000e+000  0.000000e+000  0.000000e+000  0.000000e+000  0.000000e+000  0.000000e+000  0.000000e+000  0.000000e+000  
0.000000e+000  0.000000e+000  0.000000e+000  0.000000e+000  0.000000e+000  0.000000e+000  0.000000e+000  0.000000e+000  0.000000e+000  0.000000e+000  
0.000000e+000  0.000000e+000  0.000000e+000  0.000000e+000  0.000000e+000  0.000000e+000  0.000000e+000  0.000000e+000  0.000000e+000  0.000000e+000  
0.000000e+000  0.000000e+000  0.000000e+000  0.000000e+000  0.000000e+000  0.000000e+000  0.000000e+000  0.000000e+000  0.000000e+000  0.000000e+000  
0.000000e+000  0.000000e+000  0.000000e+000  0.000000e+000  0.000000e+000  0.000000e+000  0.000000e+000  0.000000e+000  0.000000e+000  0.000000e+000  
0.000000e+000  0.000000e+000  0.000000e+000  0.000000e+000  0.000000e+000  0.000000e+000  0.000000e+000  0.000000e+000  0.000000e+000  0.000000e+000  
0.000000e+000  0.000000e+000  0.000000e+000  0.000000e+000  0.000000e+000  0.000000e+000  0.000000e+000  0.000000e+000  0.000000e+000  0.000000e+000  
0.000000e+000  0.000000e+000  0.000000e+000  0.000000e+000  0.000000e+000  0.000000e+000  0.000000e+000  0.000000e+000  0.000000e+000  0.000000e+000  
0.000000e+000  0.000000e+000  0.000000e+000  0.000000e+000  0.000000e+000  0.000000e+000  0.000000e+000  0.000000e+000  0.000000e+000  0.000000e+000  
0.000000e+000  0.000000e+000  0.000000e+000  0.000000e+000  0.000000e+000  0.000000e+000  0.000000e+000  0.000000e+000  0.000000e+000  0.000000e+000  
0.000000e+000  0.000000e+000  0.000000e+000  0.000000e+000  0.000000e+000  0.000000e+000  0.000000e+000  0.000000e+000  0.000000e+000  0.000000e+000  
0.000000e+000  0.000000e+000  0.000000e+000  0.000000e+000  0.000000e+000  0.000000e+000  0.000000e+000  0.000000e+000  0.000000e+000  0.000000e+000  
0.000000e+000  0.000000e+000  0.000000e+000  0.000000e+000  0.000000e+000  0.000000e+000  0.000000e+000  0.000000e+000  0.000000e+000  0.000000e+000  
0.000000e+000  0.000000e+000  0.000000e+000  0.000000e+000  0.000000e+000  0.000000e+000  0.000000e+000  0.000000e+000  0.000000e+000  0.000000e+000  
0.000000e+000  0.000000e+000  0.000000e+000  0.000000e+000  0.000000e+000  0.000000e+000  0.000000e+000  0.000000e+000  0.000000e+000  0.000000e+000  
0.000000e+000  0.000000e+000  0.000000e+000  0.000000e+000  0.000000e+000  0.000000e+000  0.000000e+000  0.000000e+000  0.000000e+000  0.000000e+000  
0.000000e+000  0.000000e+000  0.000000e+000  0.000000e+000  0.000000e+000  0.000000e+000  0.000000e+000  0.000000e+000  0.000000e+000  0.000000e+000  
0.000000e+000  0.000000e+000  0.000000e+000  0.000000e+000  0.000000e+000  0.000000e+000  0.000000e+000  0.000000e+000  0.000000e+000  0.000000e+000  
0.000000e+000  0.000000e+000  0.000000e+000  0.000000e+000  0.000000e+000  0.000000e+000  0.000000e+000  0.000000e+000  0.000000e+000  0.000000e+000  

0.000000e+000  0.000000e+000  0.000000e+000  0.000000e+000  0.000000e+000  0.000000e+000  0.000000e+000  0.000000e+000  0.000000e+000  0.000000e+000  
0.000000e+000  0.000000e+000  0.000000e+000  0.000000e+000  0.000000e+000  0.000000e+000  0.000000e+000  0.000000e+000  0.000000e+000  0.000000e+000  
0.000000e+000  0.000000e+000  0.000000e+000  0.000000e+000  0.000000e+000  0.000000e+000  0.000000e+000  0.000000e+000  0.000000e+000  0.000000e+000  
0.000000e+000  0.000000e+000  0.000000e+000  0.000000e+000  0.000000e+000  0.000000e+000  0.000000e+000  0.000000e+000  0.000000e+000  0.000000e+000  
0.000000e+000  0.000000e+000  0.000000e+000  0.000000e+000  0.000000e+000  0.000000e+000  0.000000e+000  0.000000e+000  0.000000e+000  0.000000e+000  
0.000000e+000  0.000000e+000  0.000000e+000  0.000000e+000  0.000000e+000  0.000000e+000  0.000000e+000  0.000000e+000  0.000000e+000  0.000000e+000  
0.000000e+000  0.000000e+000  0.000000e+000  0.000000e+000  0.000000e+000  0.000000e+000  0.000000e+000  0.000000e+000  0.000000e+000  0.000000e+000  
0.000000e+000  0.000000e+000  0.000000e+000  0.000000e+000  0.000000e+000  0.000000e+000  0.000000e+000  0.000000e+000  0.000000e+000  0.000000e+000  
0.000000e+000  0.000000e+000  0.000000e+000  0.000000e+000  0.000000e+000  0.000000e+000  0.000000e+000  0.000000e+000  0.000000e+000  0.000000e+000  
0.000000e+000  0.000000e+000  0.000000e+000  0.000000e+000  0.000000e+000  0.000000e+000  0.000000e+000  0.000000e+000  0.000000e+000  0.000000e+000  
0.000000e+000  0.000000e+000  0.000000e+000  0.000000e+000  0.000000e+000  0.000000e+000  0.000000e+000  0.000000e+000  0.000000e+000  0.000000e+000  
0.000000e+000  0.000000e+000  0.000000e+000  0.000000e+000  0.000000e+000  0.000000e+000  0.000000e+000  0.000000e+000  0.000000e+000  0.000000e+000  
0.000000e+000  0.000000e+000  0.000000e+000  0.000000e+000  0.000000e+000  0.000000e+000  0.000000e+000  0.000000e+000  0.000000e+000  0.000000e+000  
0.000000e+000  0.000000e+000  0.000000e+000  0.000000e+000  0.000000e+000  0.000000e+000  0.000000e+000  0.000000e+000  0.000000e+000  0.000000e+000  
0.000000e+000  0.000000e+000  0.000000e+000  0.000000e+000  0.000000e+000  0.000000e+000  0.000000e+000  0.000000e+000  0.000000e+000  0.000000e+000  
0.000000e+000  0.000000e+000  0.000000e+000  0.000000e+000  0.000000e+000  0.000000e+000  0.000000e+000  0.000000e+000  0.000000e+000  0.000000e+000  
0.000000e+000  0.000000e+000  0.000000e+000  0.000000e+000  0.000000e+000  0.000000e+000  0.000000e+000  0.000000e+000  0.000000e+000  0.000000e+000  
0.000000e+000  0.000000e+000  0.000000e+000  0.000000e+000  0.000000e+000  0.000000e+000  0.000000e+000  0.000000e+000  0.000000e+000  0.000000e+000  
0.000000e+000  0.000000e+000  0.000000e+000  0.000000e+000  0.000000e+000  0.000000e+000  0.000000e+000  0.000000e+000  0.000000e+000  0.000000e+000  
0.000000e+000  0.000000e+000  0.000000e+000  0.000000e+000  0.000000e+000  0.000000e+000  0.000000e+000  0.000000e+000  0.000000e+000  0.000000e+000  
0.000000e+000  0.000000e+000  0.000000e+000  0.000000e+000  0.000000e+000  0.000000e+000  0.000000e+000  0.000000e+000  0.000000e+000  0.000000e+000  
0.000000e+000  0.000000e+000  0.000000e+000  0.000000e+000  0.000000e+000  0.000000e+000  0.000000e+000  0.000000e+000  0.000000e+000  0.000000e+000  
0.000000e+000  0.000000e+000  0.000000e+000  0.000000e+000  0.000000e+000  0.000000e+000  0.000000e+000  0.000000e+000  0.000000e+000  0.000000e+000  
0.000000e+000  0.000000e+000  0.000000e+000  0.000000e+000  0.000000e+000  0.000000e+000  0.000000e+000  0.000000e+000  0.000000e+000  0.000000e+000  
0.000000e+000  0.000000e+000  0.000000e+000  0.000000e+000  0.000000e+000  0.000000e+000  0.000000e+000  0.000000e+000  0.000000e+000  0.000000e+000  
0.000000e+000  0.000000e+000  0.000000e+000  0.000000e+000  0.000000e+000  0.000000e+000  0.000000e+000  0.000000e+000  0.000000e+000  0.000000e+000  
0.000000e+000  0.000000e+000  0.000000e+000  0.000000e+000  0.000000e+000  0.000000e+000  0.000000e+000  0.000000e+000  0.000000e+000  0.000000e+000  
0.000000e+000  0.000000e+000  0.000000e+000  0.000000e+000  0.000000e+000  0.000000e+000  0.000000e+000  0.000000e+000  0.000000e+000  0.000000e+000  
0.000000e+000  0.000000e+000  0.000000e+000  0.000000e+000  0.000000e+000  0.000000e+000  0.000000e+000  0.000000e+000  0.000000e+000  0.000000e+000  
0.000000e+000  0.000000e+000  0.000000e+000  0.000000e+000  0.000000e+000  0.000000e+000  0.000000e+000  0.000000e+000  0.000000e+000  0.000000e+000  
0.000000e+000  0.000000e+000  0.000000e+000  0.000000e+000  0.000000e+000  0.000000e+000  0.000000e+000  0.000000e+000  0.000000e+000  0.000000e+000  
0.000000e+000  0.000000e+000  0.000000e+000  0.000000e+000  0.000000e+000  0.000000e+000  0.000000e+000  0.000000e+000  0.000000e+000  0.000000e+000  
0.000000e+000  0.000000e+000  0.000000e+000  0.000000e+000  0.000000e+000  0.000000e+000  0.000000e+000  0.000000e+000  0.000000e+000  0.000000e+000  
0.000000e+000  0.000000e+000  0.000000e+000  0.000000e+000  0.000000e+000  0.000000e+000  0.000000e+000  0.000000e+000  0.000000e+000  0.000000e+000  
0.000000e+000  0.000000e+000  0.000000e+000  0.000000e+000  0.000000e+000  0.000000e+000  0.000000e+000  0.000000e+000  0.000000e+000  0.000000e+000  
0.000000e+000  0.000000e+000  0.000000e+000  0.000000e+000  0.000000e+000  0.000000e+000  0.000000e+000  0.000000e+000  0.000000e+000  0.000000e+000  
0.000000e+000  0.000000e+000  0.000000e+000  0.000000e+000  0.000000e+000  0.000000e+000  0.000000e+000  0.000000e+000  0.000000e+000  0.000000e+000  
0.000000e+000  0.000000e+000  0.000000e+000  0.000000e+000  0.000000e+000  0.000000e+000  0.000000e+000  0.000000e+000  0.000000e+000  0.000000e+000  
0.000000e+000  0.000000e+000  0.000000e+000  0.000000e+000  0.000000e+000  0.000000e+000  0.000000e+000  0.000000e+000  0.000000e+000  0.000000e+000  
0.000000e+000  0.000000e+000  0.000000e+000  0.000000e+000  0.000000e+000  0.000000e+000  0.000000e+000  0.000000e+000  0.000000e+000  0.000000e+000  
0.000000e+000  0.000000e+000  0.000000e+000  0.000000e+000  0.000000e+000  0.000000e+000  0.000000e+000  0.000000e+000  0.000000e+000  0.000000e+000  
0.000000e+000  0.000000e+000  0.000000e+000  0.000000e+000  0.000000e+000  0.000000e+000  0.000000e+000  0.000000e+000  0.000000e+000  0.000000e+000  
0.000000e+000  0.000000e+000  0.000000e+000  0.000000e+000  0.000000e+000  0.000000e+000  0.000000e+000  0.000000e+000  0.000000e+000  0.000000e+000  
0.000000e+000  0.000000e+000  0.000000e+000  0.000000e+000  0.000000e+000  0.000000e+000  0.000000e+000  0.000000e+000  0.000000e+000  0.000000e+000  

0.000000e+000  0.000000e+000  0.000000e+000  0.000000e+000  0.000000e+000  0.000000e+000  0.000000e+000  0.000000e+000  0.000000e+000  0.000000e+000  
0.000000e+000  0.000000e+000  0.000000e+000  0.000000e+000  0.000000e+000  0.000000e+000  0.000000e+000  0.000000e+000  0.000000e+000  0.000000e+000  
0.000000e+000  0.000000e+000  0.000000e+000  0.000000e+000  0.000000e+000  0.000000e+000  0.000000e+000  0.000000e+000  0.000000e+000  0.000000e+000  
0.000000e+000  0.000000e+000  0.000000e+000  0.000000e+000  0.000000e+000  0.000000e+000  0.000000e+000  0.000000e+000  0.000000e+000  0.000000e+000  
0.000000e+000  0.000000e+000  0.000000e+000  0.000000e+000  0.000000e+000  0.000000e+000  0.000000e+000  0.000000e+000  0.000000e+000  0.000000e+000  
0.000000e+000  0.000000e+000  0.000000e+000  0.000000e+000  0.000000e+000  0.000000e+000  0.000000e+000  0.000000e+000  0.000000e+000  0.000000e+000  
0.000000e+000  0.000000e+000  0.000000e+000  0.000000e+000  0.000000e+000  0.000000e+000  0.000000e+000  0.000000e+000  0.000000e+000  0.000000e+000  
0.000000e+000  0.000000e+000  0.000000e+000  0.000000e+000  0.000000e+000  0.000000e+000  0.000000e+000  0.000000e+000  0.000000e+000  0.000000e+000  
0.000000e+000  0.000000e+000  0.000000e+000  0.000000e+000  0.000000e+000  0.000000e+000  0.000000e+000  0.000000e+000  0.000000e+000  0.000000e+000  
0.000000e+000  0.000000e+000  0.000000e+000  0.000000e+000  0.000000e+000  0.000000e+000  0.000000e+000  0.000000e+000  0.000000e+000  0.000000e+000  
0.000000e+000  0.000000e+000  0.000000e+000  0.000000e+000  0.000000e+000  0.000000e+000  0.000000e+000  0.000000e+000  0.000000e+000  0.000000e+000  
0.000000e+000  0.000000e+000  0.000000e+000  0.000000e+000  0.000000e+000  0.000000e+000  0.000000e+000  0.000000e+000  0.000000e+000  0.000000e+000  
0.000000e+000  0.000000e+000  0.000000e+000  0.000000e+000  0.000000e+000  0.000000e+000  0.000000e+000  0.000000e+000  0.000000e+000  0.000000e+000  
0.000000e+000  0.000000e+000  0.000000e+000  0.000000e+000  0.000000e+000  0.000000e+000  0.000000e+000  0.000000e+000  0.000000e+000  0.000000e+000  
0.000000e+000  0.000000e+000  0.000000e+000  0.000000e+000  0.000000e+000  0.000000e+000  0.000000e+000  0.000000e+000  0.000000e+000  0.000000e+000  
0.000000e+000  0.000000e+000  0.000000e+000  0.000000e+000  0.000000e+000  0.000000e+000  0.000000e+000  0.000000e+000  0.000000e+000  0.000000e+000  
0.000000e+000  0.000000e+000  0.000000e+000  0.000000e+000  0.000000e+000  0.000000e+000  0.000000e+000  0.000000e+000  0.000000e+000  0.000000e+000  
0.000000e+000  0.000000e+000  0.000000e+000  0.000000e+000  0.000000e+000  0.000000e+000  0.000000e+000  0.000000e+000  0.000000e+000  0.000000e+000  
0.000000e+000  0.000000e+000  0.000000e+000  0.000000e+000  0.000000e+000  0.000000e+000  0.000000e+000  0.000000e+000  0.000000e+000  0.000000e+000  
0.000000e+000  0.000000e+000  0.000000e+000  0.000000e+000  0.000000e+000  0.000000e+000  0.000000e+000  0.000000e+000  0.000000e+000  0.000000e+000  
0.000000e+000  0.000000e+000  0.000000e+000  0.000000e+000  0.000000e+000  0.000000e+000  0.000000e+000  0.000000e+000  0.000000e+000  0.000000e+000  
0.000000e+000  0.000000e+000  0.000000e+000  0.000000e+000  0.000000e+000  0.000000e+000  0.000000e+000  0.000000e+000  0.000000e+000  0.000000e+000  
0.000000e+000  0.000000e+000  0.000000e+000  0.000000e+000  0.000000e+000  0.000000e+000  0.000000e+000  0.000000e+000  0.000000e+000  0.000000e+000  
0.000000e+000  0.000000e+000  0.000000e+000  0.000000e+000  0.000000e+000  0.000000e+000  0.000000e+000  0.000000e+000  0.000000e+000  0.000000e+000  
0.000000e+000  0.000000e+000  0.000000e+000  0.000000e+000  0.000000e+000  0.000000e+000  0.000000e+000  0.000000e+000  0.000000e+000  0.000000e+000  
0.000000e+000  0.000000e+000  0.000000e+000  0.000000e+000  0.000000e+000  0.000000e+000  0.000000e+000  0.000000e+000  0.000000e+000  0.000000e+000  
0.000000e+000  0.000000e+000  0.000000e+000  0.000000e+000  0.000000e+000  0.000000e+000  0.000000e+000  0.000000e+000  0.000000e+000  0.000000e+000  
0.000000e+000  0.000000e+000  0.000000e+000  0.000000e+000  0.000000e+000  0.000000e+000  0.000000e+000  0.000000e+000  0.000000e+000  0.000000e+000  
0.000000e+000  0.000000e+000  0.000000e+000  0.000000e+000  0.000000e+000  0.000000e+000  0.000000e+000  0.000000e+000  0.000000e+000  0.000000e+000  
0.000000e+000  0.000000e+000  0.000000e+000  0.000000e+000  0.000000e+000  0.000000e+000  0.000000e+000  0.000000e+000  0.000000e+000  0.000000e+000  
0.000000e+000  0.000000e+000  0.000000e+000  0.000000e+000  0.000000e+000  0.000000e+000  0.000000e+000  0.000000e+000  0.000000e+000  0.000000e+000  
0.000000e+000  0.000000e+000  0.000000e+000  0.000000e+000  0.000000e+000  0.000000e+000  0.000000e+000  0.000000e+000  0.000000e+000  0.000000e+000  
0.000000e+000  0.000000e+000  0.000000e+000  0.000000e+000  0.000000e+000  0.000000e+000  0.000000e+000  0.000000e+000  0.000000e+000  0.000000e+000  
0.000000e+000  0.000000e+000  0.000000e+000  0.000000e+000  0.000000e+000  0.000000e+000  0.000000e+000  0.000000e+000  0.000000e+000  0.000000e+000  
0.000000e+000  0.000000e+000  0.000000e+000  0.000000e+000  0.000000e+000  0.000000e+000  0.000000e+000  0.000000e+000  0.000000e+000  0.000000e+000  
0.000000e+000  0.000000e+000  0.000000e+000  0.000000e+000  0.000000e+000  0.000000e+000  0.000000e+000  0.000000e+000  0.000000e+000  0.000000e+000  
0.000000e+000  0.000000e+000  0.000000e+000  0.000000e+000  0.000000e+000  0.000000e+000  0.000000e+000  0.000000e+000  0.000000e+000  0.000000e+000  
0.000000e+000  0.000000e+000  0.000000e+000  0.000000e+000  0.000000e+000  0.000000e+000  0.000000e+000  0.000000e+000  0.000000e+000  0.000000e+000  
0.000000e+000  0.000000e+000  0.000000e+000  0.000000e+000  0.000000e+000  0.000000e+000  0.000000e+000  0.000000e+000  0.000000e+000  0.000000e+000  
0.000000e+000  0.000000e+000  0.000000e+000  0.000000e+000  0.000000e+000  0.000000e+000  0.000000e+000  0.000000e+000  0.000000e+000  0.000000e+000  
0.000000e+000  0.000000e+000  0.000000e+000  0.000000e+000  0.000000e+000  0.000000e+000  0.000000e+000  0.000000e+000  0.000000e+000  0.000000e+000  
0.000000e+000  0.000000e+000  0.000000e+000  0.000000e+000  0.000000e+000  0.000000e+000  0.000000e+000  0.000000e+000  0.000000e+000  0.000000e+000  
0.000000e+000  0.000000e+000  0.000000e+000  0.000000e+000  0.000000e+000  0.000000e+000  0.000000e+000  0.000000e+000  0.000000e+000  0.000000e+000  
0.000000e+000  0.000000e+000  0.000000e+000  0.000000e+000  0.000000e+000  0.000000e+000  0.000000e+000  0.000000e+000  0.000000e+000  0.000000e+000  

5.815251e+000  4.393189e+000  2.358495e+000  0.000000e+000  0.000000e+000  1.064942e-002  2.058130e-002  2.917584e-002  4.586246e-002  4.124120e-002  
6.197796e+000  4.674329e+000  2.506942e+000  0.000000e+000  0.000000e+000  1.100448e-002  2.124415e-002  3.006052e-002  4.639562e-002  4.114075e-002  
7.414856e+000  5.566374e+000  2.977188e+000  0.000000e+000  0.000000e+000  1.214118e-002  2.336405e-002  3.288409e-002  4.804166e-002  4.078617e-002  
9.600577e+000  7.159574e+000  3.814211e+000  0.000000e+000  0.000000e+000  1.421308e-002  2.722073e-002  3.800555e-002  5.083098e-002  4.002983e-002  
1.298549e+001  9.605832e+000  5.092636e+000  0.000000e+000  0.000000e+000  1.750714e-002  3.333429e-002  4.608791e-002  5.480567e-002  3.860972e-002  
1.790157e+001  1.311608e+001  6.913440e+000  0.000000e+000  0.000000e+000  2.249734e-002  4.255501e-002  5.820266e-002  6.000301e-002  3.612632e-002  
2.477916e+001  1.794737e+001  9.394050e+000  0.000000e+000  0.000000e+000  2.994149e-002  5.621746e-002  7.599740e-002  6.642503e-002  3.200934e-002  
3.412010e+001  2.436670e+001  1.264498e+001  0.000000e+000  0.000000e+000  4.106051e-002  7.640245e-002  1.019485e-001  7.398511e-002  2.547404e-002  
4.641606e+001  3.256982e+001  1.672255e+001  0.000000e+000  0.000000e+000  5.789498e-002  1.063970e-001  1.397213e-001  8.241666e-002  1.546761e-002  
6.195501e+001  4.252171e+001  2.154451e+001  0.000000e+000  0.000000e+000  8.408733e-002  1.515530e-001  1.946391e-001  9.112142e-002  6.082506e-004  
8.041544e+001  5.367855e+001  2.676013e+001  0.000000e+000  0.000000e+000  1.267816e-001  2.210016e-001  2.741740e-001  9.892428e-002  -2.087655e-002  
1.000972e+002  6.457327e+001  3.159404e+001  0.000000e+000  0.000000e+000  2.016839e-001  3.312443e-001  3.880783e-001  1.036925e-001  -5.119934e-002  
1.166584e+002  7.236485e+001  3.476827e+001  0.000000e+000  0.000000e+000  3.476772e-001  5.135747e-001  5.469517e-001  1.017811e-001  -9.302561e-002  
1.216717e+002  7.279922e+001  3.480047e+001  0.000000e+000  0.000000e+000  6.723436e-001  8.269786e-001  7.559713e-001  8.732212e-002  -1.494104e-001  
1.032773e+002  6.165863e+001  3.131708e+001  0.000000e+000  0.000000e+000  1.504871e+000  1.363412e+000  9.963961e-001  5.158165e-002  -2.236018e-001  
6.408111e+001  4.234954e+001  2.478077e+001  5.998636e+000  5.439753e+000  3.344479e+000  2.011176e+000  1.162874e+000  -5.929973e-003  -3.049245e-001  
1.745004e+001  1.961133e+001  1.901195e+001  2.547356e+001  1.115501e+001  4.631193e+000  2.306738e+000  1.173468e+000  -9.529545e-002  -4.034685e-001  
-7.424600e+000  6.651713e+000  1.276447e+001  2.700034e+001  9.279713e+000  3.897526e+000  2.057250e+000  1.067674e+000  -1.674935e-001  -4.727448e-001  
-2.608876e+001  -4.049473e+000  4.167402e+000  0.000000e+000  0.000000e+000  2.188026e+000  1.574384e+000  8.903444e-001  -2.526017e-001  -5.487700e-001  
-3.745840e+001  -1.326388e+001  -2.854561e+000  0.000000e+000  0.000000e+000  8.312535e-001  7.776408e-001  4.762415e-001  -4.306339e-001  -6.981663e-001  
-2.507583e+001  -1.026653e+001  -3.215969e+000  0.000000e+000  0.000000e+000  2.297880e-001  1.938992e-001  3.327617e-002  -6.371775e-001  -8.665468e-001  
-5.857320e-001  -3.758032e-001  -1.838873e-001  0.000000e+000  0.000000e+000  -1.449547e-001  -2.831608e-001  -4.123512e-001  -8.645776e-001  -1.051939e+000  
2.392772e+001  9.533475e+000  2.856580e+000  0.000000e+000  0.000000e+000  -5.258384e-001  -7.686709e-001  -8.675212e-001  -1.106105e+000  -1.252173e+000  
3.639897e+001  1.259103e+001  2.518706e+000  0.000000e+000  0.000000e+000  -1.149005e+000  -1.378821e+000  -1.339158e+000  -1.355229e+000  -1.465164e+000  
2.522685e+001  3.485274e+000  -4.476295e+000  0.000000e+000  0.000000e+000  -2.557561e+000  -2.222084e+000  -1.800860e+000  -1.604904e+000  -1.689192e+000  
6.729345e+000  -7.135477e+000  -1.305862e+001  -2.709491e+001  -9.437904e+000  -4.309302e+000  -2.738106e+000  -2.013235e+000  -1.744329e+000  -1.821367e+000  
-1.795559e+001  -2.000727e+001  -1.929353e+001  -2.568397e+001  -1.139296e+001  -5.081294e+000  -3.022568e+000  -2.159600e+000  -1.880911e+000  -1.956764e+000  
-6.427477e+001  -4.260312e+001  -2.501394e+001  -6.268677e+000  -5.688870e+000  -3.826169e+000  -2.782723e+000  -2.227183e+000  -2.097693e+000  -2.184797e+000  
-1.032755e+002  -6.182934e+001  -3.145682e+001  0.000000e+000  0.000000e+000  -1.977132e+000  -2.190370e+000  -2.157001e+000  -2.312315e+000  -2.422825e+000  
-1.214683e+002  -7.267947e+001  -3.481469e+001  0.000000e+000  0.000000e+000  -1.182899e+000  -1.761766e+000  -2.066473e+000  -2.551563e+000  -2.691998e+000  
-1.187499e+002  -7.340321e+001  -3.524025e+001  0.000000e+000  0.000000e+000  -9.059514e-001  -1.571316e+000  -2.042861e+000  -2.812527e+000  -2.977523e+000  
-1.048429e+002  -6.728265e+001  -3.284235e+001  0.000000e+000  0.000000e+000  -8.362340e-001  -1.550124e+000  -2.118282e+000  -3.106565e+000  -3.281750e+000  
-8.725359e+001  -5.793377e+001  -2.880268e+001  0.000000e+000  0.000000e+000  -8.729290e-001  -1.657208e+000  -2.307746e+000  -3.442957e+000  -3.606166e+000  
-7.024122e+001  -4.800035e+001  -2.426624e+001  0.000000e+000  0.000000e+000  -9.874636e-001  -1.882657e+000  -2.627205e+000  -3.828978e+000  -3.950896e+000  
-5.576706e+001  -3.903249e+001  -2.002212e+001  0.000000e+000  0.000000e+000  -1.183232e+000  -2.241478e+000  -3.102346e+000  -4.269812e+000  -4.314255e+000  
-4.449445e+001  -3.178277e+001  -1.652254e+001  0.000000e+000  0.000000e+000  -1.488614e+000  -2.774425e+000  -3.773480e+000  -4.767974e+000  -4.692296e+000  
-3.645192e+001  -2.654330e+001  -1.401302e+001  0.000000e+000  0.000000e+000  -1.970670e+000  -3.559022e+000  -4.698200e+000  -5.322021e+000  -5.078396e+000  
-3.116476e+001  -2.328286e+001  -1.266097e+001  0.000000e+000  0.000000e+000  -2.849443e+000  -4.828026e+000  -6.044510e+000  -5.966217e+000  -5.488476e+000  
-2.882615e+001  -2.257098e+001  -1.324390e+001  0.000000e+000  0.000000e+000  -4.580336e+000  -6.850020e+000  -7.851100e+000  -6.644344e+000  -5.881027e+000  
-2.882493e+001  -2.474542e+001  -1.763478e+001  0.000000e+000  0.000000e+000  -8.562845e+000  -1.012175e+001  -1.013799e+001  -7.317958e+000  -6.236549e+000  
-3.005035e+001  -2.906270e+001  -2.790748e+001  -2.878834e+001  -2.082512e+001  -1.672463e+001  -1.431983e+001  -1.239865e+001  -7.864041e+000  -6.503504e+000  
-3.167887e+001  -3.332334e+001  -3.638315e+001  -4.328761e+001  -3.245621e+001  -2.362553e+001  -1.818195e+001  -1.443641e+001  -8.307001e+000  -6.708244e+000  
-3.298981e+001  -3.624397e+001  -4.157192e+001  -5.089523e+001  -3.900097e+001  -2.798359e+001  -2.078497e+001  -1.584127e+001  -8.597280e+000  -6.837560e+000  
-3.349296e+001  -3.728329e+001  -4.332039e+001  -5.329683e+001  -4.113540e+001  -2.947804e+001  -2.170766e+001  -1.634843e+001  -8.700020e+000  -6.882506e+000  

