Port monitor named: Port2_e1.prt

nx        = 110
ny        = 102
nz        = 20

nu        = 10
nv        = 44
iu        = 6
iv        = 36

idir      = 1
dcut      = 1.500000e-002
icut      = 97
type      = 0
frequency = 1.050000e+010

fcutoff   = 0.000000e+000
alpha     = 0.000000e+000
beta      = 3.199645e+002
accuracy  = 1.875525e-014

type          = QTEM
wave imp.     = 2.592345e+002
wave imp.sig. = 2.067812e-002
line imp.     = 8.056528e+001

ref. port     = 0

2.515043e+000  6.728081e+000  9.156714e+000  0.000000e+000  -4.291988e+002  -4.195397e+002  -4.008193e+002  -3.286099e+002  -1.177284e+002  0.000000e+000  
2.831101e+000  7.573620e+000  1.030752e+001  0.000000e+000  -4.345627e+002  -4.246031e+002  -4.053232e+002  -3.310975e+002  -1.180501e+002  0.000000e+000  
3.883205e+000  1.038836e+001  1.413860e+001  0.000000e+000  -4.513382e+002  -4.404154e+002  -4.193441e+002  -3.386773e+002  -1.189759e+002  0.000000e+000  
5.944683e+000  1.590396e+001  2.164633e+001  0.000000e+000  -4.805315e+002  -4.678466e+002  -4.435103e+002  -3.511606e+002  -1.203116e+002  0.000000e+000  
9.550643e+000  2.555369e+001  3.478381e+001  0.000000e+000  -5.239770e+002  -5.084712e+002  -4.789412e+002  -3.681576e+002  -1.217156e+002  0.000000e+000  
1.563531e+001  4.184331e+001  5.697045e+001  0.000000e+000  -5.845985e+002  -5.647646e+002  -5.273518e+002  -3.889504e+002  -1.226741e+002  0.000000e+000  
2.576828e+001  6.899591e+001  9.398791e+001  0.000000e+000  -6.668589e+002  -6.404174e+002  -5.911939e+002  -4.122818e+002  -1.224700e+002  0.000000e+000  
4.253819e+001  1.140245e+002  1.555088e+002  0.000000e+000  -7.775317e+002  -7.408053e+002  -6.737942e+002  -4.360222e+002  -1.201487e+002  0.000000e+000  
7.013690e+001  1.884596e+002  2.577070e+002  0.000000e+000  -9.270930e+002  -8.736463e+002  -7.793337e+002  -4.566610e+002  -1.144915e+002  0.000000e+000  
1.151299e+002  3.109811e+002  4.278195e+002  0.000000e+000  -1.132456e+003  -1.049792e+003  -9.121844e+002  -4.685582e+002  -1.040135e+002  0.000000e+000  
1.870369e+002  5.108660e+002  7.125744e+002  0.000000e+000  -1.422959e+003  -1.283676e+003  -1.074209e+003  -4.629114e+002  -8.701414e+001  0.000000e+000  
2.969627e+002  8.300933e+002  1.195443e+003  0.000000e+000  -1.855038e+003  -1.591093e+003  -1.256334e+003  -4.265209e+002  -6.172991e+001  0.000000e+000  
4.481017e+002  1.312313e+003  2.037873e+003  0.000000e+000  -2.552150e+003  -1.973850e+003  -1.415712e+003  -3.408713e+002  -2.665428e+001  0.000000e+000  
6.011506e+002  1.924481e+003  3.596915e+003  0.000000e+000  -3.824094e+003  -2.344552e+003  -1.423148e+003  -1.832599e+002  1.889992e+001  0.000000e+000  
5.913466e+002  2.169839e+003  5.725166e+003  0.000000e+000  -5.506892e+003  -2.179074e+003  -9.833442e+002  6.560812e+001  7.397530e+001  0.000000e+000  
2.265964e+002  7.524943e+002  1.206008e+003  4.010423e+002  -8.542966e+002  -3.536596e+002  3.548909e+001  3.510215e+002  1.266755e+002  0.000000e+000  
-2.049918e+002  -6.141215e+002  -8.211981e+002  2.435475e+002  1.696618e+003  1.552783e+003  1.255073e+003  6.647251e+002  1.799923e+002  0.000000e+000  
-4.646612e+002  -1.525910e+003  -2.700803e+003  7.192842e+001  3.923181e+003  2.779467e+003  1.975387e+003  8.483536e+002  2.106380e+002  0.000000e+000  
-6.777456e+002  -2.401974e+003  -6.323469e+003  0.000000e+000  7.536982e+003  3.915290e+003  2.590641e+003  1.015209e+003  2.386810e+002  0.000000e+000  
-7.657611e+002  -2.410496e+003  -4.453461e+003  0.000000e+000  6.268786e+003  4.383806e+003  3.180703e+003  1.247191e+003  2.792826e+002  0.000000e+000  
-7.090657e+002  -2.053102e+003  -3.144689e+003  0.000000e+000  5.189679e+003  4.286820e+003  3.365392e+003  1.384807e+003  3.050102e+002  0.000000e+000  
-6.756322e+002  -1.904037e+003  -2.774563e+003  0.000000e+000  4.896411e+003  4.220092e+003  3.399832e+003  1.429688e+003  3.137041e+002  0.000000e+000  
-7.102945e+002  -2.056943e+003  -3.151235e+003  0.000000e+000  5.195205e+003  4.290087e+003  3.366955e+003  1.384190e+003  3.046907e+002  0.000000e+000  
-7.680101e+002  -2.418072e+003  -4.468887e+003  0.000000e+000  6.281778e+003  4.389878e+003  3.183072e+003  1.245787e+003  2.786325e+002  0.000000e+000  
-6.801541e+002  -2.411014e+003  -6.349596e+003  0.000000e+000  7.559150e+003  3.921450e+003  2.591858e+003  1.012714e+003  2.376828e+002  0.000000e+000  
-4.663834e+002  -1.531647e+003  -2.711430e+003  6.907047e+001  3.930179e+003  2.781474e+003  1.974587e+003  8.450890e+002  2.094347e+002  0.000000e+000  
-2.058319e+002  -6.162929e+002  -8.233362e+002  2.405403e+002  1.694053e+003  1.550036e+003  1.251731e+003  6.606023e+002  1.785808e+002  0.000000e+000  
2.270165e+002  7.553138e+002  1.216250e+003  3.993770e+002  -8.720620e+002  -3.639258e+002  2.781188e+001  3.453737e+002  1.249240e+002  0.000000e+000  
5.918200e+002  2.173815e+003  5.769023e+003  0.000000e+000  -5.559306e+003  -2.193275e+003  -9.940257e+002  5.840773e+001  7.189918e+001  0.000000e+000  
6.125031e+002  1.977742e+003  3.763315e+003  0.000000e+000  -3.977662e+003  -2.388047e+003  -1.430388e+003  -1.781856e+002  1.999583e+001  0.000000e+000  
4.737752e+002  1.399181e+003  2.202825e+003  0.000000e+000  -2.702872e+003  -2.053073e+003  -1.450196e+003  -3.342297e+002  -2.367815e+001  0.000000e+000  
3.265404e+002  9.184026e+002  1.334124e+003  0.000000e+000  -1.990179e+003  -1.685090e+003  -1.312618e+003  -4.244886e+002  -5.815160e+001  0.000000e+000  
2.138334e+002  5.863727e+002  8.219974e+002  0.000000e+000  -1.543830e+003  -1.380133e+003  -1.141650e+003  -4.677410e+002  -8.380159e+001  0.000000e+000  
1.369543e+002  3.708076e+002  5.115369e+002  0.000000e+000  -1.241994e+003  -1.143473e+003  -9.834057e+002  -4.800956e+002  -1.017393e+002  0.000000e+000  
8.719494e+001  2.346421e+002  3.213879e+002  0.000000e+000  -1.028188e+003  -9.630463e+002  -8.504617e+002  -4.735147e+002  -1.133635e+002  0.000000e+000  
5.596805e+001  1.502787e+002  2.053589e+002  0.000000e+000  -8.732847e+002  -8.262404e+002  -7.430588e+002  -4.562377e+002  -1.200877e+002  0.000000e+000  
3.692818e+001  9.940314e+001  1.363848e+002  0.000000e+000  -7.613609e+002  -7.229736e+002  -6.575283e+002  -4.336537e+002  -1.231973e+002  0.000000e+000  
2.524176e+001  6.910941e+001  9.764602e+001  0.000000e+000  -6.808123e+002  -6.408897e+002  -5.849146e+002  -4.074268e+002  -1.237445e+002  0.000000e+000  
1.847573e+001  5.362770e+001  8.671057e+001  0.000000e+000  -6.415308e+002  -5.768076e+002  -5.238216e+002  -3.814204e+002  -1.225330e+002  0.000000e+000  
1.226817e+001  3.981233e+001  9.088802e+001  0.000000e+000  -5.605634e+002  -5.035737e+002  -4.643614e+002  -3.572377e+002  -1.204505e+002  0.000000e+000  
3.513432e+000  7.444660e+000  -4.353916e+000  -2.201942e+002  -4.043461e+002  -4.254843e+002  -4.131935e+002  -3.387083e+002  -1.184640e+002  0.000000e+000  
-2.973004e+000  -1.249028e+001  -3.503609e+001  -2.696441e+002  -3.425645e+002  -3.743641e+002  -3.749731e+002  -3.244509e+002  -1.167518e+002  0.000000e+000  
-6.468263e+000  -2.201641e+001  -4.591715e+001  -2.825547e+002  -3.218503e+002  -3.483387e+002  -3.526934e+002  -3.155047e+002  -1.156035e+002  0.000000e+000  
-7.547324e+000  -2.478599e+001  -4.864267e+001  -2.850528e+002  -3.165013e+002  -3.403728e+002  -3.453812e+002  -3.124151e+002  -1.151940e+002  0.000000e+000  

-2.127381e+000  -1.863051e+000  -1.081302e+000  0.000000e+000  0.000000e+000  -4.615100e+000  -8.944557e+000  -1.274334e+001  -2.111079e+001  -2.163810e+001  
-7.112174e+000  -6.225572e+000  -3.612521e+000  0.000000e+000  0.000000e+000  -1.446050e+001  -2.800358e+001  -3.984504e+001  -6.523690e+001  -6.652894e+001  
-1.404364e+001  -1.228282e+001  -7.124778e+000  0.000000e+000  0.000000e+000  -2.525811e+001  -4.883336e+001  -6.929843e+001  -1.107412e+002  -1.117719e+002  
-2.480675e+001  -2.167462e+001  -1.256739e+001  0.000000e+000  0.000000e+000  -3.779750e+001  -7.289057e+001  -1.030173e+002  -1.585543e+002  -1.575230e+002  
-4.231043e+001  -3.693076e+001  -2.140588e+001  0.000000e+000  0.000000e+000  -5.312522e+001  -1.020816e+002  -1.434665e+002  -2.095971e+002  -2.038083e+002  
-7.125760e+001  -6.214305e+001  -3.601581e+001  0.000000e+000  0.000000e+000  -7.273115e+001  -1.390647e+002  -1.939989e+002  -2.647479e+002  -2.504586e+002  
-1.193763e+002  -1.040494e+002  -6.032989e+001  0.000000e+000  0.000000e+000  -9.886854e+001  -1.877223e+002  -2.593219e+002  -3.247735e+002  -2.970319e+002  
-1.994023e+002  -1.738140e+002  -1.009458e+002  0.000000e+000  0.000000e+000  -1.351723e+002  -2.539624e+002  -3.461346e+002  -3.901972e+002  -3.427232e+002  
-3.322090e+002  -2.899646e+002  -1.691258e+002  0.000000e+000  0.000000e+000  -1.880033e+002  -3.471891e+002  -4.639445e+002  -4.610678e+002  -3.862644e+002  
-5.514584e+002  -4.832158e+002  -2.847434e+002  0.000000e+000  0.000000e+000  -2.697143e+002  -4.832111e+002  -6.259143e+002  -5.365734e+002  -4.258226e+002  
-9.094253e+002  -8.042008e+002  -4.852465e+002  0.000000e+000  0.000000e+000  -4.073896e+002  -6.902630e+002  -8.491008e+002  -6.144317e+002  -4.589183e+002  
-1.480226e+003  -1.334735e+003  -8.498529e+002  0.000000e+000  0.000000e+000  -6.682842e+002  -1.021160e+003  -1.152068e+003  -6.899920e+002  -4.824015e+002  
-2.344667e+003  -2.197581e+003  -1.576257e+003  0.000000e+000  0.000000e+000  -1.239895e+003  -1.572855e+003  -1.544496e+003  -7.550813e+002  -4.925493e+002  
-3.507811e+003  -3.522259e+003  -3.254195e+003  0.000000e+000  0.000000e+000  -2.702308e+003  -2.483618e+003  -1.997189e+003  -7.969672e+002  -4.853773e+002  
-4.579097e+003  -5.000808e+003  -6.588881e+003  -1.086424e+004  -1.050159e+004  -5.774511e+003  -3.587547e+003  -2.354912e+003  -7.986073e+002  -4.591206e+002  
-4.962033e+003  -5.459699e+003  -6.984999e+003  -9.214135e+003  -9.262829e+003  -6.204226e+003  -3.921509e+003  -2.454957e+003  -7.583020e+002  -4.173266e+002  
-4.686326e+003  -5.174659e+003  -6.840813e+003  -1.026532e+004  -1.041988e+004  -6.104814e+003  -3.715598e+003  -2.304140e+003  -6.880520e+002  -3.694309e+002  
-4.209454e+003  -4.610596e+003  -6.214453e+003  -1.273752e+004  -1.275023e+004  -5.503466e+003  -3.292834e+003  -2.085283e+003  -6.178077e+002  -3.268308e+002  
-3.250729e+003  -3.347168e+003  -3.331167e+003  0.000000e+000  0.000000e+000  -2.880811e+003  -2.333617e+003  -1.663934e+003  -5.000056e+002  -2.603494e+002  
-1.872829e+003  -1.814436e+003  -1.420292e+003  0.000000e+000  0.000000e+000  -1.141943e+003  -1.223793e+003  -1.005166e+003  -3.129467e+002  -1.612488e+002  
-5.997005e+002  -5.648199e+002  -4.019289e+002  0.000000e+000  0.000000e+000  -3.090734e+002  -3.738036e+002  -3.303515e+002  -1.042583e+002  -5.301428e+001  
6.121584e+002  5.760147e+002  4.089948e+002  0.000000e+000  0.000000e+000  3.148166e+002  3.828618e+002  3.409099e+002  1.114290e+002  5.831057e+001  
1.887512e+003  1.828075e+003  1.429892e+003  0.000000e+000  0.000000e+000  1.149772e+003  1.234426e+003  1.016473e+003  3.200699e+002  1.664433e+002  
3.269487e+003  3.365795e+003  3.348127e+003  0.000000e+000  0.000000e+000  2.895028e+003  2.347674e+003  1.676537e+003  5.070034e+002  2.653368e+002  
4.231643e+003  4.634103e+003  6.243990e+003  1.279419e+004  1.280320e+004  5.529281e+003  3.310481e+003  2.098891e+003  6.246026e+002  3.315680e+002  
4.710298e+003  5.200313e+003  6.872967e+003  1.031294e+004  1.046689e+004  6.133259e+003  3.734729e+003  2.318238e+003  6.946410e+002  3.739489e+002  
4.987157e+003  5.486297e+003  7.017136e+003  9.260041e+003  9.309495e+003  6.232805e+003  3.941064e+003  2.469272e+003  7.645306e+002  4.215064e+002  
4.603535e+003  5.025333e+003  6.614557e+003  1.092593e+004  1.056416e+004  5.796668e+003  3.604901e+003  2.368611e+003  8.041863e+002  4.627801e+002  
3.569697e+003  3.596416e+003  3.362820e+003  0.000000e+000  0.000000e+000  2.800105e+003  2.537261e+003  2.022545e+003  8.017131e+002  4.874611e+002  
2.463425e+003  2.320728e+003  1.690655e+003  0.000000e+000  0.000000e+000  1.333657e+003  1.653800e+003  1.595879e+003  7.634688e+002  4.946332e+002  
1.610058e+003  1.458078e+003  9.394828e+002  0.000000e+000  0.000000e+000  7.342134e+002  1.097650e+003  1.215653e+003  7.035226e+002  4.863227e+002  
1.023853e+003  9.080257e+002  5.520301e+002  0.000000e+000  0.000000e+000  4.527789e+002  7.540687e+002  9.130795e+002  6.328131e+002  4.657958e+002  
6.415080e+002  5.630648e+002  3.332295e+002  0.000000e+000  0.000000e+000  3.017893e+002  5.341098e+002  6.835202e+002  5.587219e+002  4.361847e+002  
3.977711e+002  3.474468e+002  2.031033e+002  0.000000e+000  0.000000e+000  2.109358e+002  3.865091e+002  5.121142e+002  4.857325e+002  4.002270e+002  
2.434368e+002  2.121694e+002  1.232807e+002  0.000000e+000  0.000000e+000  1.508873e+002  2.827347e+002  3.837942e+002  4.162865e+002  3.601640e+002  
1.449996e+002  1.261352e+002  7.287181e+001  0.000000e+000  0.000000e+000  1.075508e+002  2.061143e+002  2.862204e+002  3.515065e+002  3.177352e+002  
7.836279e+001  6.761402e+001  3.809404e+001  0.000000e+000  0.000000e+000  7.104769e+001  1.438892e+002  2.076069e+002  2.897291e+002  2.727728e+002  
3.171798e+001  2.546853e+001  1.048236e+001  0.000000e+000  0.000000e+000  3.190276e+001  8.904288e+001  1.433889e+002  2.315141e+002  2.261757e+002  
-2.113210e+000  -8.131529e+000  -2.171185e+001  0.000000e+000  0.000000e+000  -3.155604e+001  3.724364e+001  9.201804e+001  1.784478e+002  1.800588e+002  
-2.284049e+001  -3.268789e+001  -6.898177e+001  -1.640882e+002  -3.203706e+002  -8.415621e+001  1.249660e+000  5.568952e+001  1.326248e+002  1.372275e+002  
-2.726200e+001  -3.465124e+001  -5.707828e+001  -9.160685e+001  -1.336959e+002  -6.486818e+001  -8.875277e+000  3.213199e+001  9.251601e+001  9.755662e+001  
-2.045238e+001  -2.447999e+001  -3.523568e+001  -4.753117e+001  -5.866382e+001  -3.591999e+001  -7.517747e+000  1.642509e+001  5.473160e+001  5.847282e+001  
-7.572831e+000  -8.826112e+000  -1.196180e+001  -1.505339e+001  -1.724381e+001  -1.142694e+001  -2.758119e+000  5.098805e+000  1.839263e+001  1.978236e+001  
0.000000e+000  0.000000e+000  0.000000e+000  0.000000e+000  0.000000e+000  0.000000e+000  0.000000e+000  0.000000e+000  0.000000e+000  0.000000e+000  

0.000000e+000  0.000000e+000  0.000000e+000  0.000000e+000  0.000000e+000  0.000000e+000  0.000000e+000  0.000000e+000  0.000000e+000  0.000000e+000  
0.000000e+000  0.000000e+000  0.000000e+000  0.000000e+000  0.000000e+000  0.000000e+000  0.000000e+000  0.000000e+000  0.000000e+000  0.000000e+000  
0.000000e+000  0.000000e+000  0.000000e+000  0.000000e+000  0.000000e+000  0.000000e+000  0.000000e+000  0.000000e+000  0.000000e+000  0.000000e+000  
0.000000e+000  0.000000e+000  0.000000e+000  0.000000e+000  0.000000e+000  0.000000e+000  0.000000e+000  0.000000e+000  0.000000e+000  0.000000e+000  
0.000000e+000  0.000000e+000  0.000000e+000  0.000000e+000  0.000000e+000  0.000000e+000  0.000000e+000  0.000000e+000  0.000000e+000  0.000000e+000  
0.000000e+000  0.000000e+000  0.000000e+000  0.000000e+000  0.000000e+000  0.000000e+000  0.000000e+000  0.000000e+000  0.000000e+000  0.000000e+000  
0.000000e+000  0.000000e+000  0.000000e+000  0.000000e+000  0.000000e+000  0.000000e+000  0.000000e+000  0.000000e+000  0.000000e+000  0.000000e+000  
0.000000e+000  0.000000e+000  0.000000e+000  0.000000e+000  0.000000e+000  0.000000e+000  0.000000e+000  0.000000e+000  0.000000e+000  0.000000e+000  
0.000000e+000  0.000000e+000  0.000000e+000  0.000000e+000  0.000000e+000  0.000000e+000  0.000000e+000  0.000000e+000  0.000000e+000  0.000000e+000  
0.000000e+000  0.000000e+000  0.000000e+000  0.000000e+000  0.000000e+000  0.000000e+000  0.000000e+000  0.000000e+000  0.000000e+000  0.000000e+000  
0.000000e+000  0.000000e+000  0.000000e+000  0.000000e+000  0.000000e+000  0.000000e+000  0.000000e+000  0.000000e+000  0.000000e+000  0.000000e+000  
0.000000e+000  0.000000e+000  0.000000e+000  0.000000e+000  0.000000e+000  0.000000e+000  0.000000e+000  0.000000e+000  0.000000e+000  0.000000e+000  
0.000000e+000  0.000000e+000  0.000000e+000  0.000000e+000  0.000000e+000  0.000000e+000  0.000000e+000  0.000000e+000  0.000000e+000  0.000000e+000  
0.000000e+000  0.000000e+000  0.000000e+000  0.000000e+000  0.000000e+000  0.000000e+000  0.000000e+000  0.000000e+000  0.000000e+000  0.000000e+000  
0.000000e+000  0.000000e+000  0.000000e+000  0.000000e+000  0.000000e+000  0.000000e+000  0.000000e+000  0.000000e+000  0.000000e+000  0.000000e+000  
0.000000e+000  0.000000e+000  0.000000e+000  0.000000e+000  0.000000e+000  0.000000e+000  0.000000e+000  0.000000e+000  0.000000e+000  0.000000e+000  
0.000000e+000  0.000000e+000  0.000000e+000  0.000000e+000  0.000000e+000  0.000000e+000  0.000000e+000  0.000000e+000  0.000000e+000  0.000000e+000  
0.000000e+000  0.000000e+000  0.000000e+000  0.000000e+000  0.000000e+000  0.000000e+000  0.000000e+000  0.000000e+000  0.000000e+000  0.000000e+000  
0.000000e+000  0.000000e+000  0.000000e+000  0.000000e+000  0.000000e+000  0.000000e+000  0.000000e+000  0.000000e+000  0.000000e+000  0.000000e+000  
0.000000e+000  0.000000e+000  0.000000e+000  0.000000e+000  0.000000e+000  0.000000e+000  0.000000e+000  0.000000e+000  0.000000e+000  0.000000e+000  
0.000000e+000  0.000000e+000  0.000000e+000  0.000000e+000  0.000000e+000  0.000000e+000  0.000000e+000  0.000000e+000  0.000000e+000  0.000000e+000  
0.000000e+000  0.000000e+000  0.000000e+000  0.000000e+000  0.000000e+000  0.000000e+000  0.000000e+000  0.000000e+000  0.000000e+000  0.000000e+000  
0.000000e+000  0.000000e+000  0.000000e+000  0.000000e+000  0.000000e+000  0.000000e+000  0.000000e+000  0.000000e+000  0.000000e+000  0.000000e+000  
0.000000e+000  0.000000e+000  0.000000e+000  0.000000e+000  0.000000e+000  0.000000e+000  0.000000e+000  0.000000e+000  0.000000e+000  0.000000e+000  
0.000000e+000  0.000000e+000  0.000000e+000  0.000000e+000  0.000000e+000  0.000000e+000  0.000000e+000  0.000000e+000  0.000000e+000  0.000000e+000  
0.000000e+000  0.000000e+000  0.000000e+000  0.000000e+000  0.000000e+000  0.000000e+000  0.000000e+000  0.000000e+000  0.000000e+000  0.000000e+000  
0.000000e+000  0.000000e+000  0.000000e+000  0.000000e+000  0.000000e+000  0.000000e+000  0.000000e+000  0.000000e+000  0.000000e+000  0.000000e+000  
0.000000e+000  0.000000e+000  0.000000e+000  0.000000e+000  0.000000e+000  0.000000e+000  0.000000e+000  0.000000e+000  0.000000e+000  0.000000e+000  
0.000000e+000  0.000000e+000  0.000000e+000  0.000000e+000  0.000000e+000  0.000000e+000  0.000000e+000  0.000000e+000  0.000000e+000  0.000000e+000  
0.000000e+000  0.000000e+000  0.000000e+000  0.000000e+000  0.000000e+000  0.000000e+000  0.000000e+000  0.000000e+000  0.000000e+000  0.000000e+000  
0.000000e+000  0.000000e+000  0.000000e+000  0.000000e+000  0.000000e+000  0.000000e+000  0.000000e+000  0.000000e+000  0.000000e+000  0.000000e+000  
0.000000e+000  0.000000e+000  0.000000e+000  0.000000e+000  0.000000e+000  0.000000e+000  0.000000e+000  0.000000e+000  0.000000e+000  0.000000e+000  
0.000000e+000  0.000000e+000  0.000000e+000  0.000000e+000  0.000000e+000  0.000000e+000  0.000000e+000  0.000000e+000  0.000000e+000  0.000000e+000  
0.000000e+000  0.000000e+000  0.000000e+000  0.000000e+000  0.000000e+000  0.000000e+000  0.000000e+000  0.000000e+000  0.000000e+000  0.000000e+000  
0.000000e+000  0.000000e+000  0.000000e+000  0.000000e+000  0.000000e+000  0.000000e+000  0.000000e+000  0.000000e+000  0.000000e+000  0.000000e+000  
0.000000e+000  0.000000e+000  0.000000e+000  0.000000e+000  0.000000e+000  0.000000e+000  0.000000e+000  0.000000e+000  0.000000e+000  0.000000e+000  
0.000000e+000  0.000000e+000  0.000000e+000  0.000000e+000  0.000000e+000  0.000000e+000  0.000000e+000  0.000000e+000  0.000000e+000  0.000000e+000  
0.000000e+000  0.000000e+000  0.000000e+000  0.000000e+000  0.000000e+000  0.000000e+000  0.000000e+000  0.000000e+000  0.000000e+000  0.000000e+000  
0.000000e+000  0.000000e+000  0.000000e+000  0.000000e+000  0.000000e+000  0.000000e+000  0.000000e+000  0.000000e+000  0.000000e+000  0.000000e+000  
0.000000e+000  0.000000e+000  0.000000e+000  0.000000e+000  0.000000e+000  0.000000e+000  0.000000e+000  0.000000e+000  0.000000e+000  0.000000e+000  
0.000000e+000  0.000000e+000  0.000000e+000  0.000000e+000  0.000000e+000  0.000000e+000  0.000000e+000  0.000000e+000  0.000000e+000  0.000000e+000  
0.000000e+000  0.000000e+000  0.000000e+000  0.000000e+000  0.000000e+000  0.000000e+000  0.000000e+000  0.000000e+000  0.000000e+000  0.000000e+000  
0.000000e+000  0.000000e+000  0.000000e+000  0.000000e+000  0.000000e+000  0.000000e+000  0.000000e+000  0.000000e+000  0.000000e+000  0.000000e+000  
0.000000e+000  0.000000e+000  0.000000e+000  0.000000e+000  0.000000e+000  0.000000e+000  0.000000e+000  0.000000e+000  0.000000e+000  0.000000e+000  

0.000000e+000  0.000000e+000  0.000000e+000  0.000000e+000  0.000000e+000  0.000000e+000  0.000000e+000  0.000000e+000  0.000000e+000  0.000000e+000  
0.000000e+000  0.000000e+000  0.000000e+000  0.000000e+000  0.000000e+000  0.000000e+000  0.000000e+000  0.000000e+000  0.000000e+000  0.000000e+000  
0.000000e+000  0.000000e+000  0.000000e+000  0.000000e+000  0.000000e+000  0.000000e+000  0.000000e+000  0.000000e+000  0.000000e+000  0.000000e+000  
0.000000e+000  0.000000e+000  0.000000e+000  0.000000e+000  0.000000e+000  0.000000e+000  0.000000e+000  0.000000e+000  0.000000e+000  0.000000e+000  
0.000000e+000  0.000000e+000  0.000000e+000  0.000000e+000  0.000000e+000  0.000000e+000  0.000000e+000  0.000000e+000  0.000000e+000  0.000000e+000  
0.000000e+000  0.000000e+000  0.000000e+000  0.000000e+000  0.000000e+000  0.000000e+000  0.000000e+000  0.000000e+000  0.000000e+000  0.000000e+000  
0.000000e+000  0.000000e+000  0.000000e+000  0.000000e+000  0.000000e+000  0.000000e+000  0.000000e+000  0.000000e+000  0.000000e+000  0.000000e+000  
0.000000e+000  0.000000e+000  0.000000e+000  0.000000e+000  0.000000e+000  0.000000e+000  0.000000e+000  0.000000e+000  0.000000e+000  0.000000e+000  
0.000000e+000  0.000000e+000  0.000000e+000  0.000000e+000  0.000000e+000  0.000000e+000  0.000000e+000  0.000000e+000  0.000000e+000  0.000000e+000  
0.000000e+000  0.000000e+000  0.000000e+000  0.000000e+000  0.000000e+000  0.000000e+000  0.000000e+000  0.000000e+000  0.000000e+000  0.000000e+000  
0.000000e+000  0.000000e+000  0.000000e+000  0.000000e+000  0.000000e+000  0.000000e+000  0.000000e+000  0.000000e+000  0.000000e+000  0.000000e+000  
0.000000e+000  0.000000e+000  0.000000e+000  0.000000e+000  0.000000e+000  0.000000e+000  0.000000e+000  0.000000e+000  0.000000e+000  0.000000e+000  
0.000000e+000  0.000000e+000  0.000000e+000  0.000000e+000  0.000000e+000  0.000000e+000  0.000000e+000  0.000000e+000  0.000000e+000  0.000000e+000  
0.000000e+000  0.000000e+000  0.000000e+000  0.000000e+000  0.000000e+000  0.000000e+000  0.000000e+000  0.000000e+000  0.000000e+000  0.000000e+000  
0.000000e+000  0.000000e+000  0.000000e+000  0.000000e+000  0.000000e+000  0.000000e+000  0.000000e+000  0.000000e+000  0.000000e+000  0.000000e+000  
0.000000e+000  0.000000e+000  0.000000e+000  0.000000e+000  0.000000e+000  0.000000e+000  0.000000e+000  0.000000e+000  0.000000e+000  0.000000e+000  
0.000000e+000  0.000000e+000  0.000000e+000  0.000000e+000  0.000000e+000  0.000000e+000  0.000000e+000  0.000000e+000  0.000000e+000  0.000000e+000  
0.000000e+000  0.000000e+000  0.000000e+000  0.000000e+000  0.000000e+000  0.000000e+000  0.000000e+000  0.000000e+000  0.000000e+000  0.000000e+000  
0.000000e+000  0.000000e+000  0.000000e+000  0.000000e+000  0.000000e+000  0.000000e+000  0.000000e+000  0.000000e+000  0.000000e+000  0.000000e+000  
0.000000e+000  0.000000e+000  0.000000e+000  0.000000e+000  0.000000e+000  0.000000e+000  0.000000e+000  0.000000e+000  0.000000e+000  0.000000e+000  
0.000000e+000  0.000000e+000  0.000000e+000  0.000000e+000  0.000000e+000  0.000000e+000  0.000000e+000  0.000000e+000  0.000000e+000  0.000000e+000  
0.000000e+000  0.000000e+000  0.000000e+000  0.000000e+000  0.000000e+000  0.000000e+000  0.000000e+000  0.000000e+000  0.000000e+000  0.000000e+000  
0.000000e+000  0.000000e+000  0.000000e+000  0.000000e+000  0.000000e+000  0.000000e+000  0.000000e+000  0.000000e+000  0.000000e+000  0.000000e+000  
0.000000e+000  0.000000e+000  0.000000e+000  0.000000e+000  0.000000e+000  0.000000e+000  0.000000e+000  0.000000e+000  0.000000e+000  0.000000e+000  
0.000000e+000  0.000000e+000  0.000000e+000  0.000000e+000  0.000000e+000  0.000000e+000  0.000000e+000  0.000000e+000  0.000000e+000  0.000000e+000  
0.000000e+000  0.000000e+000  0.000000e+000  0.000000e+000  0.000000e+000  0.000000e+000  0.000000e+000  0.000000e+000  0.000000e+000  0.000000e+000  
0.000000e+000  0.000000e+000  0.000000e+000  0.000000e+000  0.000000e+000  0.000000e+000  0.000000e+000  0.000000e+000  0.000000e+000  0.000000e+000  
0.000000e+000  0.000000e+000  0.000000e+000  0.000000e+000  0.000000e+000  0.000000e+000  0.000000e+000  0.000000e+000  0.000000e+000  0.000000e+000  
0.000000e+000  0.000000e+000  0.000000e+000  0.000000e+000  0.000000e+000  0.000000e+000  0.000000e+000  0.000000e+000  0.000000e+000  0.000000e+000  
0.000000e+000  0.000000e+000  0.000000e+000  0.000000e+000  0.000000e+000  0.000000e+000  0.000000e+000  0.000000e+000  0.000000e+000  0.000000e+000  
0.000000e+000  0.000000e+000  0.000000e+000  0.000000e+000  0.000000e+000  0.000000e+000  0.000000e+000  0.000000e+000  0.000000e+000  0.000000e+000  
0.000000e+000  0.000000e+000  0.000000e+000  0.000000e+000  0.000000e+000  0.000000e+000  0.000000e+000  0.000000e+000  0.000000e+000  0.000000e+000  
0.000000e+000  0.000000e+000  0.000000e+000  0.000000e+000  0.000000e+000  0.000000e+000  0.000000e+000  0.000000e+000  0.000000e+000  0.000000e+000  
0.000000e+000  0.000000e+000  0.000000e+000  0.000000e+000  0.000000e+000  0.000000e+000  0.000000e+000  0.000000e+000  0.000000e+000  0.000000e+000  
0.000000e+000  0.000000e+000  0.000000e+000  0.000000e+000  0.000000e+000  0.000000e+000  0.000000e+000  0.000000e+000  0.000000e+000  0.000000e+000  
0.000000e+000  0.000000e+000  0.000000e+000  0.000000e+000  0.000000e+000  0.000000e+000  0.000000e+000  0.000000e+000  0.000000e+000  0.000000e+000  
0.000000e+000  0.000000e+000  0.000000e+000  0.000000e+000  0.000000e+000  0.000000e+000  0.000000e+000  0.000000e+000  0.000000e+000  0.000000e+000  
0.000000e+000  0.000000e+000  0.000000e+000  0.000000e+000  0.000000e+000  0.000000e+000  0.000000e+000  0.000000e+000  0.000000e+000  0.000000e+000  
0.000000e+000  0.000000e+000  0.000000e+000  0.000000e+000  0.000000e+000  0.000000e+000  0.000000e+000  0.000000e+000  0.000000e+000  0.000000e+000  
0.000000e+000  0.000000e+000  0.000000e+000  0.000000e+000  0.000000e+000  0.000000e+000  0.000000e+000  0.000000e+000  0.000000e+000  0.000000e+000  
0.000000e+000  0.000000e+000  0.000000e+000  0.000000e+000  0.000000e+000  0.000000e+000  0.000000e+000  0.000000e+000  0.000000e+000  0.000000e+000  
0.000000e+000  0.000000e+000  0.000000e+000  0.000000e+000  0.000000e+000  0.000000e+000  0.000000e+000  0.000000e+000  0.000000e+000  0.000000e+000  
0.000000e+000  0.000000e+000  0.000000e+000  0.000000e+000  0.000000e+000  0.000000e+000  0.000000e+000  0.000000e+000  0.000000e+000  0.000000e+000  
0.000000e+000  0.000000e+000  0.000000e+000  0.000000e+000  0.000000e+000  0.000000e+000  0.000000e+000  0.000000e+000  0.000000e+000  0.000000e+000  

0.000000e+000  0.000000e+000  0.000000e+000  0.000000e+000  0.000000e+000  0.000000e+000  0.000000e+000  0.000000e+000  0.000000e+000  0.000000e+000  
0.000000e+000  0.000000e+000  0.000000e+000  0.000000e+000  0.000000e+000  0.000000e+000  0.000000e+000  0.000000e+000  0.000000e+000  0.000000e+000  
0.000000e+000  0.000000e+000  0.000000e+000  0.000000e+000  0.000000e+000  0.000000e+000  0.000000e+000  0.000000e+000  0.000000e+000  0.000000e+000  
0.000000e+000  0.000000e+000  0.000000e+000  0.000000e+000  0.000000e+000  0.000000e+000  0.000000e+000  0.000000e+000  0.000000e+000  0.000000e+000  
0.000000e+000  0.000000e+000  0.000000e+000  0.000000e+000  0.000000e+000  0.000000e+000  0.000000e+000  0.000000e+000  0.000000e+000  0.000000e+000  
0.000000e+000  0.000000e+000  0.000000e+000  0.000000e+000  0.000000e+000  0.000000e+000  0.000000e+000  0.000000e+000  0.000000e+000  0.000000e+000  
0.000000e+000  0.000000e+000  0.000000e+000  0.000000e+000  0.000000e+000  0.000000e+000  0.000000e+000  0.000000e+000  0.000000e+000  0.000000e+000  
0.000000e+000  0.000000e+000  0.000000e+000  0.000000e+000  0.000000e+000  0.000000e+000  0.000000e+000  0.000000e+000  0.000000e+000  0.000000e+000  
0.000000e+000  0.000000e+000  0.000000e+000  0.000000e+000  0.000000e+000  0.000000e+000  0.000000e+000  0.000000e+000  0.000000e+000  0.000000e+000  
0.000000e+000  0.000000e+000  0.000000e+000  0.000000e+000  0.000000e+000  0.000000e+000  0.000000e+000  0.000000e+000  0.000000e+000  0.000000e+000  
0.000000e+000  0.000000e+000  0.000000e+000  0.000000e+000  0.000000e+000  0.000000e+000  0.000000e+000  0.000000e+000  0.000000e+000  0.000000e+000  
0.000000e+000  0.000000e+000  0.000000e+000  0.000000e+000  0.000000e+000  0.000000e+000  0.000000e+000  0.000000e+000  0.000000e+000  0.000000e+000  
0.000000e+000  0.000000e+000  0.000000e+000  0.000000e+000  0.000000e+000  0.000000e+000  0.000000e+000  0.000000e+000  0.000000e+000  0.000000e+000  
0.000000e+000  0.000000e+000  0.000000e+000  0.000000e+000  0.000000e+000  0.000000e+000  0.000000e+000  0.000000e+000  0.000000e+000  0.000000e+000  
0.000000e+000  0.000000e+000  0.000000e+000  0.000000e+000  0.000000e+000  0.000000e+000  0.000000e+000  0.000000e+000  0.000000e+000  0.000000e+000  
0.000000e+000  0.000000e+000  0.000000e+000  0.000000e+000  0.000000e+000  0.000000e+000  0.000000e+000  0.000000e+000  0.000000e+000  0.000000e+000  
0.000000e+000  0.000000e+000  0.000000e+000  0.000000e+000  0.000000e+000  0.000000e+000  0.000000e+000  0.000000e+000  0.000000e+000  0.000000e+000  
0.000000e+000  0.000000e+000  0.000000e+000  0.000000e+000  0.000000e+000  0.000000e+000  0.000000e+000  0.000000e+000  0.000000e+000  0.000000e+000  
0.000000e+000  0.000000e+000  0.000000e+000  0.000000e+000  0.000000e+000  0.000000e+000  0.000000e+000  0.000000e+000  0.000000e+000  0.000000e+000  
0.000000e+000  0.000000e+000  0.000000e+000  0.000000e+000  0.000000e+000  0.000000e+000  0.000000e+000  0.000000e+000  0.000000e+000  0.000000e+000  
0.000000e+000  0.000000e+000  0.000000e+000  0.000000e+000  0.000000e+000  0.000000e+000  0.000000e+000  0.000000e+000  0.000000e+000  0.000000e+000  
0.000000e+000  0.000000e+000  0.000000e+000  0.000000e+000  0.000000e+000  0.000000e+000  0.000000e+000  0.000000e+000  0.000000e+000  0.000000e+000  
0.000000e+000  0.000000e+000  0.000000e+000  0.000000e+000  0.000000e+000  0.000000e+000  0.000000e+000  0.000000e+000  0.000000e+000  0.000000e+000  
0.000000e+000  0.000000e+000  0.000000e+000  0.000000e+000  0.000000e+000  0.000000e+000  0.000000e+000  0.000000e+000  0.000000e+000  0.000000e+000  
0.000000e+000  0.000000e+000  0.000000e+000  0.000000e+000  0.000000e+000  0.000000e+000  0.000000e+000  0.000000e+000  0.000000e+000  0.000000e+000  
0.000000e+000  0.000000e+000  0.000000e+000  0.000000e+000  0.000000e+000  0.000000e+000  0.000000e+000  0.000000e+000  0.000000e+000  0.000000e+000  
0.000000e+000  0.000000e+000  0.000000e+000  0.000000e+000  0.000000e+000  0.000000e+000  0.000000e+000  0.000000e+000  0.000000e+000  0.000000e+000  
0.000000e+000  0.000000e+000  0.000000e+000  0.000000e+000  0.000000e+000  0.000000e+000  0.000000e+000  0.000000e+000  0.000000e+000  0.000000e+000  
0.000000e+000  0.000000e+000  0.000000e+000  0.000000e+000  0.000000e+000  0.000000e+000  0.000000e+000  0.000000e+000  0.000000e+000  0.000000e+000  
0.000000e+000  0.000000e+000  0.000000e+000  0.000000e+000  0.000000e+000  0.000000e+000  0.000000e+000  0.000000e+000  0.000000e+000  0.000000e+000  
0.000000e+000  0.000000e+000  0.000000e+000  0.000000e+000  0.000000e+000  0.000000e+000  0.000000e+000  0.000000e+000  0.000000e+000  0.000000e+000  
0.000000e+000  0.000000e+000  0.000000e+000  0.000000e+000  0.000000e+000  0.000000e+000  0.000000e+000  0.000000e+000  0.000000e+000  0.000000e+000  
0.000000e+000  0.000000e+000  0.000000e+000  0.000000e+000  0.000000e+000  0.000000e+000  0.000000e+000  0.000000e+000  0.000000e+000  0.000000e+000  
0.000000e+000  0.000000e+000  0.000000e+000  0.000000e+000  0.000000e+000  0.000000e+000  0.000000e+000  0.000000e+000  0.000000e+000  0.000000e+000  
0.000000e+000  0.000000e+000  0.000000e+000  0.000000e+000  0.000000e+000  0.000000e+000  0.000000e+000  0.000000e+000  0.000000e+000  0.000000e+000  
0.000000e+000  0.000000e+000  0.000000e+000  0.000000e+000  0.000000e+000  0.000000e+000  0.000000e+000  0.000000e+000  0.000000e+000  0.000000e+000  
0.000000e+000  0.000000e+000  0.000000e+000  0.000000e+000  0.000000e+000  0.000000e+000  0.000000e+000  0.000000e+000  0.000000e+000  0.000000e+000  
0.000000e+000  0.000000e+000  0.000000e+000  0.000000e+000  0.000000e+000  0.000000e+000  0.000000e+000  0.000000e+000  0.000000e+000  0.000000e+000  
0.000000e+000  0.000000e+000  0.000000e+000  0.000000e+000  0.000000e+000  0.000000e+000  0.000000e+000  0.000000e+000  0.000000e+000  0.000000e+000  
0.000000e+000  0.000000e+000  0.000000e+000  0.000000e+000  0.000000e+000  0.000000e+000  0.000000e+000  0.000000e+000  0.000000e+000  0.000000e+000  
0.000000e+000  0.000000e+000  0.000000e+000  0.000000e+000  0.000000e+000  0.000000e+000  0.000000e+000  0.000000e+000  0.000000e+000  0.000000e+000  
0.000000e+000  0.000000e+000  0.000000e+000  0.000000e+000  0.000000e+000  0.000000e+000  0.000000e+000  0.000000e+000  0.000000e+000  0.000000e+000  
0.000000e+000  0.000000e+000  0.000000e+000  0.000000e+000  0.000000e+000  0.000000e+000  0.000000e+000  0.000000e+000  0.000000e+000  0.000000e+000  
0.000000e+000  0.000000e+000  0.000000e+000  0.000000e+000  0.000000e+000  0.000000e+000  0.000000e+000  0.000000e+000  0.000000e+000  0.000000e+000  

-5.838031e+000  -4.401821e+000  -2.360412e+000  0.000000e+000  0.000000e+000  1.683270e-002  3.304726e-002  4.809136e-002  9.535238e-002  1.096097e-001  
-6.219364e+000  -4.680831e+000  -2.507331e+000  0.000000e+000  0.000000e+000  1.715606e-002  3.366172e-002  4.893777e-002  9.631476e-002  1.103193e-001  
-7.431424e+000  -5.565021e+000  -2.972070e+000  0.000000e+000  0.000000e+000  1.818134e-002  3.560796e-002  5.161463e-002  9.928793e-002  1.124810e-001  
-9.603873e+000  -7.140095e+000  -3.796802e+000  0.000000e+000  0.000000e+000  2.001444e-002  3.907948e-002  5.637174e-002  1.043295e-001  1.160437e-001  
-1.295770e+001  -9.548453e+000  -5.050330e+000  0.000000e+000  0.000000e+000  2.285265e-002  4.443447e-002  6.366820e-002  1.115312e-001  1.209128e-001  
-1.780644e+001  -1.298308e+001  -6.822739e+000  0.000000e+000  0.000000e+000  2.702102e-002  5.225573e-002  7.424066e-002  1.210096e-001  1.269366e-001  
-2.454609e+001  -1.766826e+001  -9.211780e+000  0.000000e+000  0.000000e+000  3.303931e-002  6.345451e-002  8.921231e-002  1.328883e-001  1.338851e-001  
-3.361551e+001  -2.381235e+001  -1.229308e+001  0.000000e+000  0.000000e+000  4.174938e-002  7.944947e-002  1.102554e-001  1.472667e-001  1.414244e-001  
-4.539254e+001  -3.150748e+001  -1.606196e+001  0.000000e+000  0.000000e+000  5.457735e-002  1.024879e-001  1.398180e-001  1.641643e-001  1.490826e-001  
-5.996160e+001  -4.053830e+001  -2.033108e+001  0.000000e+000  0.000000e+000  7.413027e-002  1.362604e-001  1.814038e-001  1.834277e-001  1.562129e-001  
-7.664146e+001  -5.005287e+001  -2.457112e+001  0.000000e+000  0.000000e+000  1.056944e-001  1.871568e-001  2.398182e-001  2.045808e-001  1.619543e-001  
-9.310747e+001  -5.807144e+001  -2.770620e+001  0.000000e+000  0.000000e+000  1.613422e-001  2.669165e-001  3.210456e-001  2.265926e-001  1.652006e-001  
-1.039700e+002  -6.093740e+001  -2.794850e+001  0.000000e+000  0.000000e+000  2.720989e-001  3.979718e-001  4.307704e-001  2.475514e-001  1.645900e-001  
-9.917060e+001  -5.320808e+001  -2.289354e+001  0.000000e+000  0.000000e+000  5.267677e-001  6.215008e-001  5.689760e-001  2.642836e-001  1.585407e-001  
-6.474347e+001  -2.928761e+001  -1.017769e+001  0.000000e+000  0.000000e+000  1.205558e+000  9.913070e-001  7.153380e-001  2.721308e-001  1.453613e-001  
-5.441790e+000  5.025742e+000  9.560987e+000  2.154406e+001  7.730680e+000  2.770207e+000  1.364277e+000  7.932631e-001  2.672414e-001  1.268567e-001  
6.606857e+001  4.381992e+001  2.358350e+001  2.803339e+000  2.594699e+000  1.726664e+000  1.126695e+000  7.506569e-001  2.489768e-001  1.009763e-001  
1.079346e+002  6.671727e+001  3.231567e+001  -8.579538e+000  -3.044447e-001  9.920192e-001  9.012265e-001  6.903664e-001  2.316731e-001  8.122349e-002  
1.445045e+002  8.752526e+001  4.283283e+001  0.000000e+000  0.000000e+000  6.420263e-001  7.099426e-001  6.199077e-001  2.103033e-001  5.844107e-002  
1.884232e+002  1.150998e+002  5.504909e+001  0.000000e+000  0.000000e+000  3.446348e-001  4.817863e-001  4.986266e-001  1.645326e-001  1.102236e-002  
2.089080e+002  1.302492e+002  6.250604e+001  0.000000e+000  0.000000e+000  2.249790e-001  3.576427e-001  4.081103e-001  1.111573e-001  -4.615172e-002  
2.145557e+002  1.349451e+002  6.494746e+001  0.000000e+000  0.000000e+000  1.846447e-001  3.046563e-001  3.559793e-001  5.162941e-002  -1.135162e-001  
2.090379e+002  1.303013e+002  6.252158e+001  0.000000e+000  0.000000e+000  1.999374e-001  3.111533e-001  3.428536e-001  -1.427831e-002  -1.917982e-001  
1.886202e+002  1.151673e+002  5.506162e+001  0.000000e+000  0.000000e+000  2.914089e-001  3.863698e-001  3.662789e-001  -8.848970e-002  -2.820510e-001  
1.446448e+002  8.754209e+001  4.280500e+001  0.000000e+000  0.000000e+000  5.510453e-001  5.608013e-001  4.170060e-001  -1.746406e-001  -3.856025e-001  
1.079789e+002  6.667423e+001  3.223817e+001  -8.734684e+000  -3.840707e-001  8.724281e-001  7.195618e-001  4.451811e-001  -2.314177e-001  -4.512300e-001  
6.598367e+001  4.370199e+001  2.346882e+001  2.656723e+000  2.493379e+000  1.584445e+000  9.127080e-001  4.614730e-001  -2.948443e-001  -5.219081e-001  
-5.776685e+000  4.763939e+000  9.407740e+000  2.152693e+001  7.663586e+000  2.609056e+000  1.099085e+000  4.277712e-001  -4.148332e-001  -6.485559e-001  
-6.533553e+001  -2.971875e+001  -1.038958e+001  0.000000e+000  0.000000e+000  1.032352e+000  6.713851e-001  2.646993e-001  -5.584395e-001  -7.899909e-001  
-9.893033e+001  -5.279336e+001  -2.261839e+001  0.000000e+000  0.000000e+000  3.488040e-001  2.512099e-001  2.339906e-002  -7.389850e-001  -9.588979e-001  
-1.057867e+002  -6.149039e+001  -2.805637e+001  0.000000e+000  0.000000e+000  4.631712e-002  -5.730486e-002  -2.351501e-001  -9.451703e-001  -1.145067e+000  
-9.745159e+001  -6.023461e+001  -2.858271e+001  0.000000e+000  0.000000e+000  -1.284157e-001  -3.028495e-001  -4.998431e-001  -1.176271e+000  -1.347850e+000  
-8.291359e+001  -5.369004e+001  -2.622286e+001  0.000000e+000  0.000000e+000  -2.644205e-001  -5.302176e-001  -7.799827e-001  -1.432694e+000  -1.566124e+000  
-6.741250e+001  -4.524740e+001  -2.259627e+001  0.000000e+000  0.000000e+000  -4.001456e-001  -7.730173e-001  -1.094790e+000  -1.715671e+000  -1.798191e+000  
-5.349793e+001  -3.693326e+001  -1.877232e+001  0.000000e+000  0.000000e+000  -5.604304e-001  -1.061910e+000  -1.470225e+000  -2.026641e+000  -2.041586e+000  
-4.216137e+001  -2.977831e+001  -1.536181e+001  0.000000e+000  0.000000e+000  -7.727727e-001  -1.433666e+000  -1.939347e+000  -2.366395e+000  -2.292818e+000  
-3.359908e+001  -2.421401e+001  -1.268073e+001  0.000000e+000  0.000000e+000  -1.082931e+000  -1.942345e+000  -2.543551e+000  -2.733932e+000  -2.547087e+000  
-2.734032e+001  -2.018367e+001  -1.084026e+001  0.000000e+000  0.000000e+000  -1.627449e+000  -2.734356e+000  -3.390842e+000  -3.151765e+000  -2.814636e+000  
-2.365115e+001  -1.818852e+001  -1.041522e+001  0.000000e+000  0.000000e+000  -2.682228e+000  -3.972982e+000  -4.505287e+000  -3.584032e+000  -3.068513e+000  
-2.201075e+001  -1.836744e+001  -1.255387e+001  0.000000e+000  0.000000e+000  -5.094603e+000  -5.961220e+000  -5.902015e+000  -4.008098e+000  -3.296744e+000  
-2.171437e+001  -2.023784e+001  -1.836236e+001  -1.757743e+001  -1.263101e+001  -1.004150e+001  -8.505975e+000  -7.276380e+000  -4.349136e+000  -3.467188e+000  
-2.200139e+001  -2.230413e+001  -2.319642e+001  -2.628339e+001  -1.964377e+001  -1.420944e+001  -1.084165e+001  -8.512170e+000  -4.624373e+000  -3.597406e+000  
-2.239257e+001  -2.376994e+001  -2.615144e+001  -3.080893e+001  -2.356776e+001  -1.683345e+001  -1.241287e+001  -9.362853e+000  -4.804186e+000  -3.679443e+000  
-2.256390e+001  -2.429764e+001  -2.714534e+001  -3.223093e+001  -2.484346e+001  -1.773168e+001  -1.296921e+001  -9.669727e+000  -4.867735e+000  -3.707919e+000  

