Port monitor named: Port2_h1.prt

nx        = 110
ny        = 102
nz        = 20

nu        = 10
nv        = 44
iu        = 6
iv        = 36

idir      = 1
dcut      = 1.500000e-002
icut      = 97
type      = 1
frequency = 1.050000e+010

fcutoff   = 0.000000e+000
alpha     = 0.000000e+000
beta      = 3.199645e+002
accuracy  = 1.875525e-014

type          = QTEM
wave imp.     = 2.592345e+002
wave imp.sig. = 2.067812e-002
line imp.     = 8.056528e+001

ref. port     = 0

-2.538250e-002  -1.975457e-002  -1.078923e-002  -0.000000e+000  -0.000000e+000  -1.779708e-002  -3.449319e-002  -4.914387e-002  -8.143220e-002  -8.347867e-002  
-8.202994e-002  -6.384369e-002  -3.487023e-002  -0.000000e+000  -0.000000e+000  -5.576306e-002  -1.079901e-001  -1.536584e-001  -2.516431e-001  -2.566662e-001  
-1.520294e-001  -1.183328e-001  -6.463655e-002  -0.000000e+000  -0.000000e+000  -9.739926e-002  -1.883124e-001  -2.672379e-001  -4.271704e-001  -4.312150e-001  
-2.467682e-001  -1.921039e-001  -1.049513e-001  -0.000000e+000  -0.000000e+000  -1.457489e-001  -2.810746e-001  -3.972591e-001  -6.116044e-001  -6.077292e-001  
-3.816408e-001  -2.971983e-001  -1.624289e-001  -0.000000e+000  -0.000000e+000  -2.048452e-001  -3.936244e-001  -5.532221e-001  -8.084976e-001  -7.863119e-001  
-5.785108e-001  -4.508180e-001  -2.465828e-001  -0.000000e+000  -0.000000e+000  -2.804295e-001  -5.362057e-001  -7.480504e-001  -1.021240e+000  -9.663134e-001  
-8.691348e-001  -6.782493e-001  -3.715946e-001  -0.000000e+000  -0.000000e+000  -3.811836e-001  -7.237801e-001  -9.998862e-001  -1.252792e+000  -1.146033e+000  
-1.299918e+000  -1.017347e+000  -5.593118e-001  -0.000000e+000  -0.000000e+000  -5.211098e-001  -9.791117e-001  -1.334550e+000  -1.505176e+000  -1.322370e+000  
-1.938205e+000  -1.525769e+000  -8.449741e-001  -0.000000e+000  -0.000000e+000  -7.247043e-001  -1.338430e+000  -1.788687e+000  -1.778589e+000  -1.490438e+000  
-2.879434e+000  -2.293392e+000  -1.289882e+000  -0.000000e+000  -0.000000e+000  -1.039521e+000  -1.862626e+000  -2.413039e+000  -2.069913e+000  -1.643172e+000  
-4.251351e+000  -3.464843e+000  -2.013950e+000  -0.000000e+000  -0.000000e+000  -1.569784e+000  -2.660428e+000  -3.273384e+000  -2.370363e+000  -1.771015e+000  
-6.201981e+000  -5.280368e+000  -3.290856e+000  -0.000000e+000  -0.000000e+000  -2.574206e+000  -3.935190e+000  -4.441378e+000  -2.662029e+000  -1.861820e+000  
-8.832945e+000  -8.133339e+000  -5.855814e+000  -0.000000e+000  -0.000000e+000  -4.773814e+000  -6.060251e+000  -5.954643e+000  -2.913427e+000  -1.901230e+000  
-1.198783e+001  -1.251672e+001  -1.198671e+001  -0.000000e+000  -0.000000e+000  -1.039879e+001  -9.568689e+000  -7.701413e+000  -3.075483e+000  -1.873871e+000  
-1.459613e+001  -1.752008e+001  -2.440526e+001  -4.099092e+001  -4.019326e+001  -2.220513e+001  -1.382652e+001  -9.084569e+000  -3.082420e+000  -1.772902e+000  
-1.544066e+001  -1.905867e+001  -2.623061e+001  -3.653354e+001  -3.601566e+001  -2.399889e+001  -1.514710e+001  -9.476938e+000  -2.927558e+000  -1.611984e+000  
-1.454274e+001  -1.803305e+001  -2.566247e+001  -4.058175e+001  -4.046016e+001  -2.362326e+001  -1.435916e+001  -8.897762e+000  -2.656950e+000  -1.427463e+000  
-1.315059e+001  -1.603294e+001  -2.309399e+001  -4.854953e+001  -4.918693e+001  -2.126984e+001  -1.272464e+001  -8.053959e+000  -2.386192e+000  -1.263308e+000  
-1.042695e+001  -1.158773e+001  -1.226698e+001  -0.000000e+000  -0.000000e+000  -1.113263e+001  -9.017432e+000  -6.427683e+000  -1.931943e+000  -1.007087e+000  
-6.239695e+000  -6.271751e+000  -5.121727e+000  -0.000000e+000  -0.000000e+000  -4.413019e+000  -4.729129e+000  -3.883732e+000  -1.210370e+000  -6.250863e-001  
-2.042009e+000  -1.953314e+000  -1.433421e+000  -0.000000e+000  -0.000000e+000  -1.194792e+000  -1.445224e+000  -1.277483e+000  -4.052492e-001  -2.078549e-001  
2.096361e+000  1.999032e+000  1.461441e+000  -0.000000e+000  -0.000000e+000  1.215749e+000  1.477940e+000  1.315083e+000  4.268719e-001  2.212684e-001  
6.299593e+000  6.325134e+000  5.158635e+000  -0.000000e+000  -0.000000e+000  4.441875e+000  4.767807e+000  3.924132e+000  1.231705e+000  6.380213e-001  
1.049661e+001  1.165718e+001  1.233049e+001  -0.000000e+000  -0.000000e+000  1.118567e+001  9.069092e+000  6.472919e+000  1.952586e+000  1.019051e+000  
1.322810e+001  1.611860e+001  2.320378e+001  4.875723e+001  4.938571e+001  2.136705e+001  1.278999e+001  8.102898e+000  2.405802e+000  1.274107e+000  
1.462432e+001  1.812572e+001  2.578342e+001  4.076625e+001  4.063977e+001  2.373113e+001  1.443026e+001  8.948447e+000  2.675547e+000  1.437246e+000  
1.552466e+001  1.915386e+001  2.635263e+001  3.671743e+001  3.619754e+001  2.410821e+001  1.521992e+001  9.528226e+000  2.944425e+000  1.620202e+000  
1.467711e+001  1.760595e+001  2.450132e+001  4.122974e+001  4.043765e+001  2.229001e+001  1.389066e+001  9.133021e+000  3.096248e+000  1.778728e+000  
1.215610e+001  1.276680e+001  1.238854e+001  -0.000000e+000  -0.000000e+000  1.077382e+001  9.772101e+000  7.794222e+000  3.085442e+000  1.873171e+000  
9.176601e+000  8.537062e+000  6.262586e+000  -0.000000e+000  -0.000000e+000  5.132557e+000  6.367834e+000  6.146702e+000  2.936603e+000  1.900018e+000  
6.616053e+000  5.687935e+000  3.600470e+000  -0.000000e+000  -0.000000e+000  2.825212e+000  4.224454e+000  4.678952e+000  2.704043e+000  1.867143e+000  
4.652919e+000  3.820222e+000  2.244378e+000  -0.000000e+000  -0.000000e+000  1.740905e+000  2.899303e+000  3.510447e+000  2.429923e+000  1.787173e+000  
3.223753e+000  2.580450e+000  1.461051e+000  -0.000000e+000  -0.000000e+000  1.158185e+000  2.049643e+000  2.622807e+000  2.142693e+000  1.672226e+000  
2.206521e+000  1.742087e+000  9.683608e-001  -0.000000e+000  -0.000000e+000  8.063579e-001  1.477765e+000  1.958353e+000  1.859645e+000  1.532903e+000  
1.486495e+000  1.164065e+000  6.403439e-001  -0.000000e+000  -0.000000e+000  5.720935e-001  1.073257e+000  1.458591e+000  1.590235e+000  1.377905e+000  
9.727305e-001  7.552768e-001  4.106004e-001  -0.000000e+000  -0.000000e+000  4.001200e-001  7.709403e-001  1.075495e+000  1.338880e+000  1.214007e+000  
5.855360e-001  4.432544e-001  2.302707e-001  -0.000000e+000  -0.000000e+000  2.495733e-001  5.195049e-001  7.629182e-001  1.099288e+000  1.040644e+000  
2.892841e-001  1.885400e-001  5.968169e-002  -0.000000e+000  -0.000000e+000  7.541584e-002  2.876281e-001  5.029894e-001  8.739592e-001  8.614249e-001  
6.604401e-002  -3.947608e-002  -1.805322e-001  -0.000000e+000  -0.000000e+000  -2.309064e-001  5.380574e-002  2.919591e-001  6.695245e-001  6.846002e-001  
-7.309876e-002  -2.211496e-001  -5.612292e-001  -1.383120e+000  -1.775272e+000  -5.760353e-001  -1.244189e-001  1.451290e-001  4.945350e-001  5.209629e-001  
-1.197927e-001  -2.386761e-001  -4.657996e-001  -7.957040e-001  -8.721501e-001  -4.620337e-001  -1.528768e-001  6.124828e-002  3.430800e-001  3.698991e-001  
-9.880174e-002  -1.689232e-001  -2.860680e-001  -4.132845e-001  -4.256987e-001  -2.718978e-001  -1.088124e-001  2.018727e-002  2.021003e-001  2.215051e-001  
-3.792809e-002  -6.086458e-002  -9.664340e-002  -1.303174e-001  -1.313411e-001  -8.972018e-002  -3.890008e-002  4.093100e-003  6.775750e-002  7.490230e-002  
-0.000000e+000  -0.000000e+000  -0.000000e+000  -0.000000e+000  -0.000000e+000  -0.000000e+000  -0.000000e+000  -0.000000e+000  -0.000000e+000  -0.000000e+000  

-7.467025e-002  -1.183049e-001  -1.421074e-001  -0.000000e+000  1.655712e+000  1.618461e+000  1.546263e+000  1.267769e+000  4.542405e-001  -0.000000e+000  
-8.051841e-002  -1.275431e-001  -1.531944e-001  -0.000000e+000  1.676399e+000  1.637990e+000  1.563635e+000  1.277369e+000  4.554844e-001  -0.000000e+000  
-9.940932e-002  -1.573792e-001  -1.890016e-001  -0.000000e+000  1.741097e+000  1.698975e+000  1.617715e+000  1.306619e+000  4.590642e-001  -0.000000e+000  
-1.343863e-001  -2.126063e-001  -2.552819e-001  -0.000000e+000  1.853685e+000  1.804771e+000  1.710925e+000  1.354795e+000  4.642321e-001  -0.000000e+000  
-1.910695e-001  -3.020847e-001  -3.626855e-001  -0.000000e+000  2.021233e+000  1.961446e+000  1.847582e+000  1.420394e+000  4.696709e-001  -0.000000e+000  
-2.785171e-001  -4.401398e-001  -5.284840e-001  -0.000000e+000  2.255012e+000  2.178544e+000  2.034297e+000  1.500654e+000  4.734004e-001  -0.000000e+000  
-4.105534e-001  -6.487940e-001  -7.794129e-001  -0.000000e+000  2.572222e+000  2.470290e+000  2.280523e+000  1.590731e+000  4.726554e-001  -0.000000e+000  
-6.075961e-001  -9.611168e-001  -1.156224e+000  -0.000000e+000  2.998968e+000  2.857405e+000  2.599088e+000  1.682422e+000  4.637556e-001  -0.000000e+000  
-8.987468e-001  -1.425988e+000  -1.721127e+000  -0.000000e+000  3.575617e+000  3.369641e+000  3.006119e+000  1.762204e+000  4.420025e-001  -0.000000e+000  
-1.322904e+000  -2.114235e+000  -2.570767e+000  -0.000000e+000  4.367330e+000  4.048828e+000  3.518499e+000  1.808345e+000  4.016685e-001  -0.000000e+000  
-1.924528e+000  -3.124258e+000  -3.861546e+000  -0.000000e+000  5.487099e+000  4.950626e+000  4.143485e+000  1.786928e+000  3.361945e-001  -0.000000e+000  
-2.730879e+000  -4.577186e+000  -5.866951e+000  -0.000000e+000  7.152199e+000  6.136008e+000  4.846319e+000  1.647078e+000  2.387746e-001  -0.000000e+000  
-3.675894e+000  -6.556952e+000  -9.129208e+000  -0.000000e+000  9.837722e+000  7.612327e+000  5.462374e+000  1.317415e+000  1.035898e-001  -0.000000e+000  
-4.399104e+000  -8.798601e+000  -1.491756e+001  -0.000000e+000  1.473536e+001  9.044410e+000  5.494871e+000  7.103499e-001  -7.202563e-002  -0.000000e+000  
-3.886022e+000  -9.238726e+000  -2.248254e+001  -0.000000e+000  2.120837e+001  8.419512e+000  3.807427e+000  -2.487414e-001  -2.844026e-001  -0.000000e+000  
-1.348007e+000  -3.109338e+000  -5.196523e+000  -7.147052e-001  3.517880e+000  1.427499e+000  -1.115523e-001  -1.349439e+000  -4.876770e-001  -0.000000e+000  
1.797517e+000  3.285504e+000  4.109296e+000  -9.273705e-001  -6.509337e+000  -5.966148e+000  -4.827124e+000  -2.560400e+000  -6.933831e-001  -0.000000e+000  
3.657697e+000  7.445213e+000  1.227335e+001  -7.766753e-001  -1.519893e+001  -1.072311e+001  -7.614476e+000  -3.269534e+000  -8.116369e-001  -0.000000e+000  
5.193034e+000  1.129180e+001  2.603231e+001  -0.000000e+000  -2.911243e+001  -1.511379e+001  -9.994382e+000  -3.913993e+000  -9.198544e-001  -0.000000e+000  
6.272012e+000  1.201939e+001  1.967782e+001  -0.000000e+000  -2.420925e+001  -1.692508e+001  -1.227644e+001  -4.810073e+000  -1.076539e+000  -0.000000e+000  
6.294533e+000  1.098800e+001  1.496401e+001  -0.000000e+000  -2.003920e+001  -1.655057e+001  -1.299073e+001  -5.341566e+000  -1.175800e+000  -0.000000e+000  
6.208552e+000  1.051467e+001  1.364597e+001  -0.000000e+000  -1.890556e+001  -1.629247e+001  -1.312369e+001  -5.514706e+000  -1.209285e+000  -0.000000e+000  
6.302799e+000  1.100448e+001  1.498998e+001  -0.000000e+000  -2.005941e+001  -1.656222e+001  -1.299593e+001  -5.338577e+000  -1.174391e+000  -0.000000e+000  
6.286550e+000  1.205111e+001  1.973792e+001  -0.000000e+000  -2.425703e+001  -1.694664e+001  -1.228394e+001  -4.803438e+000  -1.073682e+000  -0.000000e+000  
5.207912e+000  1.132871e+001  2.613209e+001  -0.000000e+000  -2.919459e+001  -1.513498e+001  -9.996683e+000  -3.902532e+000  -9.154893e-001  -0.000000e+000  
3.668295e+000  7.468913e+000  1.231788e+001  -7.701998e-001  -1.522416e+001  -1.072809e+001  -7.608562e+000  -3.254737e+000  -8.063911e-001  -0.000000e+000  
1.802253e+000  3.293738e+000  4.118992e+000  -9.184963e-001  -6.497616e+000  -5.952351e+000  -4.810881e+000  -2.541921e+000  -6.872498e-001  -0.000000e+000  
-1.352934e+000  -3.125130e+000  -5.242209e+000  -7.052649e-001  3.590631e+000  1.471752e+000  -7.745840e-002  -1.324450e+000  -4.801077e-001  -0.000000e+000  
-3.895127e+000  -9.263987e+000  -2.265985e+001  -0.000000e+000  2.141714e+001  8.480851e+000  3.854470e+000  -2.171217e-001  -2.754811e-001  -0.000000e+000  
-4.450809e+000  -8.997844e+000  -1.554732e+001  -0.000000e+000  1.533597e+001  9.220836e+000  5.530616e+000  6.953803e-001  -7.526486e-002  -0.000000e+000  
-3.832142e+000  -6.912347e+000  -9.770707e+000  -0.000000e+000  1.042947e+001  7.928296e+000  5.604841e+000  1.297093e+000  9.311802e-002  -0.000000e+000  
-2.943682e+000  -4.976207e+000  -6.441826e+000  -0.000000e+000  7.686666e+000  6.511245e+000  5.074719e+000  1.645102e+000  2.259201e-001  -0.000000e+000  
-2.147134e+000  -3.505476e+000  -4.358568e+000  -0.000000e+000  5.970068e+000  5.338353e+000  4.417229e+000  1.811792e+000  3.245835e-001  -0.000000e+000  
-1.531152e+000  -2.455676e+000  -2.996329e+000  -0.000000e+000  4.811196e+000  4.429748e+000  3.809703e+000  1.859153e+000  3.933711e-001  -0.000000e+000  
-1.085787e+000  -1.727052e+000  -2.089495e+000  -0.000000e+000  3.993160e+000  3.739126e+000  3.300468e+000  1.833105e+000  4.376479e-001  -0.000000e+000  
-7.761235e-001  -1.232086e+000  -1.487423e+000  -0.000000e+000  3.404773e+000  3.218230e+000  2.890288e+000  1.765121e+000  4.628313e-001  -0.000000e+000  
-5.670333e-001  -9.053201e-001  -1.099950e+000  -0.000000e+000  2.986616e+000  2.828515e+000  2.564441e+000  1.675574e+000  4.738502e-001  -0.000000e+000  
-4.211330e-001  -6.893503e-001  -8.671915e-001  -0.000000e+000  2.699981e+000  2.522734e+000  2.286654e+000  1.570024e+000  4.746586e-001  -0.000000e+000  
-3.183952e-001  -5.585794e-001  -8.057611e-001  -0.000000e+000  2.595324e+000  2.283596e+000  2.045343e+000  1.462776e+000  4.684355e-001  -0.000000e+000  
-2.121448e-001  -4.166162e-001  -8.277355e-001  -0.000000e+000  2.353916e+000  1.982078e+000  1.789533e+000  1.359639e+000  4.586995e-001  -0.000000e+000  
-8.034723e-002  -1.135652e-001  -1.870058e-002  5.515035e-001  1.445287e+000  1.573781e+000  1.539962e+000  1.277708e+000  4.495530e-001  -0.000000e+000  
2.516815e-002  8.856566e-002  2.748511e-001  6.402344e-001  1.080226e+000  1.294934e+000  1.343498e+000  1.212999e+000  4.416869e-001  -0.000000e+000  
8.726568e-002  1.926926e-001  3.878846e-001  6.537821e-001  9.424204e-001  1.147632e+000  1.225441e+000  1.171708e+000  4.364069e-001  -0.000000e+000  
1.075501e-001  2.244688e-001  4.177677e-001  6.546002e-001  9.049754e-001  1.101671e+000  1.186117e+000  1.157331e+000  4.345222e-001  -0.000000e+000  

0.000000e+000  0.000000e+000  0.000000e+000  0.000000e+000  0.000000e+000  0.000000e+000  0.000000e+000  0.000000e+000  0.000000e+000  0.000000e+000  
0.000000e+000  0.000000e+000  0.000000e+000  0.000000e+000  0.000000e+000  0.000000e+000  0.000000e+000  0.000000e+000  0.000000e+000  0.000000e+000  
0.000000e+000  0.000000e+000  0.000000e+000  0.000000e+000  0.000000e+000  0.000000e+000  0.000000e+000  0.000000e+000  0.000000e+000  0.000000e+000  
0.000000e+000  0.000000e+000  0.000000e+000  0.000000e+000  0.000000e+000  0.000000e+000  0.000000e+000  0.000000e+000  0.000000e+000  0.000000e+000  
0.000000e+000  0.000000e+000  0.000000e+000  0.000000e+000  0.000000e+000  0.000000e+000  0.000000e+000  0.000000e+000  0.000000e+000  0.000000e+000  
0.000000e+000  0.000000e+000  0.000000e+000  0.000000e+000  0.000000e+000  0.000000e+000  0.000000e+000  0.000000e+000  0.000000e+000  0.000000e+000  
0.000000e+000  0.000000e+000  0.000000e+000  0.000000e+000  0.000000e+000  0.000000e+000  0.000000e+000  0.000000e+000  0.000000e+000  0.000000e+000  
0.000000e+000  0.000000e+000  0.000000e+000  0.000000e+000  0.000000e+000  0.000000e+000  0.000000e+000  0.000000e+000  0.000000e+000  0.000000e+000  
0.000000e+000  0.000000e+000  0.000000e+000  0.000000e+000  0.000000e+000  0.000000e+000  0.000000e+000  0.000000e+000  0.000000e+000  0.000000e+000  
0.000000e+000  0.000000e+000  0.000000e+000  0.000000e+000  0.000000e+000  0.000000e+000  0.000000e+000  0.000000e+000  0.000000e+000  0.000000e+000  
0.000000e+000  0.000000e+000  0.000000e+000  0.000000e+000  0.000000e+000  0.000000e+000  0.000000e+000  0.000000e+000  0.000000e+000  0.000000e+000  
0.000000e+000  0.000000e+000  0.000000e+000  0.000000e+000  0.000000e+000  0.000000e+000  0.000000e+000  0.000000e+000  0.000000e+000  0.000000e+000  
0.000000e+000  0.000000e+000  0.000000e+000  0.000000e+000  0.000000e+000  0.000000e+000  0.000000e+000  0.000000e+000  0.000000e+000  0.000000e+000  
0.000000e+000  0.000000e+000  0.000000e+000  0.000000e+000  0.000000e+000  0.000000e+000  0.000000e+000  0.000000e+000  0.000000e+000  0.000000e+000  
0.000000e+000  0.000000e+000  0.000000e+000  0.000000e+000  0.000000e+000  0.000000e+000  0.000000e+000  0.000000e+000  0.000000e+000  0.000000e+000  
0.000000e+000  0.000000e+000  0.000000e+000  0.000000e+000  0.000000e+000  0.000000e+000  0.000000e+000  0.000000e+000  0.000000e+000  0.000000e+000  
0.000000e+000  0.000000e+000  0.000000e+000  0.000000e+000  0.000000e+000  0.000000e+000  0.000000e+000  0.000000e+000  0.000000e+000  0.000000e+000  
0.000000e+000  0.000000e+000  0.000000e+000  0.000000e+000  0.000000e+000  0.000000e+000  0.000000e+000  0.000000e+000  0.000000e+000  0.000000e+000  
0.000000e+000  0.000000e+000  0.000000e+000  0.000000e+000  0.000000e+000  0.000000e+000  0.000000e+000  0.000000e+000  0.000000e+000  0.000000e+000  
0.000000e+000  0.000000e+000  0.000000e+000  0.000000e+000  0.000000e+000  0.000000e+000  0.000000e+000  0.000000e+000  0.000000e+000  0.000000e+000  
0.000000e+000  0.000000e+000  0.000000e+000  0.000000e+000  0.000000e+000  0.000000e+000  0.000000e+000  0.000000e+000  0.000000e+000  0.000000e+000  
0.000000e+000  0.000000e+000  0.000000e+000  0.000000e+000  0.000000e+000  0.000000e+000  0.000000e+000  0.000000e+000  0.000000e+000  0.000000e+000  
0.000000e+000  0.000000e+000  0.000000e+000  0.000000e+000  0.000000e+000  0.000000e+000  0.000000e+000  0.000000e+000  0.000000e+000  0.000000e+000  
0.000000e+000  0.000000e+000  0.000000e+000  0.000000e+000  0.000000e+000  0.000000e+000  0.000000e+000  0.000000e+000  0.000000e+000  0.000000e+000  
0.000000e+000  0.000000e+000  0.000000e+000  0.000000e+000  0.000000e+000  0.000000e+000  0.000000e+000  0.000000e+000  0.000000e+000  0.000000e+000  
0.000000e+000  0.000000e+000  0.000000e+000  0.000000e+000  0.000000e+000  0.000000e+000  0.000000e+000  0.000000e+000  0.000000e+000  0.000000e+000  
0.000000e+000  0.000000e+000  0.000000e+000  0.000000e+000  0.000000e+000  0.000000e+000  0.000000e+000  0.000000e+000  0.000000e+000  0.000000e+000  
0.000000e+000  0.000000e+000  0.000000e+000  0.000000e+000  0.000000e+000  0.000000e+000  0.000000e+000  0.000000e+000  0.000000e+000  0.000000e+000  
0.000000e+000  0.000000e+000  0.000000e+000  0.000000e+000  0.000000e+000  0.000000e+000  0.000000e+000  0.000000e+000  0.000000e+000  0.000000e+000  
0.000000e+000  0.000000e+000  0.000000e+000  0.000000e+000  0.000000e+000  0.000000e+000  0.000000e+000  0.000000e+000  0.000000e+000  0.000000e+000  
0.000000e+000  0.000000e+000  0.000000e+000  0.000000e+000  0.000000e+000  0.000000e+000  0.000000e+000  0.000000e+000  0.000000e+000  0.000000e+000  
0.000000e+000  0.000000e+000  0.000000e+000  0.000000e+000  0.000000e+000  0.000000e+000  0.000000e+000  0.000000e+000  0.000000e+000  0.000000e+000  
0.000000e+000  0.000000e+000  0.000000e+000  0.000000e+000  0.000000e+000  0.000000e+000  0.000000e+000  0.000000e+000  0.000000e+000  0.000000e+000  
0.000000e+000  0.000000e+000  0.000000e+000  0.000000e+000  0.000000e+000  0.000000e+000  0.000000e+000  0.000000e+000  0.000000e+000  0.000000e+000  
0.000000e+000  0.000000e+000  0.000000e+000  0.000000e+000  0.000000e+000  0.000000e+000  0.000000e+000  0.000000e+000  0.000000e+000  0.000000e+000  
0.000000e+000  0.000000e+000  0.000000e+000  0.000000e+000  0.000000e+000  0.000000e+000  0.000000e+000  0.000000e+000  0.000000e+000  0.000000e+000  
0.000000e+000  0.000000e+000  0.000000e+000  0.000000e+000  0.000000e+000  0.000000e+000  0.000000e+000  0.000000e+000  0.000000e+000  0.000000e+000  
0.000000e+000  0.000000e+000  0.000000e+000  0.000000e+000  0.000000e+000  0.000000e+000  0.000000e+000  0.000000e+000  0.000000e+000  0.000000e+000  
0.000000e+000  0.000000e+000  0.000000e+000  0.000000e+000  0.000000e+000  0.000000e+000  0.000000e+000  0.000000e+000  0.000000e+000  0.000000e+000  
0.000000e+000  0.000000e+000  0.000000e+000  0.000000e+000  0.000000e+000  0.000000e+000  0.000000e+000  0.000000e+000  0.000000e+000  0.000000e+000  
0.000000e+000  0.000000e+000  0.000000e+000  0.000000e+000  0.000000e+000  0.000000e+000  0.000000e+000  0.000000e+000  0.000000e+000  0.000000e+000  
0.000000e+000  0.000000e+000  0.000000e+000  0.000000e+000  0.000000e+000  0.000000e+000  0.000000e+000  0.000000e+000  0.000000e+000  0.000000e+000  
0.000000e+000  0.000000e+000  0.000000e+000  0.000000e+000  0.000000e+000  0.000000e+000  0.000000e+000  0.000000e+000  0.000000e+000  0.000000e+000  
0.000000e+000  0.000000e+000  0.000000e+000  0.000000e+000  0.000000e+000  0.000000e+000  0.000000e+000  0.000000e+000  0.000000e+000  0.000000e+000  

0.000000e+000  0.000000e+000  0.000000e+000  0.000000e+000  0.000000e+000  0.000000e+000  0.000000e+000  0.000000e+000  0.000000e+000  0.000000e+000  
0.000000e+000  0.000000e+000  0.000000e+000  0.000000e+000  0.000000e+000  0.000000e+000  0.000000e+000  0.000000e+000  0.000000e+000  0.000000e+000  
0.000000e+000  0.000000e+000  0.000000e+000  0.000000e+000  0.000000e+000  0.000000e+000  0.000000e+000  0.000000e+000  0.000000e+000  0.000000e+000  
0.000000e+000  0.000000e+000  0.000000e+000  0.000000e+000  0.000000e+000  0.000000e+000  0.000000e+000  0.000000e+000  0.000000e+000  0.000000e+000  
0.000000e+000  0.000000e+000  0.000000e+000  0.000000e+000  0.000000e+000  0.000000e+000  0.000000e+000  0.000000e+000  0.000000e+000  0.000000e+000  
0.000000e+000  0.000000e+000  0.000000e+000  0.000000e+000  0.000000e+000  0.000000e+000  0.000000e+000  0.000000e+000  0.000000e+000  0.000000e+000  
0.000000e+000  0.000000e+000  0.000000e+000  0.000000e+000  0.000000e+000  0.000000e+000  0.000000e+000  0.000000e+000  0.000000e+000  0.000000e+000  
0.000000e+000  0.000000e+000  0.000000e+000  0.000000e+000  0.000000e+000  0.000000e+000  0.000000e+000  0.000000e+000  0.000000e+000  0.000000e+000  
0.000000e+000  0.000000e+000  0.000000e+000  0.000000e+000  0.000000e+000  0.000000e+000  0.000000e+000  0.000000e+000  0.000000e+000  0.000000e+000  
0.000000e+000  0.000000e+000  0.000000e+000  0.000000e+000  0.000000e+000  0.000000e+000  0.000000e+000  0.000000e+000  0.000000e+000  0.000000e+000  
0.000000e+000  0.000000e+000  0.000000e+000  0.000000e+000  0.000000e+000  0.000000e+000  0.000000e+000  0.000000e+000  0.000000e+000  0.000000e+000  
0.000000e+000  0.000000e+000  0.000000e+000  0.000000e+000  0.000000e+000  0.000000e+000  0.000000e+000  0.000000e+000  0.000000e+000  0.000000e+000  
0.000000e+000  0.000000e+000  0.000000e+000  0.000000e+000  0.000000e+000  0.000000e+000  0.000000e+000  0.000000e+000  0.000000e+000  0.000000e+000  
0.000000e+000  0.000000e+000  0.000000e+000  0.000000e+000  0.000000e+000  0.000000e+000  0.000000e+000  0.000000e+000  0.000000e+000  0.000000e+000  
0.000000e+000  0.000000e+000  0.000000e+000  0.000000e+000  0.000000e+000  0.000000e+000  0.000000e+000  0.000000e+000  0.000000e+000  0.000000e+000  
0.000000e+000  0.000000e+000  0.000000e+000  0.000000e+000  0.000000e+000  0.000000e+000  0.000000e+000  0.000000e+000  0.000000e+000  0.000000e+000  
0.000000e+000  0.000000e+000  0.000000e+000  0.000000e+000  0.000000e+000  0.000000e+000  0.000000e+000  0.000000e+000  0.000000e+000  0.000000e+000  
0.000000e+000  0.000000e+000  0.000000e+000  0.000000e+000  0.000000e+000  0.000000e+000  0.000000e+000  0.000000e+000  0.000000e+000  0.000000e+000  
0.000000e+000  0.000000e+000  0.000000e+000  0.000000e+000  0.000000e+000  0.000000e+000  0.000000e+000  0.000000e+000  0.000000e+000  0.000000e+000  
0.000000e+000  0.000000e+000  0.000000e+000  0.000000e+000  0.000000e+000  0.000000e+000  0.000000e+000  0.000000e+000  0.000000e+000  0.000000e+000  
0.000000e+000  0.000000e+000  0.000000e+000  0.000000e+000  0.000000e+000  0.000000e+000  0.000000e+000  0.000000e+000  0.000000e+000  0.000000e+000  
0.000000e+000  0.000000e+000  0.000000e+000  0.000000e+000  0.000000e+000  0.000000e+000  0.000000e+000  0.000000e+000  0.000000e+000  0.000000e+000  
0.000000e+000  0.000000e+000  0.000000e+000  0.000000e+000  0.000000e+000  0.000000e+000  0.000000e+000  0.000000e+000  0.000000e+000  0.000000e+000  
0.000000e+000  0.000000e+000  0.000000e+000  0.000000e+000  0.000000e+000  0.000000e+000  0.000000e+000  0.000000e+000  0.000000e+000  0.000000e+000  
0.000000e+000  0.000000e+000  0.000000e+000  0.000000e+000  0.000000e+000  0.000000e+000  0.000000e+000  0.000000e+000  0.000000e+000  0.000000e+000  
0.000000e+000  0.000000e+000  0.000000e+000  0.000000e+000  0.000000e+000  0.000000e+000  0.000000e+000  0.000000e+000  0.000000e+000  0.000000e+000  
0.000000e+000  0.000000e+000  0.000000e+000  0.000000e+000  0.000000e+000  0.000000e+000  0.000000e+000  0.000000e+000  0.000000e+000  0.000000e+000  
0.000000e+000  0.000000e+000  0.000000e+000  0.000000e+000  0.000000e+000  0.000000e+000  0.000000e+000  0.000000e+000  0.000000e+000  0.000000e+000  
0.000000e+000  0.000000e+000  0.000000e+000  0.000000e+000  0.000000e+000  0.000000e+000  0.000000e+000  0.000000e+000  0.000000e+000  0.000000e+000  
0.000000e+000  0.000000e+000  0.000000e+000  0.000000e+000  0.000000e+000  0.000000e+000  0.000000e+000  0.000000e+000  0.000000e+000  0.000000e+000  
0.000000e+000  0.000000e+000  0.000000e+000  0.000000e+000  0.000000e+000  0.000000e+000  0.000000e+000  0.000000e+000  0.000000e+000  0.000000e+000  
0.000000e+000  0.000000e+000  0.000000e+000  0.000000e+000  0.000000e+000  0.000000e+000  0.000000e+000  0.000000e+000  0.000000e+000  0.000000e+000  
0.000000e+000  0.000000e+000  0.000000e+000  0.000000e+000  0.000000e+000  0.000000e+000  0.000000e+000  0.000000e+000  0.000000e+000  0.000000e+000  
0.000000e+000  0.000000e+000  0.000000e+000  0.000000e+000  0.000000e+000  0.000000e+000  0.000000e+000  0.000000e+000  0.000000e+000  0.000000e+000  
0.000000e+000  0.000000e+000  0.000000e+000  0.000000e+000  0.000000e+000  0.000000e+000  0.000000e+000  0.000000e+000  0.000000e+000  0.000000e+000  
0.000000e+000  0.000000e+000  0.000000e+000  0.000000e+000  0.000000e+000  0.000000e+000  0.000000e+000  0.000000e+000  0.000000e+000  0.000000e+000  
0.000000e+000  0.000000e+000  0.000000e+000  0.000000e+000  0.000000e+000  0.000000e+000  0.000000e+000  0.000000e+000  0.000000e+000  0.000000e+000  
0.000000e+000  0.000000e+000  0.000000e+000  0.000000e+000  0.000000e+000  0.000000e+000  0.000000e+000  0.000000e+000  0.000000e+000  0.000000e+000  
0.000000e+000  0.000000e+000  0.000000e+000  0.000000e+000  0.000000e+000  0.000000e+000  0.000000e+000  0.000000e+000  0.000000e+000  0.000000e+000  
0.000000e+000  0.000000e+000  0.000000e+000  0.000000e+000  0.000000e+000  0.000000e+000  0.000000e+000  0.000000e+000  0.000000e+000  0.000000e+000  
0.000000e+000  0.000000e+000  0.000000e+000  0.000000e+000  0.000000e+000  0.000000e+000  0.000000e+000  0.000000e+000  0.000000e+000  0.000000e+000  
0.000000e+000  0.000000e+000  0.000000e+000  0.000000e+000  0.000000e+000  0.000000e+000  0.000000e+000  0.000000e+000  0.000000e+000  0.000000e+000  
0.000000e+000  0.000000e+000  0.000000e+000  0.000000e+000  0.000000e+000  0.000000e+000  0.000000e+000  0.000000e+000  0.000000e+000  0.000000e+000  
0.000000e+000  0.000000e+000  0.000000e+000  0.000000e+000  0.000000e+000  0.000000e+000  0.000000e+000  0.000000e+000  0.000000e+000  0.000000e+000  

0.000000e+000  0.000000e+000  0.000000e+000  0.000000e+000  0.000000e+000  0.000000e+000  0.000000e+000  0.000000e+000  0.000000e+000  0.000000e+000  
0.000000e+000  0.000000e+000  0.000000e+000  0.000000e+000  0.000000e+000  0.000000e+000  0.000000e+000  0.000000e+000  0.000000e+000  0.000000e+000  
0.000000e+000  0.000000e+000  0.000000e+000  0.000000e+000  0.000000e+000  0.000000e+000  0.000000e+000  0.000000e+000  0.000000e+000  0.000000e+000  
0.000000e+000  0.000000e+000  0.000000e+000  0.000000e+000  0.000000e+000  0.000000e+000  0.000000e+000  0.000000e+000  0.000000e+000  0.000000e+000  
0.000000e+000  0.000000e+000  0.000000e+000  0.000000e+000  0.000000e+000  0.000000e+000  0.000000e+000  0.000000e+000  0.000000e+000  0.000000e+000  
0.000000e+000  0.000000e+000  0.000000e+000  0.000000e+000  0.000000e+000  0.000000e+000  0.000000e+000  0.000000e+000  0.000000e+000  0.000000e+000  
0.000000e+000  0.000000e+000  0.000000e+000  0.000000e+000  0.000000e+000  0.000000e+000  0.000000e+000  0.000000e+000  0.000000e+000  0.000000e+000  
0.000000e+000  0.000000e+000  0.000000e+000  0.000000e+000  0.000000e+000  0.000000e+000  0.000000e+000  0.000000e+000  0.000000e+000  0.000000e+000  
0.000000e+000  0.000000e+000  0.000000e+000  0.000000e+000  0.000000e+000  0.000000e+000  0.000000e+000  0.000000e+000  0.000000e+000  0.000000e+000  
0.000000e+000  0.000000e+000  0.000000e+000  0.000000e+000  0.000000e+000  0.000000e+000  0.000000e+000  0.000000e+000  0.000000e+000  0.000000e+000  
0.000000e+000  0.000000e+000  0.000000e+000  0.000000e+000  0.000000e+000  0.000000e+000  0.000000e+000  0.000000e+000  0.000000e+000  0.000000e+000  
0.000000e+000  0.000000e+000  0.000000e+000  0.000000e+000  0.000000e+000  0.000000e+000  0.000000e+000  0.000000e+000  0.000000e+000  0.000000e+000  
0.000000e+000  0.000000e+000  0.000000e+000  0.000000e+000  0.000000e+000  0.000000e+000  0.000000e+000  0.000000e+000  0.000000e+000  0.000000e+000  
0.000000e+000  0.000000e+000  0.000000e+000  0.000000e+000  0.000000e+000  0.000000e+000  0.000000e+000  0.000000e+000  0.000000e+000  0.000000e+000  
0.000000e+000  0.000000e+000  0.000000e+000  0.000000e+000  0.000000e+000  0.000000e+000  0.000000e+000  0.000000e+000  0.000000e+000  0.000000e+000  
0.000000e+000  0.000000e+000  0.000000e+000  0.000000e+000  0.000000e+000  0.000000e+000  0.000000e+000  0.000000e+000  0.000000e+000  0.000000e+000  
0.000000e+000  0.000000e+000  0.000000e+000  0.000000e+000  0.000000e+000  0.000000e+000  0.000000e+000  0.000000e+000  0.000000e+000  0.000000e+000  
0.000000e+000  0.000000e+000  0.000000e+000  0.000000e+000  0.000000e+000  0.000000e+000  0.000000e+000  0.000000e+000  0.000000e+000  0.000000e+000  
0.000000e+000  0.000000e+000  0.000000e+000  0.000000e+000  0.000000e+000  0.000000e+000  0.000000e+000  0.000000e+000  0.000000e+000  0.000000e+000  
0.000000e+000  0.000000e+000  0.000000e+000  0.000000e+000  0.000000e+000  0.000000e+000  0.000000e+000  0.000000e+000  0.000000e+000  0.000000e+000  
0.000000e+000  0.000000e+000  0.000000e+000  0.000000e+000  0.000000e+000  0.000000e+000  0.000000e+000  0.000000e+000  0.000000e+000  0.000000e+000  
0.000000e+000  0.000000e+000  0.000000e+000  0.000000e+000  0.000000e+000  0.000000e+000  0.000000e+000  0.000000e+000  0.000000e+000  0.000000e+000  
0.000000e+000  0.000000e+000  0.000000e+000  0.000000e+000  0.000000e+000  0.000000e+000  0.000000e+000  0.000000e+000  0.000000e+000  0.000000e+000  
0.000000e+000  0.000000e+000  0.000000e+000  0.000000e+000  0.000000e+000  0.000000e+000  0.000000e+000  0.000000e+000  0.000000e+000  0.000000e+000  
0.000000e+000  0.000000e+000  0.000000e+000  0.000000e+000  0.000000e+000  0.000000e+000  0.000000e+000  0.000000e+000  0.000000e+000  0.000000e+000  
0.000000e+000  0.000000e+000  0.000000e+000  0.000000e+000  0.000000e+000  0.000000e+000  0.000000e+000  0.000000e+000  0.000000e+000  0.000000e+000  
0.000000e+000  0.000000e+000  0.000000e+000  0.000000e+000  0.000000e+000  0.000000e+000  0.000000e+000  0.000000e+000  0.000000e+000  0.000000e+000  
0.000000e+000  0.000000e+000  0.000000e+000  0.000000e+000  0.000000e+000  0.000000e+000  0.000000e+000  0.000000e+000  0.000000e+000  0.000000e+000  
0.000000e+000  0.000000e+000  0.000000e+000  0.000000e+000  0.000000e+000  0.000000e+000  0.000000e+000  0.000000e+000  0.000000e+000  0.000000e+000  
0.000000e+000  0.000000e+000  0.000000e+000  0.000000e+000  0.000000e+000  0.000000e+000  0.000000e+000  0.000000e+000  0.000000e+000  0.000000e+000  
0.000000e+000  0.000000e+000  0.000000e+000  0.000000e+000  0.000000e+000  0.000000e+000  0.000000e+000  0.000000e+000  0.000000e+000  0.000000e+000  
0.000000e+000  0.000000e+000  0.000000e+000  0.000000e+000  0.000000e+000  0.000000e+000  0.000000e+000  0.000000e+000  0.000000e+000  0.000000e+000  
0.000000e+000  0.000000e+000  0.000000e+000  0.000000e+000  0.000000e+000  0.000000e+000  0.000000e+000  0.000000e+000  0.000000e+000  0.000000e+000  
0.000000e+000  0.000000e+000  0.000000e+000  0.000000e+000  0.000000e+000  0.000000e+000  0.000000e+000  0.000000e+000  0.000000e+000  0.000000e+000  
0.000000e+000  0.000000e+000  0.000000e+000  0.000000e+000  0.000000e+000  0.000000e+000  0.000000e+000  0.000000e+000  0.000000e+000  0.000000e+000  
0.000000e+000  0.000000e+000  0.000000e+000  0.000000e+000  0.000000e+000  0.000000e+000  0.000000e+000  0.000000e+000  0.000000e+000  0.000000e+000  
0.000000e+000  0.000000e+000  0.000000e+000  0.000000e+000  0.000000e+000  0.000000e+000  0.000000e+000  0.000000e+000  0.000000e+000  0.000000e+000  
0.000000e+000  0.000000e+000  0.000000e+000  0.000000e+000  0.000000e+000  0.000000e+000  0.000000e+000  0.000000e+000  0.000000e+000  0.000000e+000  
0.000000e+000  0.000000e+000  0.000000e+000  0.000000e+000  0.000000e+000  0.000000e+000  0.000000e+000  0.000000e+000  0.000000e+000  0.000000e+000  
0.000000e+000  0.000000e+000  0.000000e+000  0.000000e+000  0.000000e+000  0.000000e+000  0.000000e+000  0.000000e+000  0.000000e+000  0.000000e+000  
0.000000e+000  0.000000e+000  0.000000e+000  0.000000e+000  0.000000e+000  0.000000e+000  0.000000e+000  0.000000e+000  0.000000e+000  0.000000e+000  
0.000000e+000  0.000000e+000  0.000000e+000  0.000000e+000  0.000000e+000  0.000000e+000  0.000000e+000  0.000000e+000  0.000000e+000  0.000000e+000  
0.000000e+000  0.000000e+000  0.000000e+000  0.000000e+000  0.000000e+000  0.000000e+000  0.000000e+000  0.000000e+000  0.000000e+000  0.000000e+000  
0.000000e+000  0.000000e+000  0.000000e+000  0.000000e+000  0.000000e+000  0.000000e+000  0.000000e+000  0.000000e+000  0.000000e+000  0.000000e+000  

-2.276269e-003  -2.715423e-003  -2.912610e-003  -0.000000e+000  3.612782e-002  3.531520e-002  3.374022e-002  2.766477e-002  9.913182e-003  -0.000000e+000  
-7.274617e-003  -8.557097e-003  -9.115583e-003  -0.000000e+000  1.118087e-001  1.092626e-001  1.043317e-001  8.533572e-002  3.047948e-002  -0.000000e+000  
-1.318501e-002  -1.506441e-002  -1.581297e-002  -0.000000e+000  1.904098e-001  1.859626e-001  1.773643e-001  1.443276e-001  5.120774e-002  -0.000000e+000  
-2.070781e-002  -2.259853e-002  -2.314579e-002  -0.000000e+000  2.740923e-001  2.674378e-001  2.546043e-001  2.054951e-001  7.216992e-002  -0.000000e+000  
-3.066546e-002  -3.131688e-002  -3.085541e-002  -0.000000e+000  3.653369e-001  3.559844e-001  3.380127e-001  2.696254e-001  9.337855e-002  -0.000000e+000  
-4.402898e-002  -4.092081e-002  -3.786561e-002  -0.000000e+000  4.671321e-001  4.543293e-001  4.298488e-001  3.373809e-001  1.147568e-001  -0.000000e+000  
-6.189942e-002  -5.016120e-002  -4.150638e-002  -0.000000e+000  5.832427e-001  5.658411e-001  5.327984e-001  4.092059e-001  1.361032e-001  -0.000000e+000  
-8.538820e-002  -5.591052e-002  -3.610036e-002  -0.000000e+000  7.186109e-001  6.948232e-001  6.501264e-001  4.851746e-001  1.570500e-001  -0.000000e+000  
-1.152840e-001  -5.148215e-002  -1.043339e-002  -0.000000e+000  8.799995e-001  8.469211e-001  7.858256e-001  5.647518e-001  1.770177e-001  -0.000000e+000  
-1.512974e-001  -2.370698e-002  5.672871e-002  -0.000000e+000  1.077109e+000  1.029668e+000  9.446515e-001  6.464220e-001  1.951680e-001  -0.000000e+000  
-1.905523e-001  5.182447e-002  2.046164e-001  -0.000000e+000  1.324734e+000  1.253108e+000  1.131690e+000  7.271401e-001  2.103666e-001  -0.000000e+000  
-2.250466e-001  2.173497e-001  5.051129e-001  -0.000000e+000  1.647461e+000  1.530040e+000  1.350469e+000  8.015664e-001  2.211721e-001  -0.000000e+000  
-2.389698e-001  5.372447e-001  1.092120e+000  -0.000000e+000  2.091275e+000  1.873612e+000  1.597109e+000  8.611402e-001  2.258797e-001  -0.000000e+000  
-2.120287e-001  1.076389e+000  2.230693e+000  -0.000000e+000  2.755823e+000  2.281917e+000  1.845371e+000  8.933465e-001  2.226640e-001  -0.000000e+000  
-1.519478e-001  1.698713e+000  4.024324e+000  5.232723e+000  3.648741e+000  2.637435e+000  2.006443e+000  8.830232e-001  2.107088e-001  -0.000000e+000  
-1.200582e-001  1.906322e+000  4.341191e+000  5.234021e+000  3.794418e+000  2.695598e+000  2.002964e+000  8.303093e-001  1.916338e-001  -0.000000e+000  
-1.086454e-001  1.814553e+000  4.201438e+000  5.205060e+000  3.589726e+000  2.507740e+000  1.850833e+000  7.495074e-001  1.697494e-001  -0.000000e+000  
-1.079879e-001  1.608509e+000  3.795511e+000  5.175635e+000  3.223298e+000  2.250183e+000  1.668083e+000  6.710503e-001  1.502764e-001  -0.000000e+000  
-1.155844e-001  1.134962e+000  2.316847e+000  -0.000000e+000  2.259262e+000  1.749982e+000  1.337491e+000  5.416600e-001  1.198778e-001  -0.000000e+000  
-9.415511e-002  5.845727e-001  1.097743e+000  -0.000000e+000  1.238201e+000  1.036317e+000  8.199796e-001  3.390309e-001  7.454936e-002  -0.000000e+000  
-3.536566e-002  1.758347e-001  3.224202e-001  -0.000000e+000  3.931198e-001  3.384454e-001  2.723028e-001  1.139837e-001  2.503807e-002  -0.000000e+000  
3.751522e-002  -1.772736e-001  -3.261954e-001  -0.000000e+000  -4.041078e-001  -3.485254e-001  -2.809799e-001  -1.183588e-001  -2.588214e-002  -0.000000e+000  
9.619523e-002  -5.871027e-001  -1.103546e+000  -0.000000e+000  -1.249999e+000  -1.046852e+000  -8.288443e-001  -3.432570e-001  -7.532743e-002  -0.000000e+000  
1.173769e-001  -1.139706e+000  -2.327519e+000  -0.000000e+000  -2.272985e+000  -1.761355e+000  -1.346609e+000  -5.455605e-001  -1.205223e-001  -0.000000e+000  
1.095288e-001  -1.615386e+000  -3.812781e+000  -5.199666e+000  -3.239637e+000  -2.262180e+000  -1.677207e+000  -6.745170e-001  -1.507612e-001  -0.000000e+000  
1.100538e-001  -1.822401e+000  -4.220476e+000  -5.229033e+000  -3.606633e+000  -2.519797e+000  -1.859753e+000  -7.525712e-001  -1.700952e-001  -0.000000e+000  
1.213555e-001  -1.914697e+000  -4.360654e+000  -5.257792e+000  -3.810903e+000  -2.707128e+000  -2.011277e+000  -8.327160e-001  -1.917663e-001  -0.000000e+000  
1.531236e-001  -1.706618e+000  -4.041211e+000  -5.256017e+000  -3.662227e+000  -2.647068e+000  -2.013262e+000  -8.843380e-001  -2.105161e-001  -0.000000e+000  
2.106440e-001  -1.106047e+000  -2.298736e+000  -0.000000e+000  -2.792448e+000  -2.301504e+000  -1.855812e+000  -8.928668e-001  -2.216485e-001  -0.000000e+000  
2.387732e-001  -5.853791e-001  -1.182080e+000  -0.000000e+000  -2.146586e+000  -1.912658e+000  -1.622299e+000  -8.632640e-001  -2.247489e-001  -0.000000e+000  
2.293819e-001  -2.607562e-001  -5.820644e-001  -0.000000e+000  -1.707035e+000  -1.578286e+000  -1.385741e+000  -8.083174e-001  -2.207582e-001  -0.000000e+000  
1.987156e-001  -8.279778e-002  -2.606070e-001  -0.000000e+000  -1.382807e+000  -1.303527e+000  -1.171497e+000  -7.387142e-001  -2.111787e-001  -0.000000e+000  
1.610776e-001  4.561004e-003  -9.370710e-002  -0.000000e+000  -1.130708e+000  -1.078055e+000  -9.848792e-001  -6.620936e-001  -1.974529e-001  -0.000000e+000  
1.244951e-001  4.069473e-002  -1.255712e-002  -0.000000e+000  -9.272300e-001  -8.907016e-001  -8.237487e-001  -5.834888e-001  -1.808443e-001  -0.000000e+000  
9.232937e-002  4.971057e-002  2.187236e-002  -0.000000e+000  -7.579644e-001  -7.322435e-001  -6.839381e-001  -5.060066e-001  -1.623914e-001  -0.000000e+000  
6.534886e-002  4.540753e-002  3.169029e-002  -0.000000e+000  -6.131432e-001  -5.954740e-001  -5.612535e-001  -4.314394e-001  -1.429061e-001  -0.000000e+000  
4.241224e-002  3.499862e-002  2.916129e-002  -0.000000e+000  -4.811687e-001  -4.707751e-001  -4.485064e-001  -3.583804e-001  -1.223297e-001  -0.000000e+000  
2.336629e-002  2.241480e-002  2.049437e-002  -0.000000e+000  -3.568468e-001  -3.553577e-001  -3.445129e-001  -2.878852e-001  -1.011058e-001  -0.000000e+000  
8.559842e-003  1.063159e-002  9.753114e-003  -0.000000e+000  -2.353356e-001  -2.503623e-001  -2.515926e-001  -2.224897e-001  -8.022414e-002  -0.000000e+000  
-7.927049e-004  2.206165e-003  4.687448e-004  -3.832016e-002  -1.280184e-001  -1.646449e-001  -1.756312e-001  -1.654285e-001  -6.096310e-002  -0.000000e+000  
-4.805014e-003  -1.988090e-003  -3.546528e-003  -2.695886e-002  -7.428514e-002  -1.040798e-001  -1.159309e-001  -1.153236e-001  -4.323581e-002  -0.000000e+000  
-4.663847e-003  -2.699909e-003  -3.535659e-003  -1.571513e-002  -3.972226e-002  -5.761257e-002  -6.585774e-002  -6.815820e-002  -2.586872e-002  -0.000000e+000  
-1.886365e-003  -1.174895e-003  -1.418439e-003  -5.233030e-003  -1.275769e-002  -1.872851e-002  -2.166496e-002  -2.288937e-002  -8.743567e-003  -0.000000e+000  
-0.000000e+000  -0.000000e+000  -0.000000e+000  -0.000000e+000  -0.000000e+000  -0.000000e+000  -0.000000e+000  -0.000000e+000  -0.000000e+000  -0.000000e+000  

