Port monitor named: Port2_h2.prt

nx        = 92
ny        = 79
nz        = 19

nu        = 9
nv        = 34
iu        = 6
iv        = 32

idir      = 1
dcut      = 1.264000e-002
icut      = 74
type      = 1
frequency = 8.500000e+009

fcutoff   = 0.000000e+000
alpha     = 0.000000e+000
beta      = 2.518257e+002
accuracy  = 3.924532e-014

type          = QTEM
wave imp.     = 2.616930e+002
wave imp.sig. = 2.593861e-001
line imp.     = 0.000000e+000

ref. port     = 0

1.694471e-002  1.409982e-002  7.977519e-003  -0.000000e+000  3.536474e-002  8.305260e-002  1.254927e-001  2.004209e-001  2.333078e-001  
5.859762e-002  4.876126e-002  2.759006e-002  -0.000000e+000  1.117018e-001  2.619520e-001  3.949383e-001  6.259834e-001  7.240956e-001  
1.219986e-001  1.015305e-001  5.745711e-002  -0.000000e+000  1.964143e-001  4.591418e-001  6.889062e-001  1.074273e+000  1.226576e+000  
2.306543e-001  1.920100e-001  1.087061e-001  -0.000000e+000  2.973289e-001  6.911033e-001  1.028465e+000  1.561303e+000  1.747584e+000  
4.247517e-001  3.538353e-001  2.005411e-001  -0.000000e+000  4.267228e-001  9.822236e-001  1.442666e+000  2.103729e+000  2.292164e+000  
7.756433e-001  6.472666e-001  3.678777e-001  -0.000000e+000  6.066638e-001  1.372359e+000  1.974203e+000  2.718213e+000  2.862520e+000  
1.410369e+000  1.181965e+000  6.766875e-001  -0.000000e+000  8.826028e-001  1.931984e+000  2.687232e+000  3.419409e+000  3.456691e+000  
2.550071e+000  2.159055e+000  1.259849e+000  -0.000000e+000  1.363022e+000  2.793911e+000  3.675425e+000  4.215352e+000  4.067019e+000  
4.554200e+000  3.948226e+000  2.421646e+000  -0.000000e+000  2.349599e+000  4.217465e+000  5.059616e+000  5.098607e+000  4.678674e+000  
7.897696e+000  7.208197e+000  5.025560e+000  -0.000000e+000  4.809564e+000  6.685935e+000  6.938211e+000  6.031900e+000  5.268921e+000  
1.276391e+001  1.284679e+001  1.223276e+001  -0.000000e+000  1.223958e+001  1.080893e+001  9.197392e+000  6.931392e+000  5.808373e+000  
1.595977e+001  1.740304e+001  2.280540e+001  4.630542e+001  2.162262e+001  1.377755e+001  1.048884e+001  7.433619e+000  6.121011e+000  
1.820730e+001  2.012409e+001  2.516729e+001  3.276206e+001  2.292263e+001  1.550125e+001  1.143160e+001  7.848351e+000  6.391476e+000  
1.784546e+001  1.957320e+001  2.485648e+001  3.183638e+001  2.281160e+001  1.518517e+001  1.154222e+001  8.195503e+000  6.685003e+000  
1.433450e+001  1.411033e+001  1.271473e+001  -0.000000e+000  1.165548e+001  1.162941e+001  1.059671e+001  8.321648e+000  6.878491e+000  
1.127436e+001  1.014806e+001  6.864341e+000  -0.000000e+000  6.010737e+000  8.961688e+000  9.648194e+000  8.336764e+000  6.984825e+000  
1.014104e+001  8.849037e+000  5.500210e+000  -0.000000e+000  4.705097e+000  8.079388e+000  9.268339e+000  8.325124e+000  7.014756e+000  
1.121900e+001  1.009457e+001  6.822491e+000  -0.000000e+000  5.968849e+000  8.918512e+000  9.614038e+000  8.317564e+000  6.971329e+000  
1.422058e+001  1.399134e+001  1.259307e+001  -0.000000e+000  1.152648e+001  1.153492e+001  1.052964e+001  8.284249e+000  6.851866e+000  
1.768066e+001  1.938508e+001  2.459571e+001  3.146010e+001  2.257043e+001  1.504365e+001  1.144841e+001  8.141582e+000  6.645681e+000  
1.803403e+001  1.993450e+001  2.493511e+001  3.245784e+001  2.270919e+001  1.535512e+001  1.132551e+001  7.780493e+000  6.340205e+000  
1.580189e+001  1.723860e+001  2.262272e+001  4.593101e+001  2.144196e+001  1.364397e+001  1.038229e+001  7.357831e+000  6.062163e+000  
1.256411e+001  1.262600e+001  1.196523e+001  -0.000000e+000  1.198385e+001  1.063605e+001  9.067202e+000  6.837757e+000  5.735541e+000  
7.642113e+000  6.959535e+000  4.825825e+000  -0.000000e+000  4.618339e+000  6.478430e+000  6.756438e+000  5.900601e+000  5.169577e+000  
4.309115e+000  3.730124e+000  2.280501e+000  -0.000000e+000  2.221511e+000  4.019510e+000  4.849421e+000  4.931302e+000  4.552785e+000  
2.325024e+000  1.966882e+000  1.145930e+000  -0.000000e+000  1.259226e+000  2.600252e+000  3.444819e+000  4.016535e+000  3.916955e+000  
1.175481e+000  9.831667e-001  5.608554e-001  -0.000000e+000  7.696204e-001  1.716248e+000  2.426544e+000  3.193620e+000  3.286670e+000  
4.741104e-001  3.867921e-001  2.093874e-001  -0.000000e+000  4.345526e-001  1.088900e+000  1.661502e+000  2.470198e+000  2.678164e+000  
-2.374454e-002  -5.788223e-002  -8.887330e-002  -0.000000e+000  5.996123e-002  5.522505e-001  1.053019e+000  1.840806e+000  2.100217e+000  
-4.419319e-001  -5.074552e-001  -5.928178e-001  -0.000000e+000  -7.453269e-001  8.774476e-003  5.602470e-001  1.297001e+000  1.555576e+000  
-6.943909e-001  -8.987135e-001  -1.536555e+000  -2.610108e+000  -1.259269e+000  -3.046516e-001  2.404816e-001  8.527319e-001  1.066501e+000  
-5.436764e-001  -6.524459e-001  -8.943370e-001  -1.119822e+000  -7.108332e-001  -2.487921e-001  8.594348e-002  4.826210e-001  6.222370e-001  
-1.849858e-001  -2.136407e-001  -2.686528e-001  -3.044123e-001  -2.105948e-001  -8.348587e-002  1.870807e-002  1.458821e-001  1.910324e-001  
-0.000000e+000  -0.000000e+000  -0.000000e+000  -0.000000e+000  -0.000000e+000  -0.000000e+000  -0.000000e+000  -0.000000e+000  -0.000000e+000  

2.067963e-002  4.425762e-002  5.758862e-002  -3.339047e+000  -3.265371e+000  -3.092347e+000  -2.636573e+000  -1.177039e+000  -0.000000e+000  
2.434917e-002  5.210081e-002  6.779230e-002  -3.395111e+000  -3.318907e+000  -3.140321e+000  -2.671411e+000  -1.186430e+000  -0.000000e+000  
3.703263e-002  7.920859e-002  1.030612e-001  -3.571976e+000  -3.487412e+000  -3.290567e+000  -2.778981e+000  -1.214694e+000  -0.000000e+000  
6.340932e-002  1.355853e-001  1.764314e-001  -3.882178e+000  -3.781439e+000  -3.549883e+000  -2.958955e+000  -1.259481e+000  -0.000000e+000  
1.131697e-001  2.420055e-001  3.150486e-001  -4.349844e+000  -4.220675e+000  -3.930063e+000  -3.209236e+000  -1.316461e+000  -0.000000e+000  
2.044009e-001  4.375392e-001  5.703473e-001  -5.017101e+000  -4.837473e+000  -4.448018e+000  -3.522990e+000  -1.378765e+000  -0.000000e+000  
3.693853e-001  7.933026e-001  1.037820e+000  -5.958119e+000  -5.682661e+000  -5.124011e+000  -3.883132e+000  -1.436328e+000  -0.000000e+000  
6.626028e-001  1.435479e+000  1.896037e+000  -7.312560e+000  -6.832979e+000  -5.972553e+000  -4.252802e+000  -1.475373e+000  -0.000000e+000  
1.163996e+000  2.575807e+000  3.490738e+000  -9.375513e+000  -8.390663e+000  -6.969587e+000  -4.560672e+000  -1.478564e+000  -0.000000e+000  
1.940018e+000  4.506167e+000  6.550880e+000  -1.287267e+001  -1.041703e+001  -7.952856e+000  -4.683510e+000  -1.426786e+000  -0.000000e+000  
2.821211e+000  7.250180e+000  1.289672e+001  -1.990723e+001  -1.249030e+001  -8.374474e+000  -4.442734e+000  -1.303955e+000  -0.000000e+000  
2.710507e+000  7.942263e+000  2.005394e+001  -2.500388e+001  -1.129666e+001  -6.959737e+000  -3.670495e+000  -1.105837e+000  -0.000000e+000  
2.030716e+000  5.361742e+000  8.249733e+000  -1.053632e+001  -8.513218e+000  -5.831320e+000  -3.274127e+000  -1.018749e+000  -0.000000e+000  
-2.261614e-001  -6.906428e-001  -9.495107e-001  -1.842117e+000  -1.961946e+000  -2.305662e+000  -2.095251e+000  -7.738120e-001  -0.000000e+000  
-2.260799e+000  -7.020431e+000  -1.759263e+001  1.716817e+001  4.772057e+000  8.212327e-001  -1.010126e+000  -5.203181e-001  -0.000000e+000  
-2.012685e+000  -5.539769e+000  -1.074168e+001  1.095330e+001  4.550399e+000  1.524424e+000  -3.512105e-001  -2.916418e-001  -0.000000e+000  
-7.456406e-001  -1.902712e+000  -3.116136e+000  3.198285e+000  1.717259e+000  7.164119e-001  -3.487928e-002  -8.163507e-002  -0.000000e+000  
7.091104e-001  1.818270e+000  2.994307e+000  -2.917604e+000  -1.484167e+000  -5.324647e-001  1.508441e-001  1.200151e-001  -0.000000e+000  
1.974061e+000  5.442564e+000  1.057334e+001  -1.061944e+001  -4.315433e+000  -1.347840e+000  4.622551e-001  3.290363e-001  -0.000000e+000  
2.227916e+000  6.926995e+000  1.737783e+001  -1.683740e+001  -4.566034e+000  -6.676627e-001  1.111402e+000  5.558627e-001  -0.000000e+000  
2.207077e-001  6.836241e-001  9.665601e-001  1.928839e+000  2.078700e+000  2.417165e+000  2.182940e+000  8.067803e-001  -0.000000e+000  
-2.016929e+000  -5.317495e+000  -8.145379e+000  1.054306e+001  8.570816e+000  5.908196e+000  3.349175e+000  1.048861e+000  -0.000000e+000  
-2.693614e+000  -7.888997e+000  -1.986450e+001  2.489071e+001  1.133810e+001  7.027627e+000  3.741673e+000  1.134811e+000  -0.000000e+000  
-2.779595e+000  -7.115352e+000  -1.256390e+001  1.964396e+001  1.248229e+001  8.439432e+000  4.521700e+000  1.334294e+000  -0.000000e+000  
-1.883917e+000  -4.360605e+000  -6.307843e+000  1.270638e+001  1.037578e+001  7.984587e+000  4.751183e+000  1.454214e+000  -0.000000e+000  
-1.122692e+000  -2.478603e+000  -3.349339e+000  9.309433e+000  8.373618e+000  6.993250e+000  4.611333e+000  1.499304e+000  -0.000000e+000  
-6.512997e-001  -1.410043e+000  -1.860616e+000  7.350486e+000  6.874211e+000  6.014176e+000  4.286875e+000  1.486536e+000  -0.000000e+000  
-3.980262e-001  -8.596430e-001  -1.131299e+000  6.133536e+000  5.807431e+000  5.196773e+000  3.898357e+000  1.435563e+000  -0.000000e+000  
-2.831702e-001  -6.287290e-001  -8.597517e-001  5.428904e+000  5.064192e+000  4.541429e+000  3.507846e+000  1.363919e+000  -0.000000e+000  
-2.387761e-001  -5.894524e-001  -9.784254e-001  5.291688e+000  4.507795e+000  3.977879e+000  3.139645e+000  1.285801e+000  -0.000000e+000  
-1.538479e-001  -4.788894e-001  -1.243337e+000  4.227027e+000  3.700230e+000  3.377837e+000  2.804691e+000  1.212818e+000  -0.000000e+000  
8.748937e-002  2.771077e-001  7.984192e-001  2.211007e+000  2.795637e+000  2.852045e+000  2.557434e+000  1.160034e+000  -0.000000e+000  
2.156460e-001  5.633206e-001  1.064930e+000  1.826011e+000  2.357325e+000  2.530495e+000  2.398661e+000  1.126171e+000  -0.000000e+000  
2.493293e-001  6.283039e-001  1.106998e+000  1.737466e+000  2.236625e+000  2.432418e+000  2.347939e+000  1.115304e+000  -0.000000e+000  

0.000000e+000  0.000000e+000  0.000000e+000  0.000000e+000  0.000000e+000  0.000000e+000  0.000000e+000  0.000000e+000  0.000000e+000  
0.000000e+000  0.000000e+000  0.000000e+000  0.000000e+000  0.000000e+000  0.000000e+000  0.000000e+000  0.000000e+000  0.000000e+000  
0.000000e+000  0.000000e+000  0.000000e+000  0.000000e+000  0.000000e+000  0.000000e+000  0.000000e+000  0.000000e+000  0.000000e+000  
0.000000e+000  0.000000e+000  0.000000e+000  0.000000e+000  0.000000e+000  0.000000e+000  0.000000e+000  0.000000e+000  0.000000e+000  
0.000000e+000  0.000000e+000  0.000000e+000  0.000000e+000  0.000000e+000  0.000000e+000  0.000000e+000  0.000000e+000  0.000000e+000  
0.000000e+000  0.000000e+000  0.000000e+000  0.000000e+000  0.000000e+000  0.000000e+000  0.000000e+000  0.000000e+000  0.000000e+000  
0.000000e+000  0.000000e+000  0.000000e+000  0.000000e+000  0.000000e+000  0.000000e+000  0.000000e+000  0.000000e+000  0.000000e+000  
0.000000e+000  0.000000e+000  0.000000e+000  0.000000e+000  0.000000e+000  0.000000e+000  0.000000e+000  0.000000e+000  0.000000e+000  
0.000000e+000  0.000000e+000  0.000000e+000  0.000000e+000  0.000000e+000  0.000000e+000  0.000000e+000  0.000000e+000  0.000000e+000  
0.000000e+000  0.000000e+000  0.000000e+000  0.000000e+000  0.000000e+000  0.000000e+000  0.000000e+000  0.000000e+000  0.000000e+000  
0.000000e+000  0.000000e+000  0.000000e+000  0.000000e+000  0.000000e+000  0.000000e+000  0.000000e+000  0.000000e+000  0.000000e+000  
0.000000e+000  0.000000e+000  0.000000e+000  0.000000e+000  0.000000e+000  0.000000e+000  0.000000e+000  0.000000e+000  0.000000e+000  
0.000000e+000  0.000000e+000  0.000000e+000  0.000000e+000  0.000000e+000  0.000000e+000  0.000000e+000  0.000000e+000  0.000000e+000  
0.000000e+000  0.000000e+000  0.000000e+000  0.000000e+000  0.000000e+000  0.000000e+000  0.000000e+000  0.000000e+000  0.000000e+000  
0.000000e+000  0.000000e+000  0.000000e+000  0.000000e+000  0.000000e+000  0.000000e+000  0.000000e+000  0.000000e+000  0.000000e+000  
0.000000e+000  0.000000e+000  0.000000e+000  0.000000e+000  0.000000e+000  0.000000e+000  0.000000e+000  0.000000e+000  0.000000e+000  
0.000000e+000  0.000000e+000  0.000000e+000  0.000000e+000  0.000000e+000  0.000000e+000  0.000000e+000  0.000000e+000  0.000000e+000  
0.000000e+000  0.000000e+000  0.000000e+000  0.000000e+000  0.000000e+000  0.000000e+000  0.000000e+000  0.000000e+000  0.000000e+000  
0.000000e+000  0.000000e+000  0.000000e+000  0.000000e+000  0.000000e+000  0.000000e+000  0.000000e+000  0.000000e+000  0.000000e+000  
0.000000e+000  0.000000e+000  0.000000e+000  0.000000e+000  0.000000e+000  0.000000e+000  0.000000e+000  0.000000e+000  0.000000e+000  
0.000000e+000  0.000000e+000  0.000000e+000  0.000000e+000  0.000000e+000  0.000000e+000  0.000000e+000  0.000000e+000  0.000000e+000  
0.000000e+000  0.000000e+000  0.000000e+000  0.000000e+000  0.000000e+000  0.000000e+000  0.000000e+000  0.000000e+000  0.000000e+000  
0.000000e+000  0.000000e+000  0.000000e+000  0.000000e+000  0.000000e+000  0.000000e+000  0.000000e+000  0.000000e+000  0.000000e+000  
0.000000e+000  0.000000e+000  0.000000e+000  0.000000e+000  0.000000e+000  0.000000e+000  0.000000e+000  0.000000e+000  0.000000e+000  
0.000000e+000  0.000000e+000  0.000000e+000  0.000000e+000  0.000000e+000  0.000000e+000  0.000000e+000  0.000000e+000  0.000000e+000  
0.000000e+000  0.000000e+000  0.000000e+000  0.000000e+000  0.000000e+000  0.000000e+000  0.000000e+000  0.000000e+000  0.000000e+000  
0.000000e+000  0.000000e+000  0.000000e+000  0.000000e+000  0.000000e+000  0.000000e+000  0.000000e+000  0.000000e+000  0.000000e+000  
0.000000e+000  0.000000e+000  0.000000e+000  0.000000e+000  0.000000e+000  0.000000e+000  0.000000e+000  0.000000e+000  0.000000e+000  
0.000000e+000  0.000000e+000  0.000000e+000  0.000000e+000  0.000000e+000  0.000000e+000  0.000000e+000  0.000000e+000  0.000000e+000  
0.000000e+000  0.000000e+000  0.000000e+000  0.000000e+000  0.000000e+000  0.000000e+000  0.000000e+000  0.000000e+000  0.000000e+000  
0.000000e+000  0.000000e+000  0.000000e+000  0.000000e+000  0.000000e+000  0.000000e+000  0.000000e+000  0.000000e+000  0.000000e+000  
0.000000e+000  0.000000e+000  0.000000e+000  0.000000e+000  0.000000e+000  0.000000e+000  0.000000e+000  0.000000e+000  0.000000e+000  
0.000000e+000  0.000000e+000  0.000000e+000  0.000000e+000  0.000000e+000  0.000000e+000  0.000000e+000  0.000000e+000  0.000000e+000  
0.000000e+000  0.000000e+000  0.000000e+000  0.000000e+000  0.000000e+000  0.000000e+000  0.000000e+000  0.000000e+000  0.000000e+000  

0.000000e+000  0.000000e+000  0.000000e+000  0.000000e+000  0.000000e+000  0.000000e+000  0.000000e+000  0.000000e+000  0.000000e+000  
0.000000e+000  0.000000e+000  0.000000e+000  0.000000e+000  0.000000e+000  0.000000e+000  0.000000e+000  0.000000e+000  0.000000e+000  
0.000000e+000  0.000000e+000  0.000000e+000  0.000000e+000  0.000000e+000  0.000000e+000  0.000000e+000  0.000000e+000  0.000000e+000  
0.000000e+000  0.000000e+000  0.000000e+000  0.000000e+000  0.000000e+000  0.000000e+000  0.000000e+000  0.000000e+000  0.000000e+000  
0.000000e+000  0.000000e+000  0.000000e+000  0.000000e+000  0.000000e+000  0.000000e+000  0.000000e+000  0.000000e+000  0.000000e+000  
0.000000e+000  0.000000e+000  0.000000e+000  0.000000e+000  0.000000e+000  0.000000e+000  0.000000e+000  0.000000e+000  0.000000e+000  
0.000000e+000  0.000000e+000  0.000000e+000  0.000000e+000  0.000000e+000  0.000000e+000  0.000000e+000  0.000000e+000  0.000000e+000  
0.000000e+000  0.000000e+000  0.000000e+000  0.000000e+000  0.000000e+000  0.000000e+000  0.000000e+000  0.000000e+000  0.000000e+000  
0.000000e+000  0.000000e+000  0.000000e+000  0.000000e+000  0.000000e+000  0.000000e+000  0.000000e+000  0.000000e+000  0.000000e+000  
0.000000e+000  0.000000e+000  0.000000e+000  0.000000e+000  0.000000e+000  0.000000e+000  0.000000e+000  0.000000e+000  0.000000e+000  
0.000000e+000  0.000000e+000  0.000000e+000  0.000000e+000  0.000000e+000  0.000000e+000  0.000000e+000  0.000000e+000  0.000000e+000  
0.000000e+000  0.000000e+000  0.000000e+000  0.000000e+000  0.000000e+000  0.000000e+000  0.000000e+000  0.000000e+000  0.000000e+000  
0.000000e+000  0.000000e+000  0.000000e+000  0.000000e+000  0.000000e+000  0.000000e+000  0.000000e+000  0.000000e+000  0.000000e+000  
0.000000e+000  0.000000e+000  0.000000e+000  0.000000e+000  0.000000e+000  0.000000e+000  0.000000e+000  0.000000e+000  0.000000e+000  
0.000000e+000  0.000000e+000  0.000000e+000  0.000000e+000  0.000000e+000  0.000000e+000  0.000000e+000  0.000000e+000  0.000000e+000  
0.000000e+000  0.000000e+000  0.000000e+000  0.000000e+000  0.000000e+000  0.000000e+000  0.000000e+000  0.000000e+000  0.000000e+000  
0.000000e+000  0.000000e+000  0.000000e+000  0.000000e+000  0.000000e+000  0.000000e+000  0.000000e+000  0.000000e+000  0.000000e+000  
0.000000e+000  0.000000e+000  0.000000e+000  0.000000e+000  0.000000e+000  0.000000e+000  0.000000e+000  0.000000e+000  0.000000e+000  
0.000000e+000  0.000000e+000  0.000000e+000  0.000000e+000  0.000000e+000  0.000000e+000  0.000000e+000  0.000000e+000  0.000000e+000  
0.000000e+000  0.000000e+000  0.000000e+000  0.000000e+000  0.000000e+000  0.000000e+000  0.000000e+000  0.000000e+000  0.000000e+000  
0.000000e+000  0.000000e+000  0.000000e+000  0.000000e+000  0.000000e+000  0.000000e+000  0.000000e+000  0.000000e+000  0.000000e+000  
0.000000e+000  0.000000e+000  0.000000e+000  0.000000e+000  0.000000e+000  0.000000e+000  0.000000e+000  0.000000e+000  0.000000e+000  
0.000000e+000  0.000000e+000  0.000000e+000  0.000000e+000  0.000000e+000  0.000000e+000  0.000000e+000  0.000000e+000  0.000000e+000  
0.000000e+000  0.000000e+000  0.000000e+000  0.000000e+000  0.000000e+000  0.000000e+000  0.000000e+000  0.000000e+000  0.000000e+000  
0.000000e+000  0.000000e+000  0.000000e+000  0.000000e+000  0.000000e+000  0.000000e+000  0.000000e+000  0.000000e+000  0.000000e+000  
0.000000e+000  0.000000e+000  0.000000e+000  0.000000e+000  0.000000e+000  0.000000e+000  0.000000e+000  0.000000e+000  0.000000e+000  
0.000000e+000  0.000000e+000  0.000000e+000  0.000000e+000  0.000000e+000  0.000000e+000  0.000000e+000  0.000000e+000  0.000000e+000  
0.000000e+000  0.000000e+000  0.000000e+000  0.000000e+000  0.000000e+000  0.000000e+000  0.000000e+000  0.000000e+000  0.000000e+000  
0.000000e+000  0.000000e+000  0.000000e+000  0.000000e+000  0.000000e+000  0.000000e+000  0.000000e+000  0.000000e+000  0.000000e+000  
0.000000e+000  0.000000e+000  0.000000e+000  0.000000e+000  0.000000e+000  0.000000e+000  0.000000e+000  0.000000e+000  0.000000e+000  
0.000000e+000  0.000000e+000  0.000000e+000  0.000000e+000  0.000000e+000  0.000000e+000  0.000000e+000  0.000000e+000  0.000000e+000  
0.000000e+000  0.000000e+000  0.000000e+000  0.000000e+000  0.000000e+000  0.000000e+000  0.000000e+000  0.000000e+000  0.000000e+000  
0.000000e+000  0.000000e+000  0.000000e+000  0.000000e+000  0.000000e+000  0.000000e+000  0.000000e+000  0.000000e+000  0.000000e+000  
0.000000e+000  0.000000e+000  0.000000e+000  0.000000e+000  0.000000e+000  0.000000e+000  0.000000e+000  0.000000e+000  0.000000e+000  

0.000000e+000  0.000000e+000  0.000000e+000  0.000000e+000  0.000000e+000  0.000000e+000  0.000000e+000  0.000000e+000  0.000000e+000  
0.000000e+000  0.000000e+000  0.000000e+000  0.000000e+000  0.000000e+000  0.000000e+000  0.000000e+000  0.000000e+000  0.000000e+000  
0.000000e+000  0.000000e+000  0.000000e+000  0.000000e+000  0.000000e+000  0.000000e+000  0.000000e+000  0.000000e+000  0.000000e+000  
0.000000e+000  0.000000e+000  0.000000e+000  0.000000e+000  0.000000e+000  0.000000e+000  0.000000e+000  0.000000e+000  0.000000e+000  
0.000000e+000  0.000000e+000  0.000000e+000  0.000000e+000  0.000000e+000  0.000000e+000  0.000000e+000  0.000000e+000  0.000000e+000  
0.000000e+000  0.000000e+000  0.000000e+000  0.000000e+000  0.000000e+000  0.000000e+000  0.000000e+000  0.000000e+000  0.000000e+000  
0.000000e+000  0.000000e+000  0.000000e+000  0.000000e+000  0.000000e+000  0.000000e+000  0.000000e+000  0.000000e+000  0.000000e+000  
0.000000e+000  0.000000e+000  0.000000e+000  0.000000e+000  0.000000e+000  0.000000e+000  0.000000e+000  0.000000e+000  0.000000e+000  
0.000000e+000  0.000000e+000  0.000000e+000  0.000000e+000  0.000000e+000  0.000000e+000  0.000000e+000  0.000000e+000  0.000000e+000  
0.000000e+000  0.000000e+000  0.000000e+000  0.000000e+000  0.000000e+000  0.000000e+000  0.000000e+000  0.000000e+000  0.000000e+000  
0.000000e+000  0.000000e+000  0.000000e+000  0.000000e+000  0.000000e+000  0.000000e+000  0.000000e+000  0.000000e+000  0.000000e+000  
0.000000e+000  0.000000e+000  0.000000e+000  0.000000e+000  0.000000e+000  0.000000e+000  0.000000e+000  0.000000e+000  0.000000e+000  
0.000000e+000  0.000000e+000  0.000000e+000  0.000000e+000  0.000000e+000  0.000000e+000  0.000000e+000  0.000000e+000  0.000000e+000  
0.000000e+000  0.000000e+000  0.000000e+000  0.000000e+000  0.000000e+000  0.000000e+000  0.000000e+000  0.000000e+000  0.000000e+000  
0.000000e+000  0.000000e+000  0.000000e+000  0.000000e+000  0.000000e+000  0.000000e+000  0.000000e+000  0.000000e+000  0.000000e+000  
0.000000e+000  0.000000e+000  0.000000e+000  0.000000e+000  0.000000e+000  0.000000e+000  0.000000e+000  0.000000e+000  0.000000e+000  
0.000000e+000  0.000000e+000  0.000000e+000  0.000000e+000  0.000000e+000  0.000000e+000  0.000000e+000  0.000000e+000  0.000000e+000  
0.000000e+000  0.000000e+000  0.000000e+000  0.000000e+000  0.000000e+000  0.000000e+000  0.000000e+000  0.000000e+000  0.000000e+000  
0.000000e+000  0.000000e+000  0.000000e+000  0.000000e+000  0.000000e+000  0.000000e+000  0.000000e+000  0.000000e+000  0.000000e+000  
0.000000e+000  0.000000e+000  0.000000e+000  0.000000e+000  0.000000e+000  0.000000e+000  0.000000e+000  0.000000e+000  0.000000e+000  
0.000000e+000  0.000000e+000  0.000000e+000  0.000000e+000  0.000000e+000  0.000000e+000  0.000000e+000  0.000000e+000  0.000000e+000  
0.000000e+000  0.000000e+000  0.000000e+000  0.000000e+000  0.000000e+000  0.000000e+000  0.000000e+000  0.000000e+000  0.000000e+000  
0.000000e+000  0.000000e+000  0.000000e+000  0.000000e+000  0.000000e+000  0.000000e+000  0.000000e+000  0.000000e+000  0.000000e+000  
0.000000e+000  0.000000e+000  0.000000e+000  0.000000e+000  0.000000e+000  0.000000e+000  0.000000e+000  0.000000e+000  0.000000e+000  
0.000000e+000  0.000000e+000  0.000000e+000  0.000000e+000  0.000000e+000  0.000000e+000  0.000000e+000  0.000000e+000  0.000000e+000  
0.000000e+000  0.000000e+000  0.000000e+000  0.000000e+000  0.000000e+000  0.000000e+000  0.000000e+000  0.000000e+000  0.000000e+000  
0.000000e+000  0.000000e+000  0.000000e+000  0.000000e+000  0.000000e+000  0.000000e+000  0.000000e+000  0.000000e+000  0.000000e+000  
0.000000e+000  0.000000e+000  0.000000e+000  0.000000e+000  0.000000e+000  0.000000e+000  0.000000e+000  0.000000e+000  0.000000e+000  
0.000000e+000  0.000000e+000  0.000000e+000  0.000000e+000  0.000000e+000  0.000000e+000  0.000000e+000  0.000000e+000  0.000000e+000  
0.000000e+000  0.000000e+000  0.000000e+000  0.000000e+000  0.000000e+000  0.000000e+000  0.000000e+000  0.000000e+000  0.000000e+000  
0.000000e+000  0.000000e+000  0.000000e+000  0.000000e+000  0.000000e+000  0.000000e+000  0.000000e+000  0.000000e+000  0.000000e+000  
0.000000e+000  0.000000e+000  0.000000e+000  0.000000e+000  0.000000e+000  0.000000e+000  0.000000e+000  0.000000e+000  0.000000e+000  
0.000000e+000  0.000000e+000  0.000000e+000  0.000000e+000  0.000000e+000  0.000000e+000  0.000000e+000  0.000000e+000  0.000000e+000  
0.000000e+000  0.000000e+000  0.000000e+000  0.000000e+000  0.000000e+000  0.000000e+000  0.000000e+000  0.000000e+000  0.000000e+000  

3.796619e-004  1.908793e-004  5.998417e-005  -6.863773e-002  -6.712234e-002  -6.356374e-002  -5.419068e-002  -2.418599e-002  -0.000000e+000  
1.264617e-003  4.929960e-004  -2.927056e-005  -2.142881e-001  -2.095014e-001  -1.982770e-001  -1.687781e-001  -7.506288e-002  -0.000000e+000  
2.446921e-003  3.833678e-004  -9.718304e-004  -3.675302e-001  -3.591127e-001  -3.394372e-001  -2.879778e-001  -1.271489e-001  -0.000000e+000  
4.159769e-003  -8.872254e-004  -4.120917e-003  -5.340887e-001  -5.213444e-001  -4.917248e-001  -4.148934e-001  -1.811503e-001  -0.000000e+000  
6.652347e-003  -5.113762e-003  -1.251967e-002  -7.207261e-001  -7.024313e-001  -6.603266e-001  -5.525369e-001  -2.375868e-001  -0.000000e+000  
1.009284e-002  -1.642256e-002  -3.291503e-002  -9.360180e-001  -9.099996e-001  -8.511553e-001  -7.036240e-001  -2.966824e-001  -0.000000e+000  
1.425109e-002  -4.397164e-002  -7.998296e-002  -1.191734e+000  -1.153862e+000  -1.070992e+000  -8.701315e-001  -3.582285e-001  -0.000000e+000  
1.764905e-002  -1.074454e-001  -1.852211e-001  -1.505662e+000  -1.447131e+000  -1.327235e+000  -1.052445e+000  -4.214241e-001  -0.000000e+000  
1.559764e-002  -2.473344e-001  -4.159860e-001  -1.908318e+000  -1.807314e+000  -1.626227e+000  -1.247874e+000  -4.847239e-001  -0.000000e+000  
-3.120712e-003  -5.391929e-001  -9.188249e-001  -2.461550e+000  -2.254521e+000  -1.967277e+000  -1.448417e+000  -5.457631e-001  -0.000000e+000  
-5.535951e-002  -1.082114e+000  -2.034248e+000  -3.318077e+000  -2.790532e+000  -2.325989e+000  -1.638392e+000  -6.014906e-001  -0.000000e+000  
-1.034327e-001  -1.530120e+000  -3.316693e+000  -4.054406e+000  -3.120620e+000  -2.528869e+000  -1.745363e+000  -6.337383e-001  -0.000000e+000  
-1.351356e-001  -1.809345e+000  -3.800977e+000  -4.338304e+000  -3.352523e+000  -2.687964e+000  -1.834844e+000  -6.616168e-001  -0.000000e+000  
-1.263536e-001  -1.759321e+000  -3.774775e+000  -4.391173e+000  -3.423303e+000  -2.775818e+000  -1.916216e+000  -6.918039e-001  -0.000000e+000  
-5.398273e-002  -1.183145e+000  -2.197560e+000  -3.733666e+000  -3.238274e+000  -2.742728e+000  -1.954310e+000  -7.116326e-001  -0.000000e+000  
-6.420703e-004  -7.561175e-001  -1.281875e+000  -3.322118e+000  -3.066373e+000  -2.684485e+000  -1.966960e+000  -7.224511e-001  -0.000000e+000  
1.651056e-002  -6.148175e-001  -1.023112e+000  -3.201513e+000  -3.001250e+000  -2.656975e+000  -1.967854e+000  -7.253752e-001  -0.000000e+000  
-4.468795e-004  -7.517223e-001  -1.274318e+000  -3.310442e+000  -3.056607e+000  -2.676687e+000  -1.961905e+000  -7.207219e-001  -0.000000e+000  
-5.336690e-002  -1.173070e+000  -2.178493e+000  -3.708180e+000  -3.218668e+000  -2.727415e+000  -1.944379e+000  -7.082104e-001  -0.000000e+000  
-1.251290e-001  -1.742914e+000  -3.739275e+000  -4.351853e+000  -3.394855e+000  -2.753745e+000  -1.901670e+000  -6.867224e-001  -0.000000e+000  
-1.338138e-001  -1.791963e+000  -3.764396e+000  -4.295451e+000  -3.318757e+000  -2.660660e+000  -1.816090e+000  -6.549406e-001  -0.000000e+000  
-1.024311e-001  -1.515161e+000  -3.285255e+000  -4.011061e+000  -3.084608e+000  -2.498764e+000  -1.723966e+000  -6.260228e-001  -0.000000e+000  
-5.387178e-002  -1.062129e+000  -1.992536e+000  -3.262696e+000  -2.745972e+000  -2.289089e+000  -1.612131e+000  -5.920517e-001  -0.000000e+000  
-2.338460e-003  -5.190338e-001  -8.831811e-001  -2.392928e+000  -2.194283e+000  -1.916445e+000  -1.412528e+000  -5.331701e-001  -0.000000e+000  
1.473769e-002  -2.340471e-001  -3.931643e-001  -1.830022e+000  -1.734880e+000  -1.563105e+000  -1.202457e+000  -4.689848e-001  -0.000000e+000  
1.509866e-002  -1.014168e-001  -1.737068e-001  -1.416744e+000  -1.363274e+000  -1.252958e+000  -9.983097e-001  -4.028232e-001  -0.000000e+000  
9.760298e-003  -4.405744e-002  -7.721386e-002  -1.089064e+000  -1.057091e+000  -9.854950e-001  -8.083669e-001  -3.372826e-001  -0.000000e+000  
2.843144e-003  -2.189318e-002  -3.714188e-002  -8.135059e-001  -7.969248e-001  -7.535987e-001  -6.356683e-001  -2.741104e-001  -0.000000e+000  
-4.669557e-003  -1.587542e-002  -2.300331e-002  -5.659440e-001  -5.681426e-001  -5.503539e-001  -4.806599e-001  -2.142935e-001  -0.000000e+000  
-1.215229e-002  -1.673946e-002  -2.093624e-002  -3.172849e-001  -3.627082e-001  -3.727167e-001  -3.429260e-001  -1.581943e-001  -0.000000e+000  
-1.624893e-002  -1.805912e-002  -2.428577e-002  -1.172603e-001  -2.040756e-001  -2.322145e-001  -2.275057e-001  -1.081417e-001  -0.000000e+000  
-1.263009e-002  -1.295161e-002  -1.571280e-002  -5.531150e-002  -1.048322e-001  -1.261801e-001  -1.295296e-001  -6.295551e-002  -0.000000e+000  
-4.319011e-003  -4.308188e-003  -4.974487e-003  -1.558667e-002  -3.031745e-002  -3.736853e-002  -3.926610e-002  -1.930562e-002  -0.000000e+000  
-0.000000e+000  -0.000000e+000  -0.000000e+000  -0.000000e+000  -0.000000e+000  -0.000000e+000  -0.000000e+000  -0.000000e+000  -0.000000e+000  

